[2023-02-07T09:14:44.636+0100] {__init__.py:50} DEBUG - Loading core task runner: StandardTaskRunner
[2023-02-07T09:14:44.648+0100] {taskinstance.py:1017} DEBUG - previous_execution_date was called
[2023-02-07T09:14:44.650+0100] {base_task_runner.py:69} DEBUG - Planning to run as the  user
[2023-02-07T09:14:44.652+0100] {taskinstance.py:769} DEBUG - Refreshing TaskInstance <TaskInstance: dagProcessusMetier.top_hashtags scheduled__2023-02-06T00:00:00+00:00 [queued]> from DB
[2023-02-07T09:14:44.660+0100] {taskinstance.py:1093} DEBUG - <TaskInstance: dagProcessusMetier.top_hashtags scheduled__2023-02-06T00:00:00+00:00 [queued]> dependency 'Task Instance Not Running' PASSED: True, Task is not in running state.
[2023-02-07T09:14:44.660+0100] {taskinstance.py:1093} DEBUG - <TaskInstance: dagProcessusMetier.top_hashtags scheduled__2023-02-06T00:00:00+00:00 [queued]> dependency 'Task Instance State' PASSED: True, Task state queued was valid.
[2023-02-07T09:14:44.660+0100] {taskinstance.py:1093} DEBUG - <TaskInstance: dagProcessusMetier.top_hashtags scheduled__2023-02-06T00:00:00+00:00 [queued]> dependency 'Not In Retry Period' PASSED: True, The task instance was not marked for retrying.
[2023-02-07T09:14:44.664+0100] {taskinstance.py:1093} DEBUG - <TaskInstance: dagProcessusMetier.top_hashtags scheduled__2023-02-06T00:00:00+00:00 [queued]> dependency 'Previous Dagrun State' PASSED: True, The task did not have depends_on_past set.
[2023-02-07T09:14:44.664+0100] {taskinstance.py:1093} DEBUG - <TaskInstance: dagProcessusMetier.top_hashtags scheduled__2023-02-06T00:00:00+00:00 [queued]> dependency 'Trigger Rule' PASSED: True, The task instance did not have any upstream tasks.
[2023-02-07T09:14:44.664+0100] {taskinstance.py:1083} INFO - Dependencies all met for <TaskInstance: dagProcessusMetier.top_hashtags scheduled__2023-02-06T00:00:00+00:00 [queued]>
[2023-02-07T09:14:44.668+0100] {taskinstance.py:1093} DEBUG - <TaskInstance: dagProcessusMetier.top_hashtags scheduled__2023-02-06T00:00:00+00:00 [queued]> dependency 'Pool Slots Available' PASSED: True, There are enough open slots in default_pool to execute the task
[2023-02-07T09:14:44.668+0100] {taskinstance.py:1093} DEBUG - <TaskInstance: dagProcessusMetier.top_hashtags scheduled__2023-02-06T00:00:00+00:00 [queued]> dependency 'Task Concurrency' PASSED: True, Task concurrency is not set.
[2023-02-07T09:14:44.668+0100] {taskinstance.py:1093} DEBUG - <TaskInstance: dagProcessusMetier.top_hashtags scheduled__2023-02-06T00:00:00+00:00 [queued]> dependency 'Not In Retry Period' PASSED: True, The task instance was not marked for retrying.
[2023-02-07T09:14:44.669+0100] {taskinstance.py:1093} DEBUG - <TaskInstance: dagProcessusMetier.top_hashtags scheduled__2023-02-06T00:00:00+00:00 [queued]> dependency 'Previous Dagrun State' PASSED: True, The task did not have depends_on_past set.
[2023-02-07T09:14:44.669+0100] {taskinstance.py:1093} DEBUG - <TaskInstance: dagProcessusMetier.top_hashtags scheduled__2023-02-06T00:00:00+00:00 [queued]> dependency 'Trigger Rule' PASSED: True, The task instance did not have any upstream tasks.
[2023-02-07T09:14:44.669+0100] {taskinstance.py:1083} INFO - Dependencies all met for <TaskInstance: dagProcessusMetier.top_hashtags scheduled__2023-02-06T00:00:00+00:00 [queued]>
[2023-02-07T09:14:44.669+0100] {taskinstance.py:1279} INFO - 
--------------------------------------------------------------------------------
[2023-02-07T09:14:44.669+0100] {taskinstance.py:1280} INFO - Starting attempt 1 of 2
[2023-02-07T09:14:44.669+0100] {taskinstance.py:1281} INFO - 
--------------------------------------------------------------------------------
[2023-02-07T09:14:44.689+0100] {taskinstance.py:1300} INFO - Executing <Task(PythonOperator): top_hashtags> on 2023-02-06 00:00:00+00:00
[2023-02-07T09:14:44.691+0100] {standard_task_runner.py:55} INFO - Started process 706 to run task
[2023-02-07T09:14:44.693+0100] {standard_task_runner.py:82} INFO - Running: ['airflow', 'tasks', 'run', 'dagProcessusMetier', 'top_hashtags', 'scheduled__2023-02-06T00:00:00+00:00', '--job-id', '2585', '--raw', '--subdir', 'DAGS_FOLDER/dagProcessusMetier.py', '--cfg-path', '/tmp/tmp_vp_sshe']
[2023-02-07T09:14:44.694+0100] {standard_task_runner.py:83} INFO - Job 2585: Subtask top_hashtags
[2023-02-07T09:14:44.694+0100] {cli_action_loggers.py:65} DEBUG - Calling callbacks: [<function default_action_log at 0x7f9e9034c790>]
[2023-02-07T09:14:44.706+0100] {settings.py:407} DEBUG - Disposing DB connection pool (PID 706)
[2023-02-07T09:14:44.706+0100] {settings.py:266} DEBUG - Setting up DB connection pool (PID 706)
[2023-02-07T09:14:44.706+0100] {settings.py:339} DEBUG - settings.prepare_engine_args(): Using NullPool
[2023-02-07T09:14:44.730+0100] {taskinstance.py:1017} DEBUG - previous_execution_date was called
[2023-02-07T09:14:44.732+0100] {task_command.py:388} INFO - Running <TaskInstance: dagProcessusMetier.top_hashtags scheduled__2023-02-06T00:00:00+00:00 [running]> on host TR.
[2023-02-07T09:14:44.732+0100] {taskinstance.py:769} DEBUG - Refreshing TaskInstance <TaskInstance: dagProcessusMetier.top_hashtags scheduled__2023-02-06T00:00:00+00:00 [running]> from DB
[2023-02-07T09:14:44.752+0100] {taskinstance.py:1017} DEBUG - previous_execution_date was called
[2023-02-07T09:14:44.753+0100] {taskinstance.py:848} DEBUG - Clearing XCom data
[2023-02-07T09:14:44.779+0100] {retries.py:80} DEBUG - Running RenderedTaskInstanceFields._do_delete_old_records with retries. Try 1 of 3
[2023-02-07T09:14:44.783+0100] {taskinstance.py:1507} INFO - Exporting the following env vars:
AIRFLOW_CTX_DAG_OWNER=thomas
AIRFLOW_CTX_DAG_ID=dagProcessusMetier
AIRFLOW_CTX_TASK_ID=top_hashtags
AIRFLOW_CTX_EXECUTION_DATE=2023-02-06T00:00:00+00:00
AIRFLOW_CTX_TRY_NUMBER=1
AIRFLOW_CTX_DAG_RUN_ID=scheduled__2023-02-06T00:00:00+00:00
[2023-02-07T09:14:44.783+0100] {__init__.py:117} DEBUG - Preparing lineage inlets and outlets
[2023-02-07T09:14:44.783+0100] {__init__.py:155} DEBUG - inlets: [], outlets: []
[2023-02-07T09:14:49.736+0100] {taskinstance.py:769} DEBUG - Refreshing TaskInstance <TaskInstance: dagProcessusMetier.top_hashtags scheduled__2023-02-06T00:00:00+00:00 [running]> from DB
[2023-02-07T09:14:49.740+0100] {base_job.py:240} DEBUG - [heartbeat]
[2023-02-07T09:14:54.805+0100] {taskinstance.py:769} DEBUG - Refreshing TaskInstance <TaskInstance: dagProcessusMetier.top_hashtags scheduled__2023-02-06T00:00:00+00:00 [running]> from DB
[2023-02-07T09:14:54.809+0100] {base_job.py:240} DEBUG - [heartbeat]
[2023-02-07T09:14:59.873+0100] {taskinstance.py:769} DEBUG - Refreshing TaskInstance <TaskInstance: dagProcessusMetier.top_hashtags scheduled__2023-02-06T00:00:00+00:00 [running]> from DB
[2023-02-07T09:14:59.876+0100] {base_job.py:240} DEBUG - [heartbeat]
[2023-02-07T09:15:04.926+0100] {taskinstance.py:769} DEBUG - Refreshing TaskInstance <TaskInstance: dagProcessusMetier.top_hashtags scheduled__2023-02-06T00:00:00+00:00 [running]> from DB
[2023-02-07T09:15:04.929+0100] {base_job.py:240} DEBUG - [heartbeat]
[2023-02-07T09:15:09.962+0100] {taskinstance.py:769} DEBUG - Refreshing TaskInstance <TaskInstance: dagProcessusMetier.top_hashtags scheduled__2023-02-06T00:00:00+00:00 [running]> from DB
[2023-02-07T09:15:09.964+0100] {base_job.py:240} DEBUG - [heartbeat]
[2023-02-07T09:15:14.999+0100] {taskinstance.py:769} DEBUG - Refreshing TaskInstance <TaskInstance: dagProcessusMetier.top_hashtags scheduled__2023-02-06T00:00:00+00:00 [running]> from DB
[2023-02-07T09:15:15.002+0100] {base_job.py:240} DEBUG - [heartbeat]
[2023-02-07T09:15:20.031+0100] {taskinstance.py:769} DEBUG - Refreshing TaskInstance <TaskInstance: dagProcessusMetier.top_hashtags scheduled__2023-02-06T00:00:00+00:00 [running]> from DB
[2023-02-07T09:15:20.034+0100] {base_job.py:240} DEBUG - [heartbeat]
[2023-02-07T09:15:25.069+0100] {taskinstance.py:769} DEBUG - Refreshing TaskInstance <TaskInstance: dagProcessusMetier.top_hashtags scheduled__2023-02-06T00:00:00+00:00 [running]> from DB
[2023-02-07T09:15:25.072+0100] {base_job.py:240} DEBUG - [heartbeat]
[2023-02-07T09:15:30.108+0100] {taskinstance.py:769} DEBUG - Refreshing TaskInstance <TaskInstance: dagProcessusMetier.top_hashtags scheduled__2023-02-06T00:00:00+00:00 [running]> from DB
[2023-02-07T09:15:30.112+0100] {base_job.py:240} DEBUG - [heartbeat]
[2023-02-07T09:15:35.148+0100] {taskinstance.py:769} DEBUG - Refreshing TaskInstance <TaskInstance: dagProcessusMetier.top_hashtags scheduled__2023-02-06T00:00:00+00:00 [running]> from DB
[2023-02-07T09:15:35.150+0100] {base_job.py:240} DEBUG - [heartbeat]
[2023-02-07T09:15:40.175+0100] {taskinstance.py:769} DEBUG - Refreshing TaskInstance <TaskInstance: dagProcessusMetier.top_hashtags scheduled__2023-02-06T00:00:00+00:00 [running]> from DB
[2023-02-07T09:15:40.178+0100] {base_job.py:240} DEBUG - [heartbeat]
[2023-02-07T09:15:45.216+0100] {taskinstance.py:769} DEBUG - Refreshing TaskInstance <TaskInstance: dagProcessusMetier.top_hashtags scheduled__2023-02-06T00:00:00+00:00 [running]> from DB
[2023-02-07T09:15:45.219+0100] {base_job.py:240} DEBUG - [heartbeat]
[2023-02-07T09:15:50.253+0100] {taskinstance.py:769} DEBUG - Refreshing TaskInstance <TaskInstance: dagProcessusMetier.top_hashtags scheduled__2023-02-06T00:00:00+00:00 [running]> from DB
[2023-02-07T09:15:50.256+0100] {base_job.py:240} DEBUG - [heartbeat]
[2023-02-07T09:15:55.286+0100] {taskinstance.py:769} DEBUG - Refreshing TaskInstance <TaskInstance: dagProcessusMetier.top_hashtags scheduled__2023-02-06T00:00:00+00:00 [running]> from DB
[2023-02-07T09:15:55.289+0100] {base_job.py:240} DEBUG - [heartbeat]
[2023-02-07T09:16:00.322+0100] {taskinstance.py:769} DEBUG - Refreshing TaskInstance <TaskInstance: dagProcessusMetier.top_hashtags scheduled__2023-02-06T00:00:00+00:00 [running]> from DB
[2023-02-07T09:16:00.327+0100] {base_job.py:240} DEBUG - [heartbeat]
[2023-02-07T09:16:05.359+0100] {taskinstance.py:769} DEBUG - Refreshing TaskInstance <TaskInstance: dagProcessusMetier.top_hashtags scheduled__2023-02-06T00:00:00+00:00 [running]> from DB
[2023-02-07T09:16:05.361+0100] {base_job.py:240} DEBUG - [heartbeat]
[2023-02-07T09:16:10.386+0100] {taskinstance.py:769} DEBUG - Refreshing TaskInstance <TaskInstance: dagProcessusMetier.top_hashtags scheduled__2023-02-06T00:00:00+00:00 [running]> from DB
[2023-02-07T09:16:10.389+0100] {base_job.py:240} DEBUG - [heartbeat]
[2023-02-07T09:16:15.450+0100] {taskinstance.py:769} DEBUG - Refreshing TaskInstance <TaskInstance: dagProcessusMetier.top_hashtags scheduled__2023-02-06T00:00:00+00:00 [running]> from DB
[2023-02-07T09:16:15.454+0100] {base_job.py:240} DEBUG - [heartbeat]
[2023-02-07T09:16:20.493+0100] {taskinstance.py:769} DEBUG - Refreshing TaskInstance <TaskInstance: dagProcessusMetier.top_hashtags scheduled__2023-02-06T00:00:00+00:00 [running]> from DB
[2023-02-07T09:16:20.496+0100] {base_job.py:240} DEBUG - [heartbeat]
[2023-02-07T09:16:25.530+0100] {taskinstance.py:769} DEBUG - Refreshing TaskInstance <TaskInstance: dagProcessusMetier.top_hashtags scheduled__2023-02-06T00:00:00+00:00 [running]> from DB
[2023-02-07T09:16:25.532+0100] {base_job.py:240} DEBUG - [heartbeat]
[2023-02-07T09:16:30.569+0100] {taskinstance.py:769} DEBUG - Refreshing TaskInstance <TaskInstance: dagProcessusMetier.top_hashtags scheduled__2023-02-06T00:00:00+00:00 [running]> from DB
[2023-02-07T09:16:30.572+0100] {base_job.py:240} DEBUG - [heartbeat]
[2023-02-07T09:16:35.609+0100] {taskinstance.py:769} DEBUG - Refreshing TaskInstance <TaskInstance: dagProcessusMetier.top_hashtags scheduled__2023-02-06T00:00:00+00:00 [running]> from DB
[2023-02-07T09:16:35.612+0100] {base_job.py:240} DEBUG - [heartbeat]
[2023-02-07T09:16:40.652+0100] {taskinstance.py:769} DEBUG - Refreshing TaskInstance <TaskInstance: dagProcessusMetier.top_hashtags scheduled__2023-02-06T00:00:00+00:00 [running]> from DB
[2023-02-07T09:16:40.655+0100] {base_job.py:240} DEBUG - [heartbeat]
[2023-02-07T09:16:45.705+0100] {taskinstance.py:769} DEBUG - Refreshing TaskInstance <TaskInstance: dagProcessusMetier.top_hashtags scheduled__2023-02-06T00:00:00+00:00 [running]> from DB
[2023-02-07T09:16:45.709+0100] {base_job.py:240} DEBUG - [heartbeat]
[2023-02-07T09:16:50.746+0100] {taskinstance.py:769} DEBUG - Refreshing TaskInstance <TaskInstance: dagProcessusMetier.top_hashtags scheduled__2023-02-06T00:00:00+00:00 [running]> from DB
[2023-02-07T09:16:50.748+0100] {base_job.py:240} DEBUG - [heartbeat]
[2023-02-07T09:16:55.782+0100] {taskinstance.py:769} DEBUG - Refreshing TaskInstance <TaskInstance: dagProcessusMetier.top_hashtags scheduled__2023-02-06T00:00:00+00:00 [running]> from DB
[2023-02-07T09:16:55.785+0100] {base_job.py:240} DEBUG - [heartbeat]
[2023-02-07T09:16:55.848+0100] {taskinstance.py:1768} ERROR - Task failed with exception
Traceback (most recent call last):
  File "/home/tr/.local/lib/python3.10/site-packages/airflow/operators/python.py", line 175, in execute
    return_value = self.execute_callable()
  File "/home/tr/.local/lib/python3.10/site-packages/airflow/operators/python.py", line 192, in execute_callable
    return self.python_callable(*self.op_args, **self.op_kwargs)
  File "/home/tr/airflow/dags/dagProcessusMetier.py", line 277, in top_hashtags
    conn = psycopg2.connect(
  File "/home/tr/.local/lib/python3.10/site-packages/psycopg2/__init__.py", line 122, in connect
    conn = _connect(dsn, connection_factory=connection_factory, **kwasync)
psycopg2.OperationalError: connection to server at "kandula.db.elephantsql.com" (54.171.46.32), port 5432 failed: Connection timed out
	Is the server running on that host and accepting TCP/IP connections?

[2023-02-07T09:16:55.849+0100] {taskinstance.py:769} DEBUG - Refreshing TaskInstance <TaskInstance: dagProcessusMetier.top_hashtags scheduled__2023-02-06T00:00:00+00:00 [running]> from DB
[2023-02-07T09:16:55.852+0100] {taskinstance.py:2241} DEBUG - Task Duration set to 131.188332
[2023-02-07T09:16:55.853+0100] {taskinstance.py:1329} DEBUG - Clearing next_method and next_kwargs.
[2023-02-07T09:16:55.853+0100] {taskinstance.py:1318} INFO - Marking task as UP_FOR_RETRY. dag_id=dagProcessusMetier, task_id=top_hashtags, execution_date=20230206T000000, start_date=20230207T081444, end_date=20230207T081655
[2023-02-07T09:16:55.868+0100] {cli_action_loggers.py:83} DEBUG - Calling callbacks: []
[2023-02-07T09:16:55.869+0100] {standard_task_runner.py:100} ERROR - Failed to execute job 2585 for task top_hashtags (connection to server at "kandula.db.elephantsql.com" (54.171.46.32), port 5432 failed: Connection timed out
	Is the server running on that host and accepting TCP/IP connections?
; 706)
[2023-02-07T09:16:55.878+0100] {local_task_job.py:208} INFO - Task exited with return code 1
[2023-02-07T09:16:55.888+0100] {dagrun.py:688} DEBUG - number of tis tasks for <DagRun dagProcessusMetier @ 2023-02-06 00:00:00+00:00: scheduled__2023-02-06T00:00:00+00:00, state:running, queued_at: 2023-02-07 08:09:29.422883+00:00. externally triggered: False>: 0 task(s)
[2023-02-07T09:16:55.889+0100] {taskinstance.py:2578} INFO - 0 downstream tasks scheduled from follow-on schedule check
