[2023-02-05T09:17:17.776+0100] {logging_mixin.py:137} INFO - [2023-02-05T09:17:17.776+0100] {settings.py:266} DEBUG - Setting up DB connection pool (PID 69)
[2023-02-05T09:17:17.779+0100] {processor.py:153} INFO - Started process (PID=69) to work on /home/tr/airflow/dags/dagProcessusMetier.py
[2023-02-05T09:17:17.780+0100] {processor.py:743} INFO - Processing file /home/tr/airflow/dags/dagProcessusMetier.py for tasks to queue
[2023-02-05T09:17:17.780+0100] {logging_mixin.py:137} INFO - [2023-02-05T09:17:17.780+0100] {dagbag.py:538} INFO - Filling up the DagBag from /home/tr/airflow/dags/dagProcessusMetier.py
[2023-02-05T09:17:17.781+0100] {logging_mixin.py:137} INFO - [2023-02-05T09:17:17.780+0100] {dagbag.py:323} DEBUG - Importing /home/tr/airflow/dags/dagProcessusMetier.py
[2023-02-05T09:17:17.798+0100] {logging_mixin.py:137} INFO - [2023-02-05T09:17:17.798+0100] {dagbag.py:503} DEBUG - Loaded DAG <DAG: dagProcessusMetier>
[2023-02-05T09:17:17.799+0100] {processor.py:753} INFO - DAG(s) dict_keys(['dagProcessusMetier']) retrieved from /home/tr/airflow/dags/dagProcessusMetier.py
[2023-02-05T09:17:17.800+0100] {logging_mixin.py:137} INFO - [2023-02-05T09:17:17.799+0100] {dagbag.py:648} DEBUG - Running dagbag.sync_to_db with retries. Try 1 of 3
[2023-02-05T09:17:17.800+0100] {logging_mixin.py:137} INFO - [2023-02-05T09:17:17.800+0100] {dagbag.py:653} DEBUG - Calling the DAG.bulk_sync_to_db method
[2023-02-05T09:17:17.806+0100] {logging_mixin.py:137} INFO - [2023-02-05T09:17:17.806+0100] {serialized_dag.py:156} DEBUG - Checking if DAG (dagProcessusMetier) changed
[2023-02-05T09:17:17.819+0100] {logging_mixin.py:137} INFO - [2023-02-05T09:17:17.819+0100] {serialized_dag.py:167} DEBUG - Serialized DAG (dagProcessusMetier) is unchanged. Skipping writing to DB
[2023-02-05T09:17:17.819+0100] {logging_mixin.py:137} INFO - [2023-02-05T09:17:17.819+0100] {dag.py:2690} INFO - Sync 1 DAGs
[2023-02-05T09:17:17.837+0100] {logging_mixin.py:137} INFO - [2023-02-05T09:17:17.837+0100] {dag.py:3437} INFO - Setting next_dagrun for dagProcessusMetier to 2023-02-04T00:00:00+00:00, run_after=2023-02-05T00:00:00+00:00
[2023-02-05T09:17:17.860+0100] {processor.py:175} INFO - Processing /home/tr/airflow/dags/dagProcessusMetier.py took 0.084 seconds
[2023-02-05T09:17:48.024+0100] {logging_mixin.py:137} INFO - [2023-02-05T09:17:48.023+0100] {settings.py:266} DEBUG - Setting up DB connection pool (PID 70)
[2023-02-05T09:17:48.029+0100] {processor.py:153} INFO - Started process (PID=70) to work on /home/tr/airflow/dags/dagProcessusMetier.py
[2023-02-05T09:17:48.030+0100] {processor.py:743} INFO - Processing file /home/tr/airflow/dags/dagProcessusMetier.py for tasks to queue
[2023-02-05T09:17:48.030+0100] {logging_mixin.py:137} INFO - [2023-02-05T09:17:48.030+0100] {dagbag.py:538} INFO - Filling up the DagBag from /home/tr/airflow/dags/dagProcessusMetier.py
[2023-02-05T09:17:48.031+0100] {logging_mixin.py:137} INFO - [2023-02-05T09:17:48.031+0100] {dagbag.py:323} DEBUG - Importing /home/tr/airflow/dags/dagProcessusMetier.py
[2023-02-05T09:17:48.045+0100] {logging_mixin.py:137} INFO - [2023-02-05T09:17:48.045+0100] {dagbag.py:503} DEBUG - Loaded DAG <DAG: dagProcessusMetier>
[2023-02-05T09:17:48.045+0100] {processor.py:753} INFO - DAG(s) dict_keys(['dagProcessusMetier']) retrieved from /home/tr/airflow/dags/dagProcessusMetier.py
[2023-02-05T09:17:48.046+0100] {logging_mixin.py:137} INFO - [2023-02-05T09:17:48.046+0100] {dagbag.py:648} DEBUG - Running dagbag.sync_to_db with retries. Try 1 of 3
[2023-02-05T09:17:48.047+0100] {logging_mixin.py:137} INFO - [2023-02-05T09:17:48.047+0100] {dagbag.py:653} DEBUG - Calling the DAG.bulk_sync_to_db method
[2023-02-05T09:17:48.055+0100] {logging_mixin.py:137} INFO - [2023-02-05T09:17:48.055+0100] {serialized_dag.py:156} DEBUG - Checking if DAG (dagProcessusMetier) changed
[2023-02-05T09:17:48.065+0100] {logging_mixin.py:137} INFO - [2023-02-05T09:17:48.065+0100] {serialized_dag.py:167} DEBUG - Serialized DAG (dagProcessusMetier) is unchanged. Skipping writing to DB
[2023-02-05T09:17:48.066+0100] {logging_mixin.py:137} INFO - [2023-02-05T09:17:48.066+0100] {dag.py:2690} INFO - Sync 1 DAGs
[2023-02-05T09:17:48.084+0100] {logging_mixin.py:137} INFO - [2023-02-05T09:17:48.083+0100] {dag.py:3437} INFO - Setting next_dagrun for dagProcessusMetier to 2023-02-04T00:00:00+00:00, run_after=2023-02-05T00:00:00+00:00
[2023-02-05T09:17:48.110+0100] {processor.py:175} INFO - Processing /home/tr/airflow/dags/dagProcessusMetier.py took 0.087 seconds
[2023-02-05T09:18:18.521+0100] {logging_mixin.py:137} INFO - [2023-02-05T09:18:18.521+0100] {settings.py:266} DEBUG - Setting up DB connection pool (PID 71)
[2023-02-05T09:18:18.534+0100] {processor.py:153} INFO - Started process (PID=71) to work on /home/tr/airflow/dags/dagProcessusMetier.py
[2023-02-05T09:18:18.534+0100] {processor.py:743} INFO - Processing file /home/tr/airflow/dags/dagProcessusMetier.py for tasks to queue
[2023-02-05T09:18:18.535+0100] {logging_mixin.py:137} INFO - [2023-02-05T09:18:18.535+0100] {dagbag.py:538} INFO - Filling up the DagBag from /home/tr/airflow/dags/dagProcessusMetier.py
[2023-02-05T09:18:18.535+0100] {logging_mixin.py:137} INFO - [2023-02-05T09:18:18.535+0100] {dagbag.py:323} DEBUG - Importing /home/tr/airflow/dags/dagProcessusMetier.py
[2023-02-05T09:18:18.553+0100] {logging_mixin.py:137} INFO - [2023-02-05T09:18:18.553+0100] {dagbag.py:503} DEBUG - Loaded DAG <DAG: dagProcessusMetier>
[2023-02-05T09:18:18.554+0100] {processor.py:753} INFO - DAG(s) dict_keys(['dagProcessusMetier']) retrieved from /home/tr/airflow/dags/dagProcessusMetier.py
[2023-02-05T09:18:18.555+0100] {logging_mixin.py:137} INFO - [2023-02-05T09:18:18.555+0100] {dagbag.py:648} DEBUG - Running dagbag.sync_to_db with retries. Try 1 of 3
[2023-02-05T09:18:18.555+0100] {logging_mixin.py:137} INFO - [2023-02-05T09:18:18.555+0100] {dagbag.py:653} DEBUG - Calling the DAG.bulk_sync_to_db method
[2023-02-05T09:18:18.566+0100] {logging_mixin.py:137} INFO - [2023-02-05T09:18:18.566+0100] {serialized_dag.py:156} DEBUG - Checking if DAG (dagProcessusMetier) changed
[2023-02-05T09:18:18.579+0100] {logging_mixin.py:137} INFO - [2023-02-05T09:18:18.579+0100] {serialized_dag.py:167} DEBUG - Serialized DAG (dagProcessusMetier) is unchanged. Skipping writing to DB
[2023-02-05T09:18:18.579+0100] {logging_mixin.py:137} INFO - [2023-02-05T09:18:18.579+0100] {dag.py:2690} INFO - Sync 1 DAGs
[2023-02-05T09:18:18.604+0100] {logging_mixin.py:137} INFO - [2023-02-05T09:18:18.604+0100] {dag.py:3437} INFO - Setting next_dagrun for dagProcessusMetier to 2023-02-04T00:00:00+00:00, run_after=2023-02-05T00:00:00+00:00
[2023-02-05T09:18:18.633+0100] {processor.py:175} INFO - Processing /home/tr/airflow/dags/dagProcessusMetier.py took 0.113 seconds
[2023-02-05T09:18:49.104+0100] {logging_mixin.py:137} INFO - [2023-02-05T09:18:49.104+0100] {settings.py:266} DEBUG - Setting up DB connection pool (PID 72)
[2023-02-05T09:18:49.106+0100] {processor.py:153} INFO - Started process (PID=72) to work on /home/tr/airflow/dags/dagProcessusMetier.py
[2023-02-05T09:18:49.107+0100] {processor.py:743} INFO - Processing file /home/tr/airflow/dags/dagProcessusMetier.py for tasks to queue
[2023-02-05T09:18:49.107+0100] {logging_mixin.py:137} INFO - [2023-02-05T09:18:49.107+0100] {dagbag.py:538} INFO - Filling up the DagBag from /home/tr/airflow/dags/dagProcessusMetier.py
[2023-02-05T09:18:49.108+0100] {logging_mixin.py:137} INFO - [2023-02-05T09:18:49.107+0100] {dagbag.py:323} DEBUG - Importing /home/tr/airflow/dags/dagProcessusMetier.py
[2023-02-05T09:18:49.120+0100] {logging_mixin.py:137} INFO - [2023-02-05T09:18:49.119+0100] {dagbag.py:503} DEBUG - Loaded DAG <DAG: dagProcessusMetier>
[2023-02-05T09:18:49.120+0100] {processor.py:753} INFO - DAG(s) dict_keys(['dagProcessusMetier']) retrieved from /home/tr/airflow/dags/dagProcessusMetier.py
[2023-02-05T09:18:49.121+0100] {logging_mixin.py:137} INFO - [2023-02-05T09:18:49.121+0100] {dagbag.py:648} DEBUG - Running dagbag.sync_to_db with retries. Try 1 of 3
[2023-02-05T09:18:49.121+0100] {logging_mixin.py:137} INFO - [2023-02-05T09:18:49.121+0100] {dagbag.py:653} DEBUG - Calling the DAG.bulk_sync_to_db method
[2023-02-05T09:18:49.128+0100] {logging_mixin.py:137} INFO - [2023-02-05T09:18:49.127+0100] {serialized_dag.py:156} DEBUG - Checking if DAG (dagProcessusMetier) changed
[2023-02-05T09:18:49.138+0100] {logging_mixin.py:137} INFO - [2023-02-05T09:18:49.138+0100] {serialized_dag.py:167} DEBUG - Serialized DAG (dagProcessusMetier) is unchanged. Skipping writing to DB
[2023-02-05T09:18:49.138+0100] {logging_mixin.py:137} INFO - [2023-02-05T09:18:49.138+0100] {dag.py:2690} INFO - Sync 1 DAGs
[2023-02-05T09:18:49.155+0100] {logging_mixin.py:137} INFO - [2023-02-05T09:18:49.155+0100] {dag.py:3437} INFO - Setting next_dagrun for dagProcessusMetier to 2023-02-04T00:00:00+00:00, run_after=2023-02-05T00:00:00+00:00
[2023-02-05T09:18:49.176+0100] {processor.py:175} INFO - Processing /home/tr/airflow/dags/dagProcessusMetier.py took 0.072 seconds
[2023-02-05T09:19:19.237+0100] {logging_mixin.py:137} INFO - [2023-02-05T09:19:19.236+0100] {settings.py:266} DEBUG - Setting up DB connection pool (PID 73)
[2023-02-05T09:19:19.249+0100] {processor.py:153} INFO - Started process (PID=73) to work on /home/tr/airflow/dags/dagProcessusMetier.py
[2023-02-05T09:19:19.250+0100] {processor.py:743} INFO - Processing file /home/tr/airflow/dags/dagProcessusMetier.py for tasks to queue
[2023-02-05T09:19:19.251+0100] {logging_mixin.py:137} INFO - [2023-02-05T09:19:19.250+0100] {dagbag.py:538} INFO - Filling up the DagBag from /home/tr/airflow/dags/dagProcessusMetier.py
[2023-02-05T09:19:19.251+0100] {logging_mixin.py:137} INFO - [2023-02-05T09:19:19.251+0100] {dagbag.py:323} DEBUG - Importing /home/tr/airflow/dags/dagProcessusMetier.py
[2023-02-05T09:19:19.266+0100] {logging_mixin.py:137} INFO - [2023-02-05T09:19:19.265+0100] {dagbag.py:503} DEBUG - Loaded DAG <DAG: dagProcessusMetier>
[2023-02-05T09:19:19.267+0100] {processor.py:753} INFO - DAG(s) dict_keys(['dagProcessusMetier']) retrieved from /home/tr/airflow/dags/dagProcessusMetier.py
[2023-02-05T09:19:19.267+0100] {logging_mixin.py:137} INFO - [2023-02-05T09:19:19.267+0100] {dagbag.py:648} DEBUG - Running dagbag.sync_to_db with retries. Try 1 of 3
[2023-02-05T09:19:19.268+0100] {logging_mixin.py:137} INFO - [2023-02-05T09:19:19.268+0100] {dagbag.py:653} DEBUG - Calling the DAG.bulk_sync_to_db method
[2023-02-05T09:19:19.277+0100] {logging_mixin.py:137} INFO - [2023-02-05T09:19:19.277+0100] {serialized_dag.py:156} DEBUG - Checking if DAG (dagProcessusMetier) changed
[2023-02-05T09:19:19.292+0100] {logging_mixin.py:137} INFO - [2023-02-05T09:19:19.292+0100] {serialized_dag.py:167} DEBUG - Serialized DAG (dagProcessusMetier) is unchanged. Skipping writing to DB
[2023-02-05T09:19:19.293+0100] {logging_mixin.py:137} INFO - [2023-02-05T09:19:19.292+0100] {dag.py:2690} INFO - Sync 1 DAGs
[2023-02-05T09:19:19.324+0100] {logging_mixin.py:137} INFO - [2023-02-05T09:19:19.324+0100] {dag.py:3437} INFO - Setting next_dagrun for dagProcessusMetier to 2023-02-04T00:00:00+00:00, run_after=2023-02-05T00:00:00+00:00
[2023-02-05T09:19:19.361+0100] {processor.py:175} INFO - Processing /home/tr/airflow/dags/dagProcessusMetier.py took 0.125 seconds
[2023-02-05T09:19:49.952+0100] {logging_mixin.py:137} INFO - [2023-02-05T09:19:49.951+0100] {settings.py:266} DEBUG - Setting up DB connection pool (PID 74)
[2023-02-05T09:19:49.955+0100] {processor.py:153} INFO - Started process (PID=74) to work on /home/tr/airflow/dags/dagProcessusMetier.py
[2023-02-05T09:19:49.955+0100] {processor.py:743} INFO - Processing file /home/tr/airflow/dags/dagProcessusMetier.py for tasks to queue
[2023-02-05T09:19:49.956+0100] {logging_mixin.py:137} INFO - [2023-02-05T09:19:49.956+0100] {dagbag.py:538} INFO - Filling up the DagBag from /home/tr/airflow/dags/dagProcessusMetier.py
[2023-02-05T09:19:49.956+0100] {logging_mixin.py:137} INFO - [2023-02-05T09:19:49.956+0100] {dagbag.py:323} DEBUG - Importing /home/tr/airflow/dags/dagProcessusMetier.py
[2023-02-05T09:19:49.971+0100] {logging_mixin.py:137} INFO - [2023-02-05T09:19:49.970+0100] {dagbag.py:503} DEBUG - Loaded DAG <DAG: dagProcessusMetier>
[2023-02-05T09:19:49.971+0100] {processor.py:753} INFO - DAG(s) dict_keys(['dagProcessusMetier']) retrieved from /home/tr/airflow/dags/dagProcessusMetier.py
[2023-02-05T09:19:49.972+0100] {logging_mixin.py:137} INFO - [2023-02-05T09:19:49.971+0100] {dagbag.py:648} DEBUG - Running dagbag.sync_to_db with retries. Try 1 of 3
[2023-02-05T09:19:49.972+0100] {logging_mixin.py:137} INFO - [2023-02-05T09:19:49.972+0100] {dagbag.py:653} DEBUG - Calling the DAG.bulk_sync_to_db method
[2023-02-05T09:19:49.982+0100] {logging_mixin.py:137} INFO - [2023-02-05T09:19:49.982+0100] {serialized_dag.py:156} DEBUG - Checking if DAG (dagProcessusMetier) changed
[2023-02-05T09:19:49.995+0100] {logging_mixin.py:137} INFO - [2023-02-05T09:19:49.995+0100] {serialized_dag.py:167} DEBUG - Serialized DAG (dagProcessusMetier) is unchanged. Skipping writing to DB
[2023-02-05T09:19:49.995+0100] {logging_mixin.py:137} INFO - [2023-02-05T09:19:49.995+0100] {dag.py:2690} INFO - Sync 1 DAGs
[2023-02-05T09:19:50.020+0100] {logging_mixin.py:137} INFO - [2023-02-05T09:19:50.019+0100] {dag.py:3437} INFO - Setting next_dagrun for dagProcessusMetier to 2023-02-04T00:00:00+00:00, run_after=2023-02-05T00:00:00+00:00
[2023-02-05T09:19:50.053+0100] {processor.py:175} INFO - Processing /home/tr/airflow/dags/dagProcessusMetier.py took 0.101 seconds
[2023-02-05T09:20:20.525+0100] {logging_mixin.py:137} INFO - [2023-02-05T09:20:20.524+0100] {settings.py:266} DEBUG - Setting up DB connection pool (PID 76)
[2023-02-05T09:20:20.529+0100] {processor.py:153} INFO - Started process (PID=76) to work on /home/tr/airflow/dags/dagProcessusMetier.py
[2023-02-05T09:20:20.530+0100] {processor.py:743} INFO - Processing file /home/tr/airflow/dags/dagProcessusMetier.py for tasks to queue
[2023-02-05T09:20:20.531+0100] {logging_mixin.py:137} INFO - [2023-02-05T09:20:20.530+0100] {dagbag.py:538} INFO - Filling up the DagBag from /home/tr/airflow/dags/dagProcessusMetier.py
[2023-02-05T09:20:20.531+0100] {logging_mixin.py:137} INFO - [2023-02-05T09:20:20.531+0100] {dagbag.py:323} DEBUG - Importing /home/tr/airflow/dags/dagProcessusMetier.py
[2023-02-05T09:20:20.549+0100] {logging_mixin.py:137} INFO - [2023-02-05T09:20:20.548+0100] {dagbag.py:503} DEBUG - Loaded DAG <DAG: dagProcessusMetier>
[2023-02-05T09:20:20.549+0100] {processor.py:753} INFO - DAG(s) dict_keys(['dagProcessusMetier']) retrieved from /home/tr/airflow/dags/dagProcessusMetier.py
[2023-02-05T09:20:20.550+0100] {logging_mixin.py:137} INFO - [2023-02-05T09:20:20.550+0100] {dagbag.py:648} DEBUG - Running dagbag.sync_to_db with retries. Try 1 of 3
[2023-02-05T09:20:20.550+0100] {logging_mixin.py:137} INFO - [2023-02-05T09:20:20.550+0100] {dagbag.py:653} DEBUG - Calling the DAG.bulk_sync_to_db method
[2023-02-05T09:20:20.559+0100] {logging_mixin.py:137} INFO - [2023-02-05T09:20:20.559+0100] {serialized_dag.py:156} DEBUG - Checking if DAG (dagProcessusMetier) changed
[2023-02-05T09:20:20.573+0100] {logging_mixin.py:137} INFO - [2023-02-05T09:20:20.573+0100] {serialized_dag.py:167} DEBUG - Serialized DAG (dagProcessusMetier) is unchanged. Skipping writing to DB
[2023-02-05T09:20:20.573+0100] {logging_mixin.py:137} INFO - [2023-02-05T09:20:20.573+0100] {dag.py:2690} INFO - Sync 1 DAGs
[2023-02-05T09:20:20.597+0100] {logging_mixin.py:137} INFO - [2023-02-05T09:20:20.597+0100] {dag.py:3437} INFO - Setting next_dagrun for dagProcessusMetier to 2023-02-04T00:00:00+00:00, run_after=2023-02-05T00:00:00+00:00
[2023-02-05T09:20:20.628+0100] {processor.py:175} INFO - Processing /home/tr/airflow/dags/dagProcessusMetier.py took 0.104 seconds
[2023-02-05T09:20:51.089+0100] {logging_mixin.py:137} INFO - [2023-02-05T09:20:51.088+0100] {settings.py:266} DEBUG - Setting up DB connection pool (PID 83)
[2023-02-05T09:20:51.092+0100] {processor.py:153} INFO - Started process (PID=83) to work on /home/tr/airflow/dags/dagProcessusMetier.py
[2023-02-05T09:20:51.092+0100] {processor.py:743} INFO - Processing file /home/tr/airflow/dags/dagProcessusMetier.py for tasks to queue
[2023-02-05T09:20:51.092+0100] {logging_mixin.py:137} INFO - [2023-02-05T09:20:51.092+0100] {dagbag.py:538} INFO - Filling up the DagBag from /home/tr/airflow/dags/dagProcessusMetier.py
[2023-02-05T09:20:51.093+0100] {logging_mixin.py:137} INFO - [2023-02-05T09:20:51.093+0100] {dagbag.py:323} DEBUG - Importing /home/tr/airflow/dags/dagProcessusMetier.py
[2023-02-05T09:20:51.106+0100] {logging_mixin.py:137} INFO - [2023-02-05T09:20:51.106+0100] {dagbag.py:503} DEBUG - Loaded DAG <DAG: dagProcessusMetier>
[2023-02-05T09:20:51.106+0100] {processor.py:753} INFO - DAG(s) dict_keys(['dagProcessusMetier']) retrieved from /home/tr/airflow/dags/dagProcessusMetier.py
[2023-02-05T09:20:51.107+0100] {logging_mixin.py:137} INFO - [2023-02-05T09:20:51.107+0100] {dagbag.py:648} DEBUG - Running dagbag.sync_to_db with retries. Try 1 of 3
[2023-02-05T09:20:51.107+0100] {logging_mixin.py:137} INFO - [2023-02-05T09:20:51.107+0100] {dagbag.py:653} DEBUG - Calling the DAG.bulk_sync_to_db method
[2023-02-05T09:20:51.114+0100] {logging_mixin.py:137} INFO - [2023-02-05T09:20:51.114+0100] {serialized_dag.py:156} DEBUG - Checking if DAG (dagProcessusMetier) changed
[2023-02-05T09:20:51.126+0100] {logging_mixin.py:137} INFO - [2023-02-05T09:20:51.125+0100] {serialized_dag.py:167} DEBUG - Serialized DAG (dagProcessusMetier) is unchanged. Skipping writing to DB
[2023-02-05T09:20:51.126+0100] {logging_mixin.py:137} INFO - [2023-02-05T09:20:51.126+0100] {dag.py:2690} INFO - Sync 1 DAGs
[2023-02-05T09:20:51.146+0100] {logging_mixin.py:137} INFO - [2023-02-05T09:20:51.146+0100] {dag.py:3437} INFO - Setting next_dagrun for dagProcessusMetier to 2023-02-04T00:00:00+00:00, run_after=2023-02-05T00:00:00+00:00
[2023-02-05T09:20:51.168+0100] {processor.py:175} INFO - Processing /home/tr/airflow/dags/dagProcessusMetier.py took 0.080 seconds
[2023-02-05T09:21:21.552+0100] {logging_mixin.py:137} INFO - [2023-02-05T09:21:21.551+0100] {settings.py:266} DEBUG - Setting up DB connection pool (PID 87)
[2023-02-05T09:21:21.556+0100] {processor.py:153} INFO - Started process (PID=87) to work on /home/tr/airflow/dags/dagProcessusMetier.py
[2023-02-05T09:21:21.557+0100] {processor.py:743} INFO - Processing file /home/tr/airflow/dags/dagProcessusMetier.py for tasks to queue
[2023-02-05T09:21:21.558+0100] {logging_mixin.py:137} INFO - [2023-02-05T09:21:21.558+0100] {dagbag.py:538} INFO - Filling up the DagBag from /home/tr/airflow/dags/dagProcessusMetier.py
[2023-02-05T09:21:21.559+0100] {logging_mixin.py:137} INFO - [2023-02-05T09:21:21.559+0100] {dagbag.py:323} DEBUG - Importing /home/tr/airflow/dags/dagProcessusMetier.py
[2023-02-05T09:21:21.576+0100] {logging_mixin.py:137} INFO - [2023-02-05T09:21:21.576+0100] {dagbag.py:503} DEBUG - Loaded DAG <DAG: dagProcessusMetier>
[2023-02-05T09:21:21.577+0100] {processor.py:753} INFO - DAG(s) dict_keys(['dagProcessusMetier']) retrieved from /home/tr/airflow/dags/dagProcessusMetier.py
[2023-02-05T09:21:21.578+0100] {logging_mixin.py:137} INFO - [2023-02-05T09:21:21.578+0100] {dagbag.py:648} DEBUG - Running dagbag.sync_to_db with retries. Try 1 of 3
[2023-02-05T09:21:21.578+0100] {logging_mixin.py:137} INFO - [2023-02-05T09:21:21.578+0100] {dagbag.py:653} DEBUG - Calling the DAG.bulk_sync_to_db method
[2023-02-05T09:21:21.586+0100] {logging_mixin.py:137} INFO - [2023-02-05T09:21:21.586+0100] {serialized_dag.py:156} DEBUG - Checking if DAG (dagProcessusMetier) changed
[2023-02-05T09:21:21.599+0100] {logging_mixin.py:137} INFO - [2023-02-05T09:21:21.599+0100] {serialized_dag.py:167} DEBUG - Serialized DAG (dagProcessusMetier) is unchanged. Skipping writing to DB
[2023-02-05T09:21:21.599+0100] {logging_mixin.py:137} INFO - [2023-02-05T09:21:21.599+0100] {dag.py:2690} INFO - Sync 1 DAGs
[2023-02-05T09:21:21.621+0100] {logging_mixin.py:137} INFO - [2023-02-05T09:21:21.621+0100] {dag.py:3437} INFO - Setting next_dagrun for dagProcessusMetier to 2023-02-04T00:00:00+00:00, run_after=2023-02-05T00:00:00+00:00
[2023-02-05T09:21:21.652+0100] {processor.py:175} INFO - Processing /home/tr/airflow/dags/dagProcessusMetier.py took 0.101 seconds
[2023-02-05T09:21:51.937+0100] {logging_mixin.py:137} INFO - [2023-02-05T09:21:51.937+0100] {settings.py:266} DEBUG - Setting up DB connection pool (PID 91)
[2023-02-05T09:21:51.941+0100] {processor.py:153} INFO - Started process (PID=91) to work on /home/tr/airflow/dags/dagProcessusMetier.py
[2023-02-05T09:21:51.941+0100] {processor.py:743} INFO - Processing file /home/tr/airflow/dags/dagProcessusMetier.py for tasks to queue
[2023-02-05T09:21:51.941+0100] {logging_mixin.py:137} INFO - [2023-02-05T09:21:51.941+0100] {dagbag.py:538} INFO - Filling up the DagBag from /home/tr/airflow/dags/dagProcessusMetier.py
[2023-02-05T09:21:51.942+0100] {logging_mixin.py:137} INFO - [2023-02-05T09:21:51.942+0100] {dagbag.py:323} DEBUG - Importing /home/tr/airflow/dags/dagProcessusMetier.py
[2023-02-05T09:21:51.956+0100] {logging_mixin.py:137} INFO - [2023-02-05T09:21:51.955+0100] {dagbag.py:503} DEBUG - Loaded DAG <DAG: dagProcessusMetier>
[2023-02-05T09:21:51.956+0100] {processor.py:753} INFO - DAG(s) dict_keys(['dagProcessusMetier']) retrieved from /home/tr/airflow/dags/dagProcessusMetier.py
[2023-02-05T09:21:51.957+0100] {logging_mixin.py:137} INFO - [2023-02-05T09:21:51.957+0100] {dagbag.py:648} DEBUG - Running dagbag.sync_to_db with retries. Try 1 of 3
[2023-02-05T09:21:51.957+0100] {logging_mixin.py:137} INFO - [2023-02-05T09:21:51.957+0100] {dagbag.py:653} DEBUG - Calling the DAG.bulk_sync_to_db method
[2023-02-05T09:21:51.964+0100] {logging_mixin.py:137} INFO - [2023-02-05T09:21:51.964+0100] {serialized_dag.py:156} DEBUG - Checking if DAG (dagProcessusMetier) changed
[2023-02-05T09:21:51.976+0100] {logging_mixin.py:137} INFO - [2023-02-05T09:21:51.976+0100] {serialized_dag.py:167} DEBUG - Serialized DAG (dagProcessusMetier) is unchanged. Skipping writing to DB
[2023-02-05T09:21:51.976+0100] {logging_mixin.py:137} INFO - [2023-02-05T09:21:51.976+0100] {dag.py:2690} INFO - Sync 1 DAGs
[2023-02-05T09:21:51.998+0100] {logging_mixin.py:137} INFO - [2023-02-05T09:21:51.997+0100] {dag.py:3437} INFO - Setting next_dagrun for dagProcessusMetier to 2023-02-04T00:00:00+00:00, run_after=2023-02-05T00:00:00+00:00
[2023-02-05T09:21:52.023+0100] {processor.py:175} INFO - Processing /home/tr/airflow/dags/dagProcessusMetier.py took 0.086 seconds
[2023-02-05T09:22:22.440+0100] {logging_mixin.py:137} INFO - [2023-02-05T09:22:22.440+0100] {settings.py:266} DEBUG - Setting up DB connection pool (PID 111)
[2023-02-05T09:22:22.447+0100] {processor.py:153} INFO - Started process (PID=111) to work on /home/tr/airflow/dags/dagProcessusMetier.py
[2023-02-05T09:22:22.447+0100] {processor.py:743} INFO - Processing file /home/tr/airflow/dags/dagProcessusMetier.py for tasks to queue
[2023-02-05T09:22:22.448+0100] {logging_mixin.py:137} INFO - [2023-02-05T09:22:22.448+0100] {dagbag.py:538} INFO - Filling up the DagBag from /home/tr/airflow/dags/dagProcessusMetier.py
[2023-02-05T09:22:22.448+0100] {logging_mixin.py:137} INFO - [2023-02-05T09:22:22.448+0100] {dagbag.py:323} DEBUG - Importing /home/tr/airflow/dags/dagProcessusMetier.py
[2023-02-05T09:22:22.463+0100] {logging_mixin.py:137} INFO - [2023-02-05T09:22:22.463+0100] {dagbag.py:503} DEBUG - Loaded DAG <DAG: dagProcessusMetier>
[2023-02-05T09:22:22.464+0100] {processor.py:753} INFO - DAG(s) dict_keys(['dagProcessusMetier']) retrieved from /home/tr/airflow/dags/dagProcessusMetier.py
[2023-02-05T09:22:22.464+0100] {logging_mixin.py:137} INFO - [2023-02-05T09:22:22.464+0100] {dagbag.py:648} DEBUG - Running dagbag.sync_to_db with retries. Try 1 of 3
[2023-02-05T09:22:22.464+0100] {logging_mixin.py:137} INFO - [2023-02-05T09:22:22.464+0100] {dagbag.py:653} DEBUG - Calling the DAG.bulk_sync_to_db method
[2023-02-05T09:22:22.471+0100] {logging_mixin.py:137} INFO - [2023-02-05T09:22:22.471+0100] {serialized_dag.py:156} DEBUG - Checking if DAG (dagProcessusMetier) changed
[2023-02-05T09:22:22.481+0100] {logging_mixin.py:137} INFO - [2023-02-05T09:22:22.481+0100] {serialized_dag.py:167} DEBUG - Serialized DAG (dagProcessusMetier) is unchanged. Skipping writing to DB
[2023-02-05T09:22:22.481+0100] {logging_mixin.py:137} INFO - [2023-02-05T09:22:22.481+0100] {dag.py:2690} INFO - Sync 1 DAGs
[2023-02-05T09:22:22.500+0100] {logging_mixin.py:137} INFO - [2023-02-05T09:22:22.500+0100] {dag.py:3437} INFO - Setting next_dagrun for dagProcessusMetier to 2023-02-05T00:00:00+00:00, run_after=2023-02-06T00:00:00+00:00
[2023-02-05T09:22:22.524+0100] {processor.py:175} INFO - Processing /home/tr/airflow/dags/dagProcessusMetier.py took 0.084 seconds
[2023-02-05T09:22:52.823+0100] {logging_mixin.py:137} INFO - [2023-02-05T09:22:52.823+0100] {settings.py:266} DEBUG - Setting up DB connection pool (PID 112)
[2023-02-05T09:22:52.828+0100] {processor.py:153} INFO - Started process (PID=112) to work on /home/tr/airflow/dags/dagProcessusMetier.py
[2023-02-05T09:22:52.829+0100] {processor.py:743} INFO - Processing file /home/tr/airflow/dags/dagProcessusMetier.py for tasks to queue
[2023-02-05T09:22:52.829+0100] {logging_mixin.py:137} INFO - [2023-02-05T09:22:52.829+0100] {dagbag.py:538} INFO - Filling up the DagBag from /home/tr/airflow/dags/dagProcessusMetier.py
[2023-02-05T09:22:52.829+0100] {logging_mixin.py:137} INFO - [2023-02-05T09:22:52.829+0100] {dagbag.py:323} DEBUG - Importing /home/tr/airflow/dags/dagProcessusMetier.py
[2023-02-05T09:22:52.845+0100] {logging_mixin.py:137} INFO - [2023-02-05T09:22:52.845+0100] {dagbag.py:503} DEBUG - Loaded DAG <DAG: dagProcessusMetier>
[2023-02-05T09:22:52.846+0100] {processor.py:753} INFO - DAG(s) dict_keys(['dagProcessusMetier']) retrieved from /home/tr/airflow/dags/dagProcessusMetier.py
[2023-02-05T09:22:52.846+0100] {logging_mixin.py:137} INFO - [2023-02-05T09:22:52.846+0100] {dagbag.py:648} DEBUG - Running dagbag.sync_to_db with retries. Try 1 of 3
[2023-02-05T09:22:52.847+0100] {logging_mixin.py:137} INFO - [2023-02-05T09:22:52.847+0100] {dagbag.py:653} DEBUG - Calling the DAG.bulk_sync_to_db method
[2023-02-05T09:22:52.855+0100] {logging_mixin.py:137} INFO - [2023-02-05T09:22:52.855+0100] {serialized_dag.py:156} DEBUG - Checking if DAG (dagProcessusMetier) changed
[2023-02-05T09:22:52.870+0100] {logging_mixin.py:137} INFO - [2023-02-05T09:22:52.870+0100] {serialized_dag.py:167} DEBUG - Serialized DAG (dagProcessusMetier) is unchanged. Skipping writing to DB
[2023-02-05T09:22:52.871+0100] {logging_mixin.py:137} INFO - [2023-02-05T09:22:52.870+0100] {dag.py:2690} INFO - Sync 1 DAGs
[2023-02-05T09:22:52.907+0100] {logging_mixin.py:137} INFO - [2023-02-05T09:22:52.906+0100] {dag.py:3437} INFO - Setting next_dagrun for dagProcessusMetier to 2023-02-05T00:00:00+00:00, run_after=2023-02-06T00:00:00+00:00
[2023-02-05T09:22:52.933+0100] {processor.py:175} INFO - Processing /home/tr/airflow/dags/dagProcessusMetier.py took 0.110 seconds
[2023-02-05T09:23:23.183+0100] {logging_mixin.py:137} INFO - [2023-02-05T09:23:23.183+0100] {settings.py:266} DEBUG - Setting up DB connection pool (PID 114)
[2023-02-05T09:23:23.195+0100] {processor.py:153} INFO - Started process (PID=114) to work on /home/tr/airflow/dags/dagProcessusMetier.py
[2023-02-05T09:23:23.195+0100] {processor.py:743} INFO - Processing file /home/tr/airflow/dags/dagProcessusMetier.py for tasks to queue
[2023-02-05T09:23:23.196+0100] {logging_mixin.py:137} INFO - [2023-02-05T09:23:23.196+0100] {dagbag.py:538} INFO - Filling up the DagBag from /home/tr/airflow/dags/dagProcessusMetier.py
[2023-02-05T09:23:23.196+0100] {logging_mixin.py:137} INFO - [2023-02-05T09:23:23.196+0100] {dagbag.py:323} DEBUG - Importing /home/tr/airflow/dags/dagProcessusMetier.py
[2023-02-05T09:23:23.210+0100] {logging_mixin.py:137} INFO - [2023-02-05T09:23:23.209+0100] {dagbag.py:503} DEBUG - Loaded DAG <DAG: dagProcessusMetier>
[2023-02-05T09:23:23.210+0100] {processor.py:753} INFO - DAG(s) dict_keys(['dagProcessusMetier']) retrieved from /home/tr/airflow/dags/dagProcessusMetier.py
[2023-02-05T09:23:23.211+0100] {logging_mixin.py:137} INFO - [2023-02-05T09:23:23.211+0100] {dagbag.py:648} DEBUG - Running dagbag.sync_to_db with retries. Try 1 of 3
[2023-02-05T09:23:23.211+0100] {logging_mixin.py:137} INFO - [2023-02-05T09:23:23.211+0100] {dagbag.py:653} DEBUG - Calling the DAG.bulk_sync_to_db method
[2023-02-05T09:23:23.218+0100] {logging_mixin.py:137} INFO - [2023-02-05T09:23:23.218+0100] {serialized_dag.py:156} DEBUG - Checking if DAG (dagProcessusMetier) changed
[2023-02-05T09:23:23.228+0100] {logging_mixin.py:137} INFO - [2023-02-05T09:23:23.227+0100] {serialized_dag.py:167} DEBUG - Serialized DAG (dagProcessusMetier) is unchanged. Skipping writing to DB
[2023-02-05T09:23:23.228+0100] {logging_mixin.py:137} INFO - [2023-02-05T09:23:23.228+0100] {dag.py:2690} INFO - Sync 1 DAGs
[2023-02-05T09:23:23.246+0100] {logging_mixin.py:137} INFO - [2023-02-05T09:23:23.246+0100] {dag.py:3437} INFO - Setting next_dagrun for dagProcessusMetier to 2023-02-05T00:00:00+00:00, run_after=2023-02-06T00:00:00+00:00
[2023-02-05T09:23:23.270+0100] {processor.py:175} INFO - Processing /home/tr/airflow/dags/dagProcessusMetier.py took 0.087 seconds
[2023-02-05T09:23:53.528+0100] {logging_mixin.py:137} INFO - [2023-02-05T09:23:53.528+0100] {settings.py:266} DEBUG - Setting up DB connection pool (PID 117)
[2023-02-05T09:23:53.532+0100] {processor.py:153} INFO - Started process (PID=117) to work on /home/tr/airflow/dags/dagProcessusMetier.py
[2023-02-05T09:23:53.533+0100] {processor.py:743} INFO - Processing file /home/tr/airflow/dags/dagProcessusMetier.py for tasks to queue
[2023-02-05T09:23:53.534+0100] {logging_mixin.py:137} INFO - [2023-02-05T09:23:53.534+0100] {dagbag.py:538} INFO - Filling up the DagBag from /home/tr/airflow/dags/dagProcessusMetier.py
[2023-02-05T09:23:53.535+0100] {logging_mixin.py:137} INFO - [2023-02-05T09:23:53.534+0100] {dagbag.py:323} DEBUG - Importing /home/tr/airflow/dags/dagProcessusMetier.py
[2023-02-05T09:23:53.551+0100] {logging_mixin.py:137} INFO - [2023-02-05T09:23:53.550+0100] {dagbag.py:503} DEBUG - Loaded DAG <DAG: dagProcessusMetier>
[2023-02-05T09:23:53.551+0100] {processor.py:753} INFO - DAG(s) dict_keys(['dagProcessusMetier']) retrieved from /home/tr/airflow/dags/dagProcessusMetier.py
[2023-02-05T09:23:53.552+0100] {logging_mixin.py:137} INFO - [2023-02-05T09:23:53.552+0100] {dagbag.py:648} DEBUG - Running dagbag.sync_to_db with retries. Try 1 of 3
[2023-02-05T09:23:53.552+0100] {logging_mixin.py:137} INFO - [2023-02-05T09:23:53.552+0100] {dagbag.py:653} DEBUG - Calling the DAG.bulk_sync_to_db method
[2023-02-05T09:23:53.561+0100] {logging_mixin.py:137} INFO - [2023-02-05T09:23:53.561+0100] {serialized_dag.py:156} DEBUG - Checking if DAG (dagProcessusMetier) changed
[2023-02-05T09:23:53.575+0100] {logging_mixin.py:137} INFO - [2023-02-05T09:23:53.575+0100] {serialized_dag.py:167} DEBUG - Serialized DAG (dagProcessusMetier) is unchanged. Skipping writing to DB
[2023-02-05T09:23:53.575+0100] {logging_mixin.py:137} INFO - [2023-02-05T09:23:53.575+0100] {dag.py:2690} INFO - Sync 1 DAGs
[2023-02-05T09:23:53.597+0100] {logging_mixin.py:137} INFO - [2023-02-05T09:23:53.597+0100] {dag.py:3437} INFO - Setting next_dagrun for dagProcessusMetier to 2023-02-05T00:00:00+00:00, run_after=2023-02-06T00:00:00+00:00
[2023-02-05T09:23:53.620+0100] {processor.py:175} INFO - Processing /home/tr/airflow/dags/dagProcessusMetier.py took 0.092 seconds
[2023-02-05T09:24:23.835+0100] {logging_mixin.py:137} INFO - [2023-02-05T09:24:23.834+0100] {settings.py:266} DEBUG - Setting up DB connection pool (PID 120)
[2023-02-05T09:24:23.846+0100] {processor.py:153} INFO - Started process (PID=120) to work on /home/tr/airflow/dags/dagProcessusMetier.py
[2023-02-05T09:24:23.847+0100] {processor.py:743} INFO - Processing file /home/tr/airflow/dags/dagProcessusMetier.py for tasks to queue
[2023-02-05T09:24:23.847+0100] {logging_mixin.py:137} INFO - [2023-02-05T09:24:23.847+0100] {dagbag.py:538} INFO - Filling up the DagBag from /home/tr/airflow/dags/dagProcessusMetier.py
[2023-02-05T09:24:23.848+0100] {logging_mixin.py:137} INFO - [2023-02-05T09:24:23.848+0100] {dagbag.py:323} DEBUG - Importing /home/tr/airflow/dags/dagProcessusMetier.py
[2023-02-05T09:24:23.862+0100] {logging_mixin.py:137} INFO - [2023-02-05T09:24:23.862+0100] {dagbag.py:503} DEBUG - Loaded DAG <DAG: dagProcessusMetier>
[2023-02-05T09:24:23.862+0100] {processor.py:753} INFO - DAG(s) dict_keys(['dagProcessusMetier']) retrieved from /home/tr/airflow/dags/dagProcessusMetier.py
[2023-02-05T09:24:23.863+0100] {logging_mixin.py:137} INFO - [2023-02-05T09:24:23.863+0100] {dagbag.py:648} DEBUG - Running dagbag.sync_to_db with retries. Try 1 of 3
[2023-02-05T09:24:23.863+0100] {logging_mixin.py:137} INFO - [2023-02-05T09:24:23.863+0100] {dagbag.py:653} DEBUG - Calling the DAG.bulk_sync_to_db method
[2023-02-05T09:24:23.870+0100] {logging_mixin.py:137} INFO - [2023-02-05T09:24:23.870+0100] {serialized_dag.py:156} DEBUG - Checking if DAG (dagProcessusMetier) changed
[2023-02-05T09:24:23.881+0100] {logging_mixin.py:137} INFO - [2023-02-05T09:24:23.881+0100] {serialized_dag.py:167} DEBUG - Serialized DAG (dagProcessusMetier) is unchanged. Skipping writing to DB
[2023-02-05T09:24:23.881+0100] {logging_mixin.py:137} INFO - [2023-02-05T09:24:23.881+0100] {dag.py:2690} INFO - Sync 1 DAGs
[2023-02-05T09:24:23.900+0100] {logging_mixin.py:137} INFO - [2023-02-05T09:24:23.900+0100] {dag.py:3437} INFO - Setting next_dagrun for dagProcessusMetier to 2023-02-05T00:00:00+00:00, run_after=2023-02-06T00:00:00+00:00
[2023-02-05T09:24:23.926+0100] {processor.py:175} INFO - Processing /home/tr/airflow/dags/dagProcessusMetier.py took 0.092 seconds
[2023-02-05T09:24:54.206+0100] {logging_mixin.py:137} INFO - [2023-02-05T09:24:54.206+0100] {settings.py:266} DEBUG - Setting up DB connection pool (PID 122)
[2023-02-05T09:24:54.218+0100] {processor.py:153} INFO - Started process (PID=122) to work on /home/tr/airflow/dags/dagProcessusMetier.py
[2023-02-05T09:24:54.219+0100] {processor.py:743} INFO - Processing file /home/tr/airflow/dags/dagProcessusMetier.py for tasks to queue
[2023-02-05T09:24:54.219+0100] {logging_mixin.py:137} INFO - [2023-02-05T09:24:54.219+0100] {dagbag.py:538} INFO - Filling up the DagBag from /home/tr/airflow/dags/dagProcessusMetier.py
[2023-02-05T09:24:54.220+0100] {logging_mixin.py:137} INFO - [2023-02-05T09:24:54.220+0100] {dagbag.py:323} DEBUG - Importing /home/tr/airflow/dags/dagProcessusMetier.py
[2023-02-05T09:24:54.234+0100] {logging_mixin.py:137} INFO - [2023-02-05T09:24:54.233+0100] {dagbag.py:503} DEBUG - Loaded DAG <DAG: dagProcessusMetier>
[2023-02-05T09:24:54.234+0100] {processor.py:753} INFO - DAG(s) dict_keys(['dagProcessusMetier']) retrieved from /home/tr/airflow/dags/dagProcessusMetier.py
[2023-02-05T09:24:54.235+0100] {logging_mixin.py:137} INFO - [2023-02-05T09:24:54.235+0100] {dagbag.py:648} DEBUG - Running dagbag.sync_to_db with retries. Try 1 of 3
[2023-02-05T09:24:54.235+0100] {logging_mixin.py:137} INFO - [2023-02-05T09:24:54.235+0100] {dagbag.py:653} DEBUG - Calling the DAG.bulk_sync_to_db method
[2023-02-05T09:24:54.243+0100] {logging_mixin.py:137} INFO - [2023-02-05T09:24:54.243+0100] {serialized_dag.py:156} DEBUG - Checking if DAG (dagProcessusMetier) changed
[2023-02-05T09:24:54.255+0100] {logging_mixin.py:137} INFO - [2023-02-05T09:24:54.255+0100] {serialized_dag.py:167} DEBUG - Serialized DAG (dagProcessusMetier) is unchanged. Skipping writing to DB
[2023-02-05T09:24:54.255+0100] {logging_mixin.py:137} INFO - [2023-02-05T09:24:54.255+0100] {dag.py:2690} INFO - Sync 1 DAGs
[2023-02-05T09:24:54.273+0100] {logging_mixin.py:137} INFO - [2023-02-05T09:24:54.273+0100] {dag.py:3437} INFO - Setting next_dagrun for dagProcessusMetier to 2023-02-05T00:00:00+00:00, run_after=2023-02-06T00:00:00+00:00
[2023-02-05T09:24:54.295+0100] {processor.py:175} INFO - Processing /home/tr/airflow/dags/dagProcessusMetier.py took 0.089 seconds
[2023-02-05T09:25:24.543+0100] {logging_mixin.py:137} INFO - [2023-02-05T09:25:24.543+0100] {settings.py:266} DEBUG - Setting up DB connection pool (PID 123)
[2023-02-05T09:25:24.546+0100] {processor.py:153} INFO - Started process (PID=123) to work on /home/tr/airflow/dags/dagProcessusMetier.py
[2023-02-05T09:25:24.547+0100] {processor.py:743} INFO - Processing file /home/tr/airflow/dags/dagProcessusMetier.py for tasks to queue
[2023-02-05T09:25:24.547+0100] {logging_mixin.py:137} INFO - [2023-02-05T09:25:24.547+0100] {dagbag.py:538} INFO - Filling up the DagBag from /home/tr/airflow/dags/dagProcessusMetier.py
[2023-02-05T09:25:24.547+0100] {logging_mixin.py:137} INFO - [2023-02-05T09:25:24.547+0100] {dagbag.py:323} DEBUG - Importing /home/tr/airflow/dags/dagProcessusMetier.py
[2023-02-05T09:25:24.561+0100] {logging_mixin.py:137} INFO - [2023-02-05T09:25:24.561+0100] {dagbag.py:503} DEBUG - Loaded DAG <DAG: dagProcessusMetier>
[2023-02-05T09:25:24.562+0100] {processor.py:753} INFO - DAG(s) dict_keys(['dagProcessusMetier']) retrieved from /home/tr/airflow/dags/dagProcessusMetier.py
[2023-02-05T09:25:24.562+0100] {logging_mixin.py:137} INFO - [2023-02-05T09:25:24.562+0100] {dagbag.py:648} DEBUG - Running dagbag.sync_to_db with retries. Try 1 of 3
[2023-02-05T09:25:24.562+0100] {logging_mixin.py:137} INFO - [2023-02-05T09:25:24.562+0100] {dagbag.py:653} DEBUG - Calling the DAG.bulk_sync_to_db method
[2023-02-05T09:25:24.571+0100] {logging_mixin.py:137} INFO - [2023-02-05T09:25:24.571+0100] {serialized_dag.py:156} DEBUG - Checking if DAG (dagProcessusMetier) changed
[2023-02-05T09:25:24.583+0100] {logging_mixin.py:137} INFO - [2023-02-05T09:25:24.583+0100] {serialized_dag.py:167} DEBUG - Serialized DAG (dagProcessusMetier) is unchanged. Skipping writing to DB
[2023-02-05T09:25:24.583+0100] {logging_mixin.py:137} INFO - [2023-02-05T09:25:24.583+0100] {dag.py:2690} INFO - Sync 1 DAGs
[2023-02-05T09:25:24.601+0100] {logging_mixin.py:137} INFO - [2023-02-05T09:25:24.601+0100] {dag.py:3437} INFO - Setting next_dagrun for dagProcessusMetier to 2023-02-05T00:00:00+00:00, run_after=2023-02-06T00:00:00+00:00
[2023-02-05T09:25:24.624+0100] {processor.py:175} INFO - Processing /home/tr/airflow/dags/dagProcessusMetier.py took 0.082 seconds
[2023-02-05T09:25:54.957+0100] {logging_mixin.py:137} INFO - [2023-02-05T09:25:54.957+0100] {settings.py:266} DEBUG - Setting up DB connection pool (PID 124)
[2023-02-05T09:25:54.969+0100] {processor.py:153} INFO - Started process (PID=124) to work on /home/tr/airflow/dags/dagProcessusMetier.py
[2023-02-05T09:25:54.969+0100] {processor.py:743} INFO - Processing file /home/tr/airflow/dags/dagProcessusMetier.py for tasks to queue
[2023-02-05T09:25:54.970+0100] {logging_mixin.py:137} INFO - [2023-02-05T09:25:54.970+0100] {dagbag.py:538} INFO - Filling up the DagBag from /home/tr/airflow/dags/dagProcessusMetier.py
[2023-02-05T09:25:54.970+0100] {logging_mixin.py:137} INFO - [2023-02-05T09:25:54.970+0100] {dagbag.py:323} DEBUG - Importing /home/tr/airflow/dags/dagProcessusMetier.py
[2023-02-05T09:25:54.983+0100] {logging_mixin.py:137} INFO - [2023-02-05T09:25:54.983+0100] {dagbag.py:503} DEBUG - Loaded DAG <DAG: dagProcessusMetier>
[2023-02-05T09:25:54.984+0100] {processor.py:753} INFO - DAG(s) dict_keys(['dagProcessusMetier']) retrieved from /home/tr/airflow/dags/dagProcessusMetier.py
[2023-02-05T09:25:54.985+0100] {logging_mixin.py:137} INFO - [2023-02-05T09:25:54.985+0100] {dagbag.py:648} DEBUG - Running dagbag.sync_to_db with retries. Try 1 of 3
[2023-02-05T09:25:54.985+0100] {logging_mixin.py:137} INFO - [2023-02-05T09:25:54.985+0100] {dagbag.py:653} DEBUG - Calling the DAG.bulk_sync_to_db method
[2023-02-05T09:25:54.993+0100] {logging_mixin.py:137} INFO - [2023-02-05T09:25:54.993+0100] {serialized_dag.py:156} DEBUG - Checking if DAG (dagProcessusMetier) changed
[2023-02-05T09:25:55.004+0100] {logging_mixin.py:137} INFO - [2023-02-05T09:25:55.003+0100] {serialized_dag.py:167} DEBUG - Serialized DAG (dagProcessusMetier) is unchanged. Skipping writing to DB
[2023-02-05T09:25:55.004+0100] {logging_mixin.py:137} INFO - [2023-02-05T09:25:55.004+0100] {dag.py:2690} INFO - Sync 1 DAGs
[2023-02-05T09:25:55.022+0100] {logging_mixin.py:137} INFO - [2023-02-05T09:25:55.022+0100] {dag.py:3437} INFO - Setting next_dagrun for dagProcessusMetier to 2023-02-05T00:00:00+00:00, run_after=2023-02-06T00:00:00+00:00
[2023-02-05T09:25:55.047+0100] {processor.py:175} INFO - Processing /home/tr/airflow/dags/dagProcessusMetier.py took 0.090 seconds
[2023-02-05T09:26:25.240+0100] {logging_mixin.py:137} INFO - [2023-02-05T09:26:25.239+0100] {settings.py:266} DEBUG - Setting up DB connection pool (PID 125)
[2023-02-05T09:26:25.245+0100] {processor.py:153} INFO - Started process (PID=125) to work on /home/tr/airflow/dags/dagProcessusMetier.py
[2023-02-05T09:26:25.246+0100] {processor.py:743} INFO - Processing file /home/tr/airflow/dags/dagProcessusMetier.py for tasks to queue
[2023-02-05T09:26:25.246+0100] {logging_mixin.py:137} INFO - [2023-02-05T09:26:25.246+0100] {dagbag.py:538} INFO - Filling up the DagBag from /home/tr/airflow/dags/dagProcessusMetier.py
[2023-02-05T09:26:25.247+0100] {logging_mixin.py:137} INFO - [2023-02-05T09:26:25.247+0100] {dagbag.py:323} DEBUG - Importing /home/tr/airflow/dags/dagProcessusMetier.py
[2023-02-05T09:26:25.263+0100] {logging_mixin.py:137} INFO - [2023-02-05T09:26:25.263+0100] {dagbag.py:503} DEBUG - Loaded DAG <DAG: dagProcessusMetier>
[2023-02-05T09:26:25.264+0100] {processor.py:753} INFO - DAG(s) dict_keys(['dagProcessusMetier']) retrieved from /home/tr/airflow/dags/dagProcessusMetier.py
[2023-02-05T09:26:25.265+0100] {logging_mixin.py:137} INFO - [2023-02-05T09:26:25.264+0100] {dagbag.py:648} DEBUG - Running dagbag.sync_to_db with retries. Try 1 of 3
[2023-02-05T09:26:25.265+0100] {logging_mixin.py:137} INFO - [2023-02-05T09:26:25.265+0100] {dagbag.py:653} DEBUG - Calling the DAG.bulk_sync_to_db method
[2023-02-05T09:26:25.274+0100] {logging_mixin.py:137} INFO - [2023-02-05T09:26:25.274+0100] {serialized_dag.py:156} DEBUG - Checking if DAG (dagProcessusMetier) changed
[2023-02-05T09:26:25.286+0100] {logging_mixin.py:137} INFO - [2023-02-05T09:26:25.286+0100] {serialized_dag.py:167} DEBUG - Serialized DAG (dagProcessusMetier) is unchanged. Skipping writing to DB
[2023-02-05T09:26:25.286+0100] {logging_mixin.py:137} INFO - [2023-02-05T09:26:25.286+0100] {dag.py:2690} INFO - Sync 1 DAGs
[2023-02-05T09:26:25.306+0100] {logging_mixin.py:137} INFO - [2023-02-05T09:26:25.306+0100] {dag.py:3437} INFO - Setting next_dagrun for dagProcessusMetier to 2023-02-05T00:00:00+00:00, run_after=2023-02-06T00:00:00+00:00
[2023-02-05T09:26:25.332+0100] {processor.py:175} INFO - Processing /home/tr/airflow/dags/dagProcessusMetier.py took 0.094 seconds
