[2023-02-11T11:21:04.185+0100] {logging_mixin.py:137} INFO - [2023-02-11T11:21:04.185+0100] {settings.py:266} DEBUG - Setting up DB connection pool (PID 63)
[2023-02-11T11:21:04.188+0100] {processor.py:153} INFO - Started process (PID=63) to work on /home/tr/airflow/dags/dagProcessusMetier.py
[2023-02-11T11:21:04.188+0100] {processor.py:743} INFO - Processing file /home/tr/airflow/dags/dagProcessusMetier.py for tasks to queue
[2023-02-11T11:21:04.189+0100] {logging_mixin.py:137} INFO - [2023-02-11T11:21:04.189+0100] {dagbag.py:538} INFO - Filling up the DagBag from /home/tr/airflow/dags/dagProcessusMetier.py
[2023-02-11T11:21:04.189+0100] {logging_mixin.py:137} INFO - [2023-02-11T11:21:04.189+0100] {dagbag.py:323} DEBUG - Importing /home/tr/airflow/dags/dagProcessusMetier.py
[2023-02-11T11:21:04.201+0100] {logging_mixin.py:137} WARNING - /home/tr/.local/lib/python3.10/site-packages/airflow/models/baseoperator.py:394 RemovedInAirflow3Warning: provide_context is deprecated as of 2.0 and is no longer required
[2023-02-11T11:21:04.210+0100] {logging_mixin.py:137} INFO - [2023-02-11T11:21:04.210+0100] {dagbag.py:503} DEBUG - Loaded DAG <DAG: dagProcessusMetier>
[2023-02-11T11:21:04.211+0100] {processor.py:753} INFO - DAG(s) dict_keys(['dagProcessusMetier']) retrieved from /home/tr/airflow/dags/dagProcessusMetier.py
[2023-02-11T11:21:04.211+0100] {logging_mixin.py:137} INFO - [2023-02-11T11:21:04.211+0100] {dagbag.py:648} DEBUG - Running dagbag.sync_to_db with retries. Try 1 of 3
[2023-02-11T11:21:04.211+0100] {logging_mixin.py:137} INFO - [2023-02-11T11:21:04.211+0100] {dagbag.py:653} DEBUG - Calling the DAG.bulk_sync_to_db method
[2023-02-11T11:21:04.219+0100] {logging_mixin.py:137} INFO - [2023-02-11T11:21:04.219+0100] {serialized_dag.py:156} DEBUG - Checking if DAG (dagProcessusMetier) changed
[2023-02-11T11:21:04.224+0100] {logging_mixin.py:137} INFO - [2023-02-11T11:21:04.224+0100] {serialized_objects.py:452} DEBUG - Cast type <class 'airflow.models.param.ParamsDict'> to str in serialization.
[2023-02-11T11:21:04.226+0100] {logging_mixin.py:137} INFO - [2023-02-11T11:21:04.226+0100] {serialized_objects.py:452} DEBUG - Cast type <class 'airflow.models.param.ParamsDict'> to str in serialization.
[2023-02-11T11:21:04.229+0100] {logging_mixin.py:137} INFO - [2023-02-11T11:21:04.228+0100] {serialized_objects.py:452} DEBUG - Cast type <class 'airflow.models.param.ParamsDict'> to str in serialization.
[2023-02-11T11:21:04.231+0100] {logging_mixin.py:137} INFO - [2023-02-11T11:21:04.231+0100] {serialized_objects.py:452} DEBUG - Cast type <class 'airflow.models.param.ParamsDict'> to str in serialization.
[2023-02-11T11:21:04.233+0100] {logging_mixin.py:137} INFO - [2023-02-11T11:21:04.233+0100] {serialized_objects.py:452} DEBUG - Cast type <class 'airflow.models.param.ParamsDict'> to str in serialization.
[2023-02-11T11:21:04.243+0100] {logging_mixin.py:137} INFO - [2023-02-11T11:21:04.243+0100] {serialized_dag.py:167} DEBUG - Serialized DAG (dagProcessusMetier) is unchanged. Skipping writing to DB
[2023-02-11T11:21:04.243+0100] {logging_mixin.py:137} INFO - [2023-02-11T11:21:04.243+0100] {dag.py:2690} INFO - Sync 1 DAGs
[2023-02-11T11:21:04.262+0100] {logging_mixin.py:137} INFO - [2023-02-11T11:21:04.262+0100] {dag.py:3437} INFO - Setting next_dagrun for dagProcessusMetier to 2023-02-03T00:00:00+00:00, run_after=2023-02-04T00:00:00+00:00
[2023-02-11T11:21:04.285+0100] {processor.py:175} INFO - Processing /home/tr/airflow/dags/dagProcessusMetier.py took 0.100 seconds
[2023-02-11T11:21:34.527+0100] {logging_mixin.py:137} INFO - [2023-02-11T11:21:34.527+0100] {settings.py:266} DEBUG - Setting up DB connection pool (PID 117)
[2023-02-11T11:21:34.530+0100] {processor.py:153} INFO - Started process (PID=117) to work on /home/tr/airflow/dags/dagProcessusMetier.py
[2023-02-11T11:21:34.530+0100] {processor.py:743} INFO - Processing file /home/tr/airflow/dags/dagProcessusMetier.py for tasks to queue
[2023-02-11T11:21:34.531+0100] {logging_mixin.py:137} INFO - [2023-02-11T11:21:34.531+0100] {dagbag.py:538} INFO - Filling up the DagBag from /home/tr/airflow/dags/dagProcessusMetier.py
[2023-02-11T11:21:34.532+0100] {logging_mixin.py:137} INFO - [2023-02-11T11:21:34.532+0100] {dagbag.py:323} DEBUG - Importing /home/tr/airflow/dags/dagProcessusMetier.py
[2023-02-11T11:21:34.543+0100] {logging_mixin.py:137} WARNING - /home/tr/.local/lib/python3.10/site-packages/airflow/models/baseoperator.py:394 RemovedInAirflow3Warning: provide_context is deprecated as of 2.0 and is no longer required
[2023-02-11T11:21:34.555+0100] {logging_mixin.py:137} INFO - [2023-02-11T11:21:34.555+0100] {dagbag.py:503} DEBUG - Loaded DAG <DAG: dagProcessusMetier>
[2023-02-11T11:21:34.555+0100] {processor.py:753} INFO - DAG(s) dict_keys(['dagProcessusMetier']) retrieved from /home/tr/airflow/dags/dagProcessusMetier.py
[2023-02-11T11:21:34.556+0100] {logging_mixin.py:137} INFO - [2023-02-11T11:21:34.556+0100] {dagbag.py:648} DEBUG - Running dagbag.sync_to_db with retries. Try 1 of 3
[2023-02-11T11:21:34.556+0100] {logging_mixin.py:137} INFO - [2023-02-11T11:21:34.556+0100] {dagbag.py:653} DEBUG - Calling the DAG.bulk_sync_to_db method
[2023-02-11T11:21:34.565+0100] {logging_mixin.py:137} INFO - [2023-02-11T11:21:34.565+0100] {serialized_dag.py:156} DEBUG - Checking if DAG (dagProcessusMetier) changed
[2023-02-11T11:21:34.572+0100] {logging_mixin.py:137} INFO - [2023-02-11T11:21:34.571+0100] {serialized_objects.py:452} DEBUG - Cast type <class 'airflow.models.param.ParamsDict'> to str in serialization.
[2023-02-11T11:21:34.575+0100] {logging_mixin.py:137} INFO - [2023-02-11T11:21:34.575+0100] {serialized_objects.py:452} DEBUG - Cast type <class 'airflow.models.param.ParamsDict'> to str in serialization.
[2023-02-11T11:21:34.577+0100] {logging_mixin.py:137} INFO - [2023-02-11T11:21:34.577+0100] {serialized_objects.py:452} DEBUG - Cast type <class 'airflow.models.param.ParamsDict'> to str in serialization.
[2023-02-11T11:21:34.580+0100] {logging_mixin.py:137} INFO - [2023-02-11T11:21:34.579+0100] {serialized_objects.py:452} DEBUG - Cast type <class 'airflow.models.param.ParamsDict'> to str in serialization.
[2023-02-11T11:21:34.582+0100] {logging_mixin.py:137} INFO - [2023-02-11T11:21:34.582+0100] {serialized_objects.py:452} DEBUG - Cast type <class 'airflow.models.param.ParamsDict'> to str in serialization.
[2023-02-11T11:21:34.593+0100] {logging_mixin.py:137} INFO - [2023-02-11T11:21:34.592+0100] {serialized_dag.py:167} DEBUG - Serialized DAG (dagProcessusMetier) is unchanged. Skipping writing to DB
[2023-02-11T11:21:34.593+0100] {logging_mixin.py:137} INFO - [2023-02-11T11:21:34.593+0100] {dag.py:2690} INFO - Sync 1 DAGs
[2023-02-11T11:21:34.616+0100] {logging_mixin.py:137} INFO - [2023-02-11T11:21:34.616+0100] {dag.py:3437} INFO - Setting next_dagrun for dagProcessusMetier to 2023-02-03T00:00:00+00:00, run_after=2023-02-04T00:00:00+00:00
[2023-02-11T11:21:34.637+0100] {processor.py:175} INFO - Processing /home/tr/airflow/dags/dagProcessusMetier.py took 0.110 seconds
[2023-02-11T11:22:05.098+0100] {logging_mixin.py:137} INFO - [2023-02-11T11:22:05.097+0100] {settings.py:266} DEBUG - Setting up DB connection pool (PID 121)
[2023-02-11T11:22:05.108+0100] {processor.py:153} INFO - Started process (PID=121) to work on /home/tr/airflow/dags/dagProcessusMetier.py
[2023-02-11T11:22:05.109+0100] {processor.py:743} INFO - Processing file /home/tr/airflow/dags/dagProcessusMetier.py for tasks to queue
[2023-02-11T11:22:05.109+0100] {logging_mixin.py:137} INFO - [2023-02-11T11:22:05.109+0100] {dagbag.py:538} INFO - Filling up the DagBag from /home/tr/airflow/dags/dagProcessusMetier.py
[2023-02-11T11:22:05.110+0100] {logging_mixin.py:137} INFO - [2023-02-11T11:22:05.110+0100] {dagbag.py:323} DEBUG - Importing /home/tr/airflow/dags/dagProcessusMetier.py
[2023-02-11T11:22:05.118+0100] {logging_mixin.py:137} WARNING - /home/tr/.local/lib/python3.10/site-packages/airflow/models/baseoperator.py:394 RemovedInAirflow3Warning: provide_context is deprecated as of 2.0 and is no longer required
[2023-02-11T11:22:05.130+0100] {logging_mixin.py:137} INFO - [2023-02-11T11:22:05.130+0100] {dagbag.py:503} DEBUG - Loaded DAG <DAG: dagProcessusMetier>
[2023-02-11T11:22:05.131+0100] {processor.py:753} INFO - DAG(s) dict_keys(['dagProcessusMetier']) retrieved from /home/tr/airflow/dags/dagProcessusMetier.py
[2023-02-11T11:22:05.131+0100] {logging_mixin.py:137} INFO - [2023-02-11T11:22:05.131+0100] {dagbag.py:648} DEBUG - Running dagbag.sync_to_db with retries. Try 1 of 3
[2023-02-11T11:22:05.131+0100] {logging_mixin.py:137} INFO - [2023-02-11T11:22:05.131+0100] {dagbag.py:653} DEBUG - Calling the DAG.bulk_sync_to_db method
[2023-02-11T11:22:05.137+0100] {logging_mixin.py:137} INFO - [2023-02-11T11:22:05.136+0100] {serialized_dag.py:156} DEBUG - Checking if DAG (dagProcessusMetier) changed
[2023-02-11T11:22:05.141+0100] {logging_mixin.py:137} INFO - [2023-02-11T11:22:05.141+0100] {serialized_objects.py:452} DEBUG - Cast type <class 'airflow.models.param.ParamsDict'> to str in serialization.
[2023-02-11T11:22:05.143+0100] {logging_mixin.py:137} INFO - [2023-02-11T11:22:05.143+0100] {serialized_objects.py:452} DEBUG - Cast type <class 'airflow.models.param.ParamsDict'> to str in serialization.
[2023-02-11T11:22:05.146+0100] {logging_mixin.py:137} INFO - [2023-02-11T11:22:05.145+0100] {serialized_objects.py:452} DEBUG - Cast type <class 'airflow.models.param.ParamsDict'> to str in serialization.
[2023-02-11T11:22:05.147+0100] {logging_mixin.py:137} INFO - [2023-02-11T11:22:05.147+0100] {serialized_objects.py:452} DEBUG - Cast type <class 'airflow.models.param.ParamsDict'> to str in serialization.
[2023-02-11T11:22:05.150+0100] {logging_mixin.py:137} INFO - [2023-02-11T11:22:05.150+0100] {serialized_objects.py:452} DEBUG - Cast type <class 'airflow.models.param.ParamsDict'> to str in serialization.
[2023-02-11T11:22:05.160+0100] {logging_mixin.py:137} INFO - [2023-02-11T11:22:05.160+0100] {serialized_dag.py:167} DEBUG - Serialized DAG (dagProcessusMetier) is unchanged. Skipping writing to DB
[2023-02-11T11:22:05.160+0100] {logging_mixin.py:137} INFO - [2023-02-11T11:22:05.160+0100] {dag.py:2690} INFO - Sync 1 DAGs
[2023-02-11T11:22:05.176+0100] {logging_mixin.py:137} INFO - [2023-02-11T11:22:05.176+0100] {dag.py:3437} INFO - Setting next_dagrun for dagProcessusMetier to 2023-02-03T00:00:00+00:00, run_after=2023-02-04T00:00:00+00:00
[2023-02-11T11:22:05.202+0100] {processor.py:175} INFO - Processing /home/tr/airflow/dags/dagProcessusMetier.py took 0.104 seconds
[2023-02-11T11:41:15.057+0100] {logging_mixin.py:137} INFO - [2023-02-11T11:41:15.057+0100] {settings.py:266} DEBUG - Setting up DB connection pool (PID 403)
[2023-02-11T11:41:15.068+0100] {processor.py:153} INFO - Started process (PID=403) to work on /home/tr/airflow/dags/dagProcessusMetier.py
[2023-02-11T11:41:15.069+0100] {processor.py:743} INFO - Processing file /home/tr/airflow/dags/dagProcessusMetier.py for tasks to queue
[2023-02-11T11:41:15.070+0100] {logging_mixin.py:137} INFO - [2023-02-11T11:41:15.070+0100] {dagbag.py:538} INFO - Filling up the DagBag from /home/tr/airflow/dags/dagProcessusMetier.py
[2023-02-11T11:41:15.070+0100] {logging_mixin.py:137} INFO - [2023-02-11T11:41:15.070+0100] {dagbag.py:323} DEBUG - Importing /home/tr/airflow/dags/dagProcessusMetier.py
[2023-02-11T11:41:15.078+0100] {logging_mixin.py:137} WARNING - /home/tr/.local/lib/python3.10/site-packages/airflow/models/baseoperator.py:394 RemovedInAirflow3Warning: provide_context is deprecated as of 2.0 and is no longer required
[2023-02-11T11:41:15.082+0100] {logging_mixin.py:137} INFO - [2023-02-11T11:41:15.081+0100] {dagbag.py:503} DEBUG - Loaded DAG <DAG: dagProcessusMetier>
[2023-02-11T11:41:15.082+0100] {processor.py:753} INFO - DAG(s) dict_keys(['dagProcessusMetier']) retrieved from /home/tr/airflow/dags/dagProcessusMetier.py
[2023-02-11T11:41:15.083+0100] {logging_mixin.py:137} INFO - [2023-02-11T11:41:15.083+0100] {dagbag.py:648} DEBUG - Running dagbag.sync_to_db with retries. Try 1 of 3
[2023-02-11T11:41:15.083+0100] {logging_mixin.py:137} INFO - [2023-02-11T11:41:15.083+0100] {dagbag.py:653} DEBUG - Calling the DAG.bulk_sync_to_db method
[2023-02-11T11:41:15.090+0100] {logging_mixin.py:137} INFO - [2023-02-11T11:41:15.090+0100] {serialized_dag.py:156} DEBUG - Checking if DAG (dagProcessusMetier) changed
[2023-02-11T11:41:15.094+0100] {logging_mixin.py:137} INFO - [2023-02-11T11:41:15.094+0100] {serialized_objects.py:452} DEBUG - Cast type <class 'airflow.models.param.ParamsDict'> to str in serialization.
[2023-02-11T11:41:15.096+0100] {logging_mixin.py:137} INFO - [2023-02-11T11:41:15.096+0100] {serialized_objects.py:452} DEBUG - Cast type <class 'airflow.models.param.ParamsDict'> to str in serialization.
[2023-02-11T11:41:15.098+0100] {logging_mixin.py:137} INFO - [2023-02-11T11:41:15.098+0100] {serialized_objects.py:452} DEBUG - Cast type <class 'airflow.models.param.ParamsDict'> to str in serialization.
[2023-02-11T11:41:15.100+0100] {logging_mixin.py:137} INFO - [2023-02-11T11:41:15.100+0100] {serialized_objects.py:452} DEBUG - Cast type <class 'airflow.models.param.ParamsDict'> to str in serialization.
[2023-02-11T11:41:15.102+0100] {logging_mixin.py:137} INFO - [2023-02-11T11:41:15.102+0100] {serialized_objects.py:452} DEBUG - Cast type <class 'airflow.models.param.ParamsDict'> to str in serialization.
[2023-02-11T11:41:15.112+0100] {logging_mixin.py:137} INFO - [2023-02-11T11:41:15.112+0100] {serialized_dag.py:167} DEBUG - Serialized DAG (dagProcessusMetier) is unchanged. Skipping writing to DB
[2023-02-11T11:41:15.112+0100] {logging_mixin.py:137} INFO - [2023-02-11T11:41:15.112+0100] {dag.py:2690} INFO - Sync 1 DAGs
[2023-02-11T11:41:15.129+0100] {logging_mixin.py:137} INFO - [2023-02-11T11:41:15.129+0100] {dag.py:3437} INFO - Setting next_dagrun for dagProcessusMetier to 2023-02-03T00:00:00+00:00, run_after=2023-02-04T00:00:00+00:00
[2023-02-11T11:41:15.157+0100] {processor.py:175} INFO - Processing /home/tr/airflow/dags/dagProcessusMetier.py took 0.100 seconds
[2023-02-11T11:41:48.139+0100] {logging_mixin.py:137} INFO - [2023-02-11T11:41:48.139+0100] {settings.py:266} DEBUG - Setting up DB connection pool (PID 443)
[2023-02-11T11:41:48.151+0100] {processor.py:153} INFO - Started process (PID=443) to work on /home/tr/airflow/dags/dagProcessusMetier.py
[2023-02-11T11:41:48.152+0100] {processor.py:743} INFO - Processing file /home/tr/airflow/dags/dagProcessusMetier.py for tasks to queue
[2023-02-11T11:41:48.152+0100] {logging_mixin.py:137} INFO - [2023-02-11T11:41:48.152+0100] {dagbag.py:538} INFO - Filling up the DagBag from /home/tr/airflow/dags/dagProcessusMetier.py
[2023-02-11T11:41:48.153+0100] {logging_mixin.py:137} INFO - [2023-02-11T11:41:48.153+0100] {dagbag.py:323} DEBUG - Importing /home/tr/airflow/dags/dagProcessusMetier.py
[2023-02-11T11:41:48.161+0100] {logging_mixin.py:137} WARNING - /home/tr/.local/lib/python3.10/site-packages/airflow/models/baseoperator.py:394 RemovedInAirflow3Warning: provide_context is deprecated as of 2.0 and is no longer required
[2023-02-11T11:41:48.164+0100] {logging_mixin.py:137} INFO - [2023-02-11T11:41:48.163+0100] {dagbag.py:503} DEBUG - Loaded DAG <DAG: dagProcessusMetier>
[2023-02-11T11:41:48.164+0100] {processor.py:753} INFO - DAG(s) dict_keys(['dagProcessusMetier']) retrieved from /home/tr/airflow/dags/dagProcessusMetier.py
[2023-02-11T11:41:48.165+0100] {logging_mixin.py:137} INFO - [2023-02-11T11:41:48.165+0100] {dagbag.py:648} DEBUG - Running dagbag.sync_to_db with retries. Try 1 of 3
[2023-02-11T11:41:48.165+0100] {logging_mixin.py:137} INFO - [2023-02-11T11:41:48.165+0100] {dagbag.py:653} DEBUG - Calling the DAG.bulk_sync_to_db method
[2023-02-11T11:41:48.171+0100] {logging_mixin.py:137} INFO - [2023-02-11T11:41:48.171+0100] {serialized_dag.py:156} DEBUG - Checking if DAG (dagProcessusMetier) changed
[2023-02-11T11:41:48.176+0100] {logging_mixin.py:137} INFO - [2023-02-11T11:41:48.175+0100] {serialized_objects.py:452} DEBUG - Cast type <class 'airflow.models.param.ParamsDict'> to str in serialization.
[2023-02-11T11:41:48.178+0100] {logging_mixin.py:137} INFO - [2023-02-11T11:41:48.178+0100] {serialized_objects.py:452} DEBUG - Cast type <class 'airflow.models.param.ParamsDict'> to str in serialization.
[2023-02-11T11:41:48.180+0100] {logging_mixin.py:137} INFO - [2023-02-11T11:41:48.180+0100] {serialized_objects.py:452} DEBUG - Cast type <class 'airflow.models.param.ParamsDict'> to str in serialization.
[2023-02-11T11:41:48.182+0100] {logging_mixin.py:137} INFO - [2023-02-11T11:41:48.182+0100] {serialized_objects.py:452} DEBUG - Cast type <class 'airflow.models.param.ParamsDict'> to str in serialization.
[2023-02-11T11:41:48.184+0100] {logging_mixin.py:137} INFO - [2023-02-11T11:41:48.184+0100] {serialized_objects.py:452} DEBUG - Cast type <class 'airflow.models.param.ParamsDict'> to str in serialization.
[2023-02-11T11:41:48.196+0100] {logging_mixin.py:137} INFO - [2023-02-11T11:41:48.196+0100] {serialized_dag.py:167} DEBUG - Serialized DAG (dagProcessusMetier) is unchanged. Skipping writing to DB
[2023-02-11T11:41:48.197+0100] {logging_mixin.py:137} INFO - [2023-02-11T11:41:48.196+0100] {dag.py:2690} INFO - Sync 1 DAGs
[2023-02-11T11:41:48.211+0100] {logging_mixin.py:137} INFO - [2023-02-11T11:41:48.211+0100] {dag.py:3437} INFO - Setting next_dagrun for dagProcessusMetier to 2023-02-03T00:00:00+00:00, run_after=2023-02-04T00:00:00+00:00
[2023-02-11T11:41:48.233+0100] {processor.py:175} INFO - Processing /home/tr/airflow/dags/dagProcessusMetier.py took 0.095 seconds
[2023-02-11T11:42:19.636+0100] {logging_mixin.py:137} INFO - [2023-02-11T11:42:19.636+0100] {settings.py:266} DEBUG - Setting up DB connection pool (PID 504)
[2023-02-11T11:42:19.649+0100] {processor.py:153} INFO - Started process (PID=504) to work on /home/tr/airflow/dags/dagProcessusMetier.py
[2023-02-11T11:42:19.650+0100] {processor.py:743} INFO - Processing file /home/tr/airflow/dags/dagProcessusMetier.py for tasks to queue
[2023-02-11T11:42:19.650+0100] {logging_mixin.py:137} INFO - [2023-02-11T11:42:19.650+0100] {dagbag.py:538} INFO - Filling up the DagBag from /home/tr/airflow/dags/dagProcessusMetier.py
[2023-02-11T11:42:19.651+0100] {logging_mixin.py:137} INFO - [2023-02-11T11:42:19.651+0100] {dagbag.py:323} DEBUG - Importing /home/tr/airflow/dags/dagProcessusMetier.py
[2023-02-11T11:42:19.671+0100] {logging_mixin.py:137} WARNING - /home/tr/.local/lib/python3.10/site-packages/airflow/models/baseoperator.py:394 RemovedInAirflow3Warning: provide_context is deprecated as of 2.0 and is no longer required
[2023-02-11T11:42:19.684+0100] {logging_mixin.py:137} INFO - [2023-02-11T11:42:19.683+0100] {dagbag.py:503} DEBUG - Loaded DAG <DAG: dagProcessusMetier>
[2023-02-11T11:42:19.684+0100] {processor.py:753} INFO - DAG(s) dict_keys(['dagProcessusMetier']) retrieved from /home/tr/airflow/dags/dagProcessusMetier.py
[2023-02-11T11:42:19.685+0100] {logging_mixin.py:137} INFO - [2023-02-11T11:42:19.685+0100] {dagbag.py:648} DEBUG - Running dagbag.sync_to_db with retries. Try 1 of 3
[2023-02-11T11:42:19.686+0100] {logging_mixin.py:137} INFO - [2023-02-11T11:42:19.686+0100] {dagbag.py:653} DEBUG - Calling the DAG.bulk_sync_to_db method
[2023-02-11T11:42:19.714+0100] {logging_mixin.py:137} INFO - [2023-02-11T11:42:19.713+0100] {serialized_dag.py:156} DEBUG - Checking if DAG (dagProcessusMetier) changed
[2023-02-11T11:42:19.719+0100] {logging_mixin.py:137} INFO - [2023-02-11T11:42:19.719+0100] {serialized_objects.py:452} DEBUG - Cast type <class 'airflow.models.param.ParamsDict'> to str in serialization.
[2023-02-11T11:42:19.727+0100] {logging_mixin.py:137} INFO - [2023-02-11T11:42:19.727+0100] {serialized_objects.py:452} DEBUG - Cast type <class 'airflow.models.param.ParamsDict'> to str in serialization.
[2023-02-11T11:42:19.729+0100] {logging_mixin.py:137} INFO - [2023-02-11T11:42:19.729+0100] {serialized_objects.py:452} DEBUG - Cast type <class 'airflow.models.param.ParamsDict'> to str in serialization.
[2023-02-11T11:42:19.732+0100] {logging_mixin.py:137} INFO - [2023-02-11T11:42:19.732+0100] {serialized_objects.py:452} DEBUG - Cast type <class 'airflow.models.param.ParamsDict'> to str in serialization.
[2023-02-11T11:42:19.734+0100] {logging_mixin.py:137} INFO - [2023-02-11T11:42:19.734+0100] {serialized_objects.py:452} DEBUG - Cast type <class 'airflow.models.param.ParamsDict'> to str in serialization.
[2023-02-11T11:42:19.754+0100] {logging_mixin.py:137} INFO - [2023-02-11T11:42:19.754+0100] {serialized_dag.py:167} DEBUG - Serialized DAG (dagProcessusMetier) is unchanged. Skipping writing to DB
[2023-02-11T11:42:19.754+0100] {logging_mixin.py:137} INFO - [2023-02-11T11:42:19.754+0100] {dag.py:2690} INFO - Sync 1 DAGs
[2023-02-11T11:42:19.773+0100] {logging_mixin.py:137} INFO - [2023-02-11T11:42:19.773+0100] {dag.py:3437} INFO - Setting next_dagrun for dagProcessusMetier to 2023-02-03T00:00:00+00:00, run_after=2023-02-04T00:00:00+00:00
[2023-02-11T11:42:19.802+0100] {processor.py:175} INFO - Processing /home/tr/airflow/dags/dagProcessusMetier.py took 0.167 seconds
[2023-02-11T11:42:51.910+0100] {logging_mixin.py:137} INFO - [2023-02-11T11:42:51.909+0100] {settings.py:266} DEBUG - Setting up DB connection pool (PID 571)
[2023-02-11T11:42:51.921+0100] {processor.py:153} INFO - Started process (PID=571) to work on /home/tr/airflow/dags/dagProcessusMetier.py
[2023-02-11T11:42:51.921+0100] {processor.py:743} INFO - Processing file /home/tr/airflow/dags/dagProcessusMetier.py for tasks to queue
[2023-02-11T11:42:51.922+0100] {logging_mixin.py:137} INFO - [2023-02-11T11:42:51.922+0100] {dagbag.py:538} INFO - Filling up the DagBag from /home/tr/airflow/dags/dagProcessusMetier.py
[2023-02-11T11:42:51.923+0100] {logging_mixin.py:137} INFO - [2023-02-11T11:42:51.923+0100] {dagbag.py:323} DEBUG - Importing /home/tr/airflow/dags/dagProcessusMetier.py
[2023-02-11T11:42:51.933+0100] {logging_mixin.py:137} WARNING - /home/tr/.local/lib/python3.10/site-packages/airflow/models/baseoperator.py:394 RemovedInAirflow3Warning: provide_context is deprecated as of 2.0 and is no longer required
[2023-02-11T11:42:51.936+0100] {logging_mixin.py:137} INFO - [2023-02-11T11:42:51.935+0100] {dagbag.py:503} DEBUG - Loaded DAG <DAG: dagProcessusMetier>
[2023-02-11T11:42:51.936+0100] {processor.py:753} INFO - DAG(s) dict_keys(['dagProcessusMetier']) retrieved from /home/tr/airflow/dags/dagProcessusMetier.py
[2023-02-11T11:42:51.940+0100] {logging_mixin.py:137} INFO - [2023-02-11T11:42:51.940+0100] {dagbag.py:648} DEBUG - Running dagbag.sync_to_db with retries. Try 1 of 3
[2023-02-11T11:42:51.940+0100] {logging_mixin.py:137} INFO - [2023-02-11T11:42:51.940+0100] {dagbag.py:653} DEBUG - Calling the DAG.bulk_sync_to_db method
[2023-02-11T11:42:51.947+0100] {logging_mixin.py:137} INFO - [2023-02-11T11:42:51.947+0100] {serialized_dag.py:156} DEBUG - Checking if DAG (dagProcessusMetier) changed
[2023-02-11T11:42:51.953+0100] {logging_mixin.py:137} INFO - [2023-02-11T11:42:51.952+0100] {serialized_objects.py:452} DEBUG - Cast type <class 'airflow.models.param.ParamsDict'> to str in serialization.
[2023-02-11T11:42:51.955+0100] {logging_mixin.py:137} INFO - [2023-02-11T11:42:51.955+0100] {serialized_objects.py:452} DEBUG - Cast type <class 'airflow.models.param.ParamsDict'> to str in serialization.
[2023-02-11T11:42:51.958+0100] {logging_mixin.py:137} INFO - [2023-02-11T11:42:51.958+0100] {serialized_objects.py:452} DEBUG - Cast type <class 'airflow.models.param.ParamsDict'> to str in serialization.
[2023-02-11T11:42:51.961+0100] {logging_mixin.py:137} INFO - [2023-02-11T11:42:51.960+0100] {serialized_objects.py:452} DEBUG - Cast type <class 'airflow.models.param.ParamsDict'> to str in serialization.
[2023-02-11T11:42:51.963+0100] {logging_mixin.py:137} INFO - [2023-02-11T11:42:51.963+0100] {serialized_objects.py:452} DEBUG - Cast type <class 'airflow.models.param.ParamsDict'> to str in serialization.
[2023-02-11T11:42:51.977+0100] {logging_mixin.py:137} INFO - [2023-02-11T11:42:51.976+0100] {serialized_dag.py:167} DEBUG - Serialized DAG (dagProcessusMetier) is unchanged. Skipping writing to DB
[2023-02-11T11:42:51.977+0100] {logging_mixin.py:137} INFO - [2023-02-11T11:42:51.977+0100] {dag.py:2690} INFO - Sync 1 DAGs
[2023-02-11T11:42:52.001+0100] {logging_mixin.py:137} INFO - [2023-02-11T11:42:52.000+0100] {dag.py:3437} INFO - Setting next_dagrun for dagProcessusMetier to 2023-02-03T00:00:00+00:00, run_after=2023-02-04T00:00:00+00:00
[2023-02-11T11:42:52.030+0100] {processor.py:175} INFO - Processing /home/tr/airflow/dags/dagProcessusMetier.py took 0.121 seconds
[2023-02-11T11:43:23.911+0100] {logging_mixin.py:137} INFO - [2023-02-11T11:43:23.911+0100] {settings.py:266} DEBUG - Setting up DB connection pool (PID 611)
[2023-02-11T11:43:23.923+0100] {processor.py:153} INFO - Started process (PID=611) to work on /home/tr/airflow/dags/dagProcessusMetier.py
[2023-02-11T11:43:23.924+0100] {processor.py:743} INFO - Processing file /home/tr/airflow/dags/dagProcessusMetier.py for tasks to queue
[2023-02-11T11:43:23.924+0100] {logging_mixin.py:137} INFO - [2023-02-11T11:43:23.924+0100] {dagbag.py:538} INFO - Filling up the DagBag from /home/tr/airflow/dags/dagProcessusMetier.py
[2023-02-11T11:43:23.925+0100] {logging_mixin.py:137} INFO - [2023-02-11T11:43:23.925+0100] {dagbag.py:323} DEBUG - Importing /home/tr/airflow/dags/dagProcessusMetier.py
[2023-02-11T11:43:23.934+0100] {logging_mixin.py:137} WARNING - /home/tr/.local/lib/python3.10/site-packages/airflow/models/baseoperator.py:394 RemovedInAirflow3Warning: provide_context is deprecated as of 2.0 and is no longer required
[2023-02-11T11:43:23.937+0100] {logging_mixin.py:137} INFO - [2023-02-11T11:43:23.936+0100] {dagbag.py:503} DEBUG - Loaded DAG <DAG: dagProcessusMetier>
[2023-02-11T11:43:23.937+0100] {processor.py:753} INFO - DAG(s) dict_keys(['dagProcessusMetier']) retrieved from /home/tr/airflow/dags/dagProcessusMetier.py
[2023-02-11T11:43:23.938+0100] {logging_mixin.py:137} INFO - [2023-02-11T11:43:23.938+0100] {dagbag.py:648} DEBUG - Running dagbag.sync_to_db with retries. Try 1 of 3
[2023-02-11T11:43:23.938+0100] {logging_mixin.py:137} INFO - [2023-02-11T11:43:23.938+0100] {dagbag.py:653} DEBUG - Calling the DAG.bulk_sync_to_db method
[2023-02-11T11:43:23.944+0100] {logging_mixin.py:137} INFO - [2023-02-11T11:43:23.944+0100] {serialized_dag.py:156} DEBUG - Checking if DAG (dagProcessusMetier) changed
[2023-02-11T11:43:23.949+0100] {logging_mixin.py:137} INFO - [2023-02-11T11:43:23.948+0100] {serialized_objects.py:452} DEBUG - Cast type <class 'airflow.models.param.ParamsDict'> to str in serialization.
[2023-02-11T11:43:23.951+0100] {logging_mixin.py:137} INFO - [2023-02-11T11:43:23.951+0100] {serialized_objects.py:452} DEBUG - Cast type <class 'airflow.models.param.ParamsDict'> to str in serialization.
[2023-02-11T11:43:23.953+0100] {logging_mixin.py:137} INFO - [2023-02-11T11:43:23.953+0100] {serialized_objects.py:452} DEBUG - Cast type <class 'airflow.models.param.ParamsDict'> to str in serialization.
[2023-02-11T11:43:23.955+0100] {logging_mixin.py:137} INFO - [2023-02-11T11:43:23.955+0100] {serialized_objects.py:452} DEBUG - Cast type <class 'airflow.models.param.ParamsDict'> to str in serialization.
[2023-02-11T11:43:23.957+0100] {logging_mixin.py:137} INFO - [2023-02-11T11:43:23.957+0100] {serialized_objects.py:452} DEBUG - Cast type <class 'airflow.models.param.ParamsDict'> to str in serialization.
[2023-02-11T11:43:23.969+0100] {logging_mixin.py:137} INFO - [2023-02-11T11:43:23.969+0100] {serialized_dag.py:167} DEBUG - Serialized DAG (dagProcessusMetier) is unchanged. Skipping writing to DB
[2023-02-11T11:43:23.969+0100] {logging_mixin.py:137} INFO - [2023-02-11T11:43:23.969+0100] {dag.py:2690} INFO - Sync 1 DAGs
[2023-02-11T11:43:23.984+0100] {logging_mixin.py:137} INFO - [2023-02-11T11:43:23.984+0100] {dag.py:3437} INFO - Setting next_dagrun for dagProcessusMetier to 2023-02-03T00:00:00+00:00, run_after=2023-02-04T00:00:00+00:00
[2023-02-11T11:43:24.009+0100] {processor.py:175} INFO - Processing /home/tr/airflow/dags/dagProcessusMetier.py took 0.098 seconds
[2023-02-11T11:43:56.040+0100] {logging_mixin.py:137} INFO - [2023-02-11T11:43:56.040+0100] {settings.py:266} DEBUG - Setting up DB connection pool (PID 645)
[2023-02-11T11:43:56.052+0100] {processor.py:153} INFO - Started process (PID=645) to work on /home/tr/airflow/dags/dagProcessusMetier.py
[2023-02-11T11:43:56.052+0100] {processor.py:743} INFO - Processing file /home/tr/airflow/dags/dagProcessusMetier.py for tasks to queue
[2023-02-11T11:43:56.053+0100] {logging_mixin.py:137} INFO - [2023-02-11T11:43:56.053+0100] {dagbag.py:538} INFO - Filling up the DagBag from /home/tr/airflow/dags/dagProcessusMetier.py
[2023-02-11T11:43:56.054+0100] {logging_mixin.py:137} INFO - [2023-02-11T11:43:56.054+0100] {dagbag.py:323} DEBUG - Importing /home/tr/airflow/dags/dagProcessusMetier.py
[2023-02-11T11:43:56.063+0100] {logging_mixin.py:137} WARNING - /home/tr/.local/lib/python3.10/site-packages/airflow/models/baseoperator.py:394 RemovedInAirflow3Warning: provide_context is deprecated as of 2.0 and is no longer required
[2023-02-11T11:43:56.066+0100] {logging_mixin.py:137} INFO - [2023-02-11T11:43:56.065+0100] {dagbag.py:503} DEBUG - Loaded DAG <DAG: dagProcessusMetier>
[2023-02-11T11:43:56.067+0100] {processor.py:753} INFO - DAG(s) dict_keys(['dagProcessusMetier']) retrieved from /home/tr/airflow/dags/dagProcessusMetier.py
[2023-02-11T11:43:56.068+0100] {logging_mixin.py:137} INFO - [2023-02-11T11:43:56.068+0100] {dagbag.py:648} DEBUG - Running dagbag.sync_to_db with retries. Try 1 of 3
[2023-02-11T11:43:56.068+0100] {logging_mixin.py:137} INFO - [2023-02-11T11:43:56.068+0100] {dagbag.py:653} DEBUG - Calling the DAG.bulk_sync_to_db method
[2023-02-11T11:43:56.075+0100] {logging_mixin.py:137} INFO - [2023-02-11T11:43:56.074+0100] {serialized_dag.py:156} DEBUG - Checking if DAG (dagProcessusMetier) changed
[2023-02-11T11:43:56.080+0100] {logging_mixin.py:137} INFO - [2023-02-11T11:43:56.079+0100] {serialized_objects.py:452} DEBUG - Cast type <class 'airflow.models.param.ParamsDict'> to str in serialization.
[2023-02-11T11:43:56.083+0100] {logging_mixin.py:137} INFO - [2023-02-11T11:43:56.083+0100] {serialized_objects.py:452} DEBUG - Cast type <class 'airflow.models.param.ParamsDict'> to str in serialization.
[2023-02-11T11:43:56.085+0100] {logging_mixin.py:137} INFO - [2023-02-11T11:43:56.085+0100] {serialized_objects.py:452} DEBUG - Cast type <class 'airflow.models.param.ParamsDict'> to str in serialization.
[2023-02-11T11:43:56.087+0100] {logging_mixin.py:137} INFO - [2023-02-11T11:43:56.087+0100] {serialized_objects.py:452} DEBUG - Cast type <class 'airflow.models.param.ParamsDict'> to str in serialization.
[2023-02-11T11:43:56.091+0100] {logging_mixin.py:137} INFO - [2023-02-11T11:43:56.091+0100] {serialized_objects.py:452} DEBUG - Cast type <class 'airflow.models.param.ParamsDict'> to str in serialization.
[2023-02-11T11:43:56.103+0100] {logging_mixin.py:137} INFO - [2023-02-11T11:43:56.103+0100] {serialized_dag.py:167} DEBUG - Serialized DAG (dagProcessusMetier) is unchanged. Skipping writing to DB
[2023-02-11T11:43:56.103+0100] {logging_mixin.py:137} INFO - [2023-02-11T11:43:56.103+0100] {dag.py:2690} INFO - Sync 1 DAGs
[2023-02-11T11:43:56.121+0100] {logging_mixin.py:137} INFO - [2023-02-11T11:43:56.121+0100] {dag.py:3437} INFO - Setting next_dagrun for dagProcessusMetier to 2023-02-03T00:00:00+00:00, run_after=2023-02-04T00:00:00+00:00
[2023-02-11T11:43:56.150+0100] {processor.py:175} INFO - Processing /home/tr/airflow/dags/dagProcessusMetier.py took 0.110 seconds
[2023-02-11T11:44:27.785+0100] {logging_mixin.py:137} INFO - [2023-02-11T11:44:27.785+0100] {settings.py:266} DEBUG - Setting up DB connection pool (PID 677)
[2023-02-11T11:44:27.789+0100] {processor.py:153} INFO - Started process (PID=677) to work on /home/tr/airflow/dags/dagProcessusMetier.py
[2023-02-11T11:44:27.789+0100] {processor.py:743} INFO - Processing file /home/tr/airflow/dags/dagProcessusMetier.py for tasks to queue
[2023-02-11T11:44:27.789+0100] {logging_mixin.py:137} INFO - [2023-02-11T11:44:27.789+0100] {dagbag.py:538} INFO - Filling up the DagBag from /home/tr/airflow/dags/dagProcessusMetier.py
[2023-02-11T11:44:27.790+0100] {logging_mixin.py:137} INFO - [2023-02-11T11:44:27.790+0100] {dagbag.py:323} DEBUG - Importing /home/tr/airflow/dags/dagProcessusMetier.py
[2023-02-11T11:44:27.797+0100] {logging_mixin.py:137} WARNING - /home/tr/.local/lib/python3.10/site-packages/airflow/models/baseoperator.py:394 RemovedInAirflow3Warning: provide_context is deprecated as of 2.0 and is no longer required
[2023-02-11T11:44:27.801+0100] {logging_mixin.py:137} INFO - [2023-02-11T11:44:27.800+0100] {dagbag.py:503} DEBUG - Loaded DAG <DAG: dagProcessusMetier>
[2023-02-11T11:44:27.801+0100] {processor.py:753} INFO - DAG(s) dict_keys(['dagProcessusMetier']) retrieved from /home/tr/airflow/dags/dagProcessusMetier.py
[2023-02-11T11:44:27.802+0100] {logging_mixin.py:137} INFO - [2023-02-11T11:44:27.802+0100] {dagbag.py:648} DEBUG - Running dagbag.sync_to_db with retries. Try 1 of 3
[2023-02-11T11:44:27.802+0100] {logging_mixin.py:137} INFO - [2023-02-11T11:44:27.802+0100] {dagbag.py:653} DEBUG - Calling the DAG.bulk_sync_to_db method
[2023-02-11T11:44:27.809+0100] {logging_mixin.py:137} INFO - [2023-02-11T11:44:27.809+0100] {serialized_dag.py:156} DEBUG - Checking if DAG (dagProcessusMetier) changed
[2023-02-11T11:44:27.814+0100] {logging_mixin.py:137} INFO - [2023-02-11T11:44:27.813+0100] {serialized_objects.py:452} DEBUG - Cast type <class 'airflow.models.param.ParamsDict'> to str in serialization.
[2023-02-11T11:44:27.816+0100] {logging_mixin.py:137} INFO - [2023-02-11T11:44:27.816+0100] {serialized_objects.py:452} DEBUG - Cast type <class 'airflow.models.param.ParamsDict'> to str in serialization.
[2023-02-11T11:44:27.820+0100] {logging_mixin.py:137} INFO - [2023-02-11T11:44:27.819+0100] {serialized_objects.py:452} DEBUG - Cast type <class 'airflow.models.param.ParamsDict'> to str in serialization.
[2023-02-11T11:44:27.822+0100] {logging_mixin.py:137} INFO - [2023-02-11T11:44:27.822+0100] {serialized_objects.py:452} DEBUG - Cast type <class 'airflow.models.param.ParamsDict'> to str in serialization.
[2023-02-11T11:44:27.824+0100] {logging_mixin.py:137} INFO - [2023-02-11T11:44:27.824+0100] {serialized_objects.py:452} DEBUG - Cast type <class 'airflow.models.param.ParamsDict'> to str in serialization.
[2023-02-11T11:44:27.836+0100] {logging_mixin.py:137} INFO - [2023-02-11T11:44:27.836+0100] {serialized_dag.py:167} DEBUG - Serialized DAG (dagProcessusMetier) is unchanged. Skipping writing to DB
[2023-02-11T11:44:27.836+0100] {logging_mixin.py:137} INFO - [2023-02-11T11:44:27.836+0100] {dag.py:2690} INFO - Sync 1 DAGs
[2023-02-11T11:44:27.851+0100] {logging_mixin.py:137} INFO - [2023-02-11T11:44:27.851+0100] {dag.py:3437} INFO - Setting next_dagrun for dagProcessusMetier to 2023-02-03T00:00:00+00:00, run_after=2023-02-04T00:00:00+00:00
[2023-02-11T11:44:27.878+0100] {processor.py:175} INFO - Processing /home/tr/airflow/dags/dagProcessusMetier.py took 0.094 seconds
[2023-02-11T11:44:59.599+0100] {logging_mixin.py:137} INFO - [2023-02-11T11:44:59.598+0100] {settings.py:266} DEBUG - Setting up DB connection pool (PID 748)
[2023-02-11T11:44:59.611+0100] {processor.py:153} INFO - Started process (PID=748) to work on /home/tr/airflow/dags/dagProcessusMetier.py
[2023-02-11T11:44:59.611+0100] {processor.py:743} INFO - Processing file /home/tr/airflow/dags/dagProcessusMetier.py for tasks to queue
[2023-02-11T11:44:59.611+0100] {logging_mixin.py:137} INFO - [2023-02-11T11:44:59.611+0100] {dagbag.py:538} INFO - Filling up the DagBag from /home/tr/airflow/dags/dagProcessusMetier.py
[2023-02-11T11:44:59.612+0100] {logging_mixin.py:137} INFO - [2023-02-11T11:44:59.612+0100] {dagbag.py:323} DEBUG - Importing /home/tr/airflow/dags/dagProcessusMetier.py
[2023-02-11T11:44:59.620+0100] {logging_mixin.py:137} WARNING - /home/tr/.local/lib/python3.10/site-packages/airflow/models/baseoperator.py:394 RemovedInAirflow3Warning: provide_context is deprecated as of 2.0 and is no longer required
[2023-02-11T11:44:59.624+0100] {logging_mixin.py:137} INFO - [2023-02-11T11:44:59.623+0100] {dagbag.py:503} DEBUG - Loaded DAG <DAG: dagProcessusMetier>
[2023-02-11T11:44:59.624+0100] {processor.py:753} INFO - DAG(s) dict_keys(['dagProcessusMetier']) retrieved from /home/tr/airflow/dags/dagProcessusMetier.py
[2023-02-11T11:44:59.625+0100] {logging_mixin.py:137} INFO - [2023-02-11T11:44:59.625+0100] {dagbag.py:648} DEBUG - Running dagbag.sync_to_db with retries. Try 1 of 3
[2023-02-11T11:44:59.625+0100] {logging_mixin.py:137} INFO - [2023-02-11T11:44:59.625+0100] {dagbag.py:653} DEBUG - Calling the DAG.bulk_sync_to_db method
[2023-02-11T11:44:59.631+0100] {logging_mixin.py:137} INFO - [2023-02-11T11:44:59.631+0100] {serialized_dag.py:156} DEBUG - Checking if DAG (dagProcessusMetier) changed
[2023-02-11T11:44:59.636+0100] {logging_mixin.py:137} INFO - [2023-02-11T11:44:59.635+0100] {serialized_objects.py:452} DEBUG - Cast type <class 'airflow.models.param.ParamsDict'> to str in serialization.
[2023-02-11T11:44:59.638+0100] {logging_mixin.py:137} INFO - [2023-02-11T11:44:59.638+0100] {serialized_objects.py:452} DEBUG - Cast type <class 'airflow.models.param.ParamsDict'> to str in serialization.
[2023-02-11T11:44:59.640+0100] {logging_mixin.py:137} INFO - [2023-02-11T11:44:59.640+0100] {serialized_objects.py:452} DEBUG - Cast type <class 'airflow.models.param.ParamsDict'> to str in serialization.
[2023-02-11T11:44:59.642+0100] {logging_mixin.py:137} INFO - [2023-02-11T11:44:59.642+0100] {serialized_objects.py:452} DEBUG - Cast type <class 'airflow.models.param.ParamsDict'> to str in serialization.
[2023-02-11T11:44:59.644+0100] {logging_mixin.py:137} INFO - [2023-02-11T11:44:59.644+0100] {serialized_objects.py:452} DEBUG - Cast type <class 'airflow.models.param.ParamsDict'> to str in serialization.
[2023-02-11T11:44:59.654+0100] {logging_mixin.py:137} INFO - [2023-02-11T11:44:59.654+0100] {serialized_dag.py:167} DEBUG - Serialized DAG (dagProcessusMetier) is unchanged. Skipping writing to DB
[2023-02-11T11:44:59.655+0100] {logging_mixin.py:137} INFO - [2023-02-11T11:44:59.655+0100] {dag.py:2690} INFO - Sync 1 DAGs
[2023-02-11T11:44:59.670+0100] {logging_mixin.py:137} INFO - [2023-02-11T11:44:59.670+0100] {dag.py:3437} INFO - Setting next_dagrun for dagProcessusMetier to 2023-02-03T00:00:00+00:00, run_after=2023-02-04T00:00:00+00:00
[2023-02-11T11:44:59.698+0100] {processor.py:175} INFO - Processing /home/tr/airflow/dags/dagProcessusMetier.py took 0.100 seconds
[2023-02-11T11:45:30.427+0100] {logging_mixin.py:137} INFO - [2023-02-11T11:45:30.427+0100] {settings.py:266} DEBUG - Setting up DB connection pool (PID 780)
[2023-02-11T11:45:30.434+0100] {processor.py:153} INFO - Started process (PID=780) to work on /home/tr/airflow/dags/dagProcessusMetier.py
[2023-02-11T11:45:30.435+0100] {processor.py:743} INFO - Processing file /home/tr/airflow/dags/dagProcessusMetier.py for tasks to queue
[2023-02-11T11:45:30.435+0100] {logging_mixin.py:137} INFO - [2023-02-11T11:45:30.435+0100] {dagbag.py:538} INFO - Filling up the DagBag from /home/tr/airflow/dags/dagProcessusMetier.py
[2023-02-11T11:45:30.436+0100] {logging_mixin.py:137} INFO - [2023-02-11T11:45:30.436+0100] {dagbag.py:323} DEBUG - Importing /home/tr/airflow/dags/dagProcessusMetier.py
[2023-02-11T11:45:30.443+0100] {logging_mixin.py:137} WARNING - /home/tr/.local/lib/python3.10/site-packages/airflow/models/baseoperator.py:394 RemovedInAirflow3Warning: provide_context is deprecated as of 2.0 and is no longer required
[2023-02-11T11:45:30.448+0100] {logging_mixin.py:137} INFO - [2023-02-11T11:45:30.446+0100] {dagbag.py:503} DEBUG - Loaded DAG <DAG: dagProcessusMetier>
[2023-02-11T11:45:30.448+0100] {processor.py:753} INFO - DAG(s) dict_keys(['dagProcessusMetier']) retrieved from /home/tr/airflow/dags/dagProcessusMetier.py
[2023-02-11T11:45:30.449+0100] {logging_mixin.py:137} INFO - [2023-02-11T11:45:30.449+0100] {dagbag.py:648} DEBUG - Running dagbag.sync_to_db with retries. Try 1 of 3
[2023-02-11T11:45:30.449+0100] {logging_mixin.py:137} INFO - [2023-02-11T11:45:30.449+0100] {dagbag.py:653} DEBUG - Calling the DAG.bulk_sync_to_db method
[2023-02-11T11:45:30.455+0100] {logging_mixin.py:137} INFO - [2023-02-11T11:45:30.455+0100] {serialized_dag.py:156} DEBUG - Checking if DAG (dagProcessusMetier) changed
[2023-02-11T11:45:30.460+0100] {logging_mixin.py:137} INFO - [2023-02-11T11:45:30.459+0100] {serialized_objects.py:452} DEBUG - Cast type <class 'airflow.models.param.ParamsDict'> to str in serialization.
[2023-02-11T11:45:30.462+0100] {logging_mixin.py:137} INFO - [2023-02-11T11:45:30.462+0100] {serialized_objects.py:452} DEBUG - Cast type <class 'airflow.models.param.ParamsDict'> to str in serialization.
[2023-02-11T11:45:30.464+0100] {logging_mixin.py:137} INFO - [2023-02-11T11:45:30.464+0100] {serialized_objects.py:452} DEBUG - Cast type <class 'airflow.models.param.ParamsDict'> to str in serialization.
[2023-02-11T11:45:30.466+0100] {logging_mixin.py:137} INFO - [2023-02-11T11:45:30.466+0100] {serialized_objects.py:452} DEBUG - Cast type <class 'airflow.models.param.ParamsDict'> to str in serialization.
[2023-02-11T11:45:30.468+0100] {logging_mixin.py:137} INFO - [2023-02-11T11:45:30.468+0100] {serialized_objects.py:452} DEBUG - Cast type <class 'airflow.models.param.ParamsDict'> to str in serialization.
[2023-02-11T11:45:30.478+0100] {logging_mixin.py:137} INFO - [2023-02-11T11:45:30.478+0100] {serialized_dag.py:167} DEBUG - Serialized DAG (dagProcessusMetier) is unchanged. Skipping writing to DB
[2023-02-11T11:45:30.478+0100] {logging_mixin.py:137} INFO - [2023-02-11T11:45:30.478+0100] {dag.py:2690} INFO - Sync 1 DAGs
[2023-02-11T11:45:30.494+0100] {logging_mixin.py:137} INFO - [2023-02-11T11:45:30.493+0100] {dag.py:3437} INFO - Setting next_dagrun for dagProcessusMetier to 2023-02-03T00:00:00+00:00, run_after=2023-02-04T00:00:00+00:00
[2023-02-11T11:45:30.522+0100] {processor.py:175} INFO - Processing /home/tr/airflow/dags/dagProcessusMetier.py took 0.095 seconds
[2023-02-11T11:46:02.028+0100] {logging_mixin.py:137} INFO - [2023-02-11T11:46:02.027+0100] {settings.py:266} DEBUG - Setting up DB connection pool (PID 811)
[2023-02-11T11:46:02.040+0100] {processor.py:153} INFO - Started process (PID=811) to work on /home/tr/airflow/dags/dagProcessusMetier.py
[2023-02-11T11:46:02.040+0100] {processor.py:743} INFO - Processing file /home/tr/airflow/dags/dagProcessusMetier.py for tasks to queue
[2023-02-11T11:46:02.041+0100] {logging_mixin.py:137} INFO - [2023-02-11T11:46:02.041+0100] {dagbag.py:538} INFO - Filling up the DagBag from /home/tr/airflow/dags/dagProcessusMetier.py
[2023-02-11T11:46:02.041+0100] {logging_mixin.py:137} INFO - [2023-02-11T11:46:02.041+0100] {dagbag.py:323} DEBUG - Importing /home/tr/airflow/dags/dagProcessusMetier.py
[2023-02-11T11:46:02.050+0100] {logging_mixin.py:137} WARNING - /home/tr/.local/lib/python3.10/site-packages/airflow/models/baseoperator.py:394 RemovedInAirflow3Warning: provide_context is deprecated as of 2.0 and is no longer required
[2023-02-11T11:46:02.054+0100] {logging_mixin.py:137} INFO - [2023-02-11T11:46:02.053+0100] {dagbag.py:503} DEBUG - Loaded DAG <DAG: dagProcessusMetier>
[2023-02-11T11:46:02.054+0100] {processor.py:753} INFO - DAG(s) dict_keys(['dagProcessusMetier']) retrieved from /home/tr/airflow/dags/dagProcessusMetier.py
[2023-02-11T11:46:02.055+0100] {logging_mixin.py:137} INFO - [2023-02-11T11:46:02.055+0100] {dagbag.py:648} DEBUG - Running dagbag.sync_to_db with retries. Try 1 of 3
[2023-02-11T11:46:02.056+0100] {logging_mixin.py:137} INFO - [2023-02-11T11:46:02.055+0100] {dagbag.py:653} DEBUG - Calling the DAG.bulk_sync_to_db method
[2023-02-11T11:46:02.063+0100] {logging_mixin.py:137} INFO - [2023-02-11T11:46:02.062+0100] {serialized_dag.py:156} DEBUG - Checking if DAG (dagProcessusMetier) changed
[2023-02-11T11:46:02.067+0100] {logging_mixin.py:137} INFO - [2023-02-11T11:46:02.067+0100] {serialized_objects.py:452} DEBUG - Cast type <class 'airflow.models.param.ParamsDict'> to str in serialization.
[2023-02-11T11:46:02.070+0100] {logging_mixin.py:137} INFO - [2023-02-11T11:46:02.070+0100] {serialized_objects.py:452} DEBUG - Cast type <class 'airflow.models.param.ParamsDict'> to str in serialization.
[2023-02-11T11:46:02.072+0100] {logging_mixin.py:137} INFO - [2023-02-11T11:46:02.072+0100] {serialized_objects.py:452} DEBUG - Cast type <class 'airflow.models.param.ParamsDict'> to str in serialization.
[2023-02-11T11:46:02.075+0100] {logging_mixin.py:137} INFO - [2023-02-11T11:46:02.075+0100] {serialized_objects.py:452} DEBUG - Cast type <class 'airflow.models.param.ParamsDict'> to str in serialization.
[2023-02-11T11:46:02.078+0100] {logging_mixin.py:137} INFO - [2023-02-11T11:46:02.078+0100] {serialized_objects.py:452} DEBUG - Cast type <class 'airflow.models.param.ParamsDict'> to str in serialization.
[2023-02-11T11:46:02.091+0100] {logging_mixin.py:137} INFO - [2023-02-11T11:46:02.091+0100] {serialized_dag.py:167} DEBUG - Serialized DAG (dagProcessusMetier) is unchanged. Skipping writing to DB
[2023-02-11T11:46:02.091+0100] {logging_mixin.py:137} INFO - [2023-02-11T11:46:02.091+0100] {dag.py:2690} INFO - Sync 1 DAGs
[2023-02-11T11:46:02.113+0100] {logging_mixin.py:137} INFO - [2023-02-11T11:46:02.112+0100] {dag.py:3437} INFO - Setting next_dagrun for dagProcessusMetier to 2023-02-03T00:00:00+00:00, run_after=2023-02-04T00:00:00+00:00
[2023-02-11T11:46:02.140+0100] {processor.py:175} INFO - Processing /home/tr/airflow/dags/dagProcessusMetier.py took 0.113 seconds
[2023-02-11T11:46:35.060+0100] {logging_mixin.py:137} INFO - [2023-02-11T11:46:35.059+0100] {settings.py:266} DEBUG - Setting up DB connection pool (PID 843)
[2023-02-11T11:46:35.070+0100] {processor.py:153} INFO - Started process (PID=843) to work on /home/tr/airflow/dags/dagProcessusMetier.py
[2023-02-11T11:46:35.071+0100] {processor.py:743} INFO - Processing file /home/tr/airflow/dags/dagProcessusMetier.py for tasks to queue
[2023-02-11T11:46:35.071+0100] {logging_mixin.py:137} INFO - [2023-02-11T11:46:35.071+0100] {dagbag.py:538} INFO - Filling up the DagBag from /home/tr/airflow/dags/dagProcessusMetier.py
[2023-02-11T11:46:35.071+0100] {logging_mixin.py:137} INFO - [2023-02-11T11:46:35.071+0100] {dagbag.py:323} DEBUG - Importing /home/tr/airflow/dags/dagProcessusMetier.py
[2023-02-11T11:46:35.079+0100] {logging_mixin.py:137} WARNING - /home/tr/.local/lib/python3.10/site-packages/airflow/models/baseoperator.py:394 RemovedInAirflow3Warning: provide_context is deprecated as of 2.0 and is no longer required
[2023-02-11T11:46:35.083+0100] {logging_mixin.py:137} INFO - [2023-02-11T11:46:35.082+0100] {dagbag.py:503} DEBUG - Loaded DAG <DAG: dagProcessusMetier>
[2023-02-11T11:46:35.083+0100] {processor.py:753} INFO - DAG(s) dict_keys(['dagProcessusMetier']) retrieved from /home/tr/airflow/dags/dagProcessusMetier.py
[2023-02-11T11:46:35.084+0100] {logging_mixin.py:137} INFO - [2023-02-11T11:46:35.084+0100] {dagbag.py:648} DEBUG - Running dagbag.sync_to_db with retries. Try 1 of 3
[2023-02-11T11:46:35.084+0100] {logging_mixin.py:137} INFO - [2023-02-11T11:46:35.084+0100] {dagbag.py:653} DEBUG - Calling the DAG.bulk_sync_to_db method
[2023-02-11T11:46:35.089+0100] {logging_mixin.py:137} INFO - [2023-02-11T11:46:35.089+0100] {serialized_dag.py:156} DEBUG - Checking if DAG (dagProcessusMetier) changed
[2023-02-11T11:46:35.093+0100] {logging_mixin.py:137} INFO - [2023-02-11T11:46:35.093+0100] {serialized_objects.py:452} DEBUG - Cast type <class 'airflow.models.param.ParamsDict'> to str in serialization.
[2023-02-11T11:46:35.096+0100] {logging_mixin.py:137} INFO - [2023-02-11T11:46:35.096+0100] {serialized_objects.py:452} DEBUG - Cast type <class 'airflow.models.param.ParamsDict'> to str in serialization.
[2023-02-11T11:46:35.099+0100] {logging_mixin.py:137} INFO - [2023-02-11T11:46:35.099+0100] {serialized_objects.py:452} DEBUG - Cast type <class 'airflow.models.param.ParamsDict'> to str in serialization.
[2023-02-11T11:46:35.101+0100] {logging_mixin.py:137} INFO - [2023-02-11T11:46:35.101+0100] {serialized_objects.py:452} DEBUG - Cast type <class 'airflow.models.param.ParamsDict'> to str in serialization.
[2023-02-11T11:46:35.104+0100] {logging_mixin.py:137} INFO - [2023-02-11T11:46:35.104+0100] {serialized_objects.py:452} DEBUG - Cast type <class 'airflow.models.param.ParamsDict'> to str in serialization.
[2023-02-11T11:46:35.114+0100] {logging_mixin.py:137} INFO - [2023-02-11T11:46:35.114+0100] {serialized_dag.py:167} DEBUG - Serialized DAG (dagProcessusMetier) is unchanged. Skipping writing to DB
[2023-02-11T11:46:35.114+0100] {logging_mixin.py:137} INFO - [2023-02-11T11:46:35.114+0100] {dag.py:2690} INFO - Sync 1 DAGs
[2023-02-11T11:46:35.129+0100] {logging_mixin.py:137} INFO - [2023-02-11T11:46:35.128+0100] {dag.py:3437} INFO - Setting next_dagrun for dagProcessusMetier to 2023-02-03T00:00:00+00:00, run_after=2023-02-04T00:00:00+00:00
[2023-02-11T11:46:35.152+0100] {processor.py:175} INFO - Processing /home/tr/airflow/dags/dagProcessusMetier.py took 0.092 seconds
[2023-02-11T11:47:07.404+0100] {logging_mixin.py:137} INFO - [2023-02-11T11:47:07.404+0100] {settings.py:266} DEBUG - Setting up DB connection pool (PID 878)
[2023-02-11T11:47:07.416+0100] {processor.py:153} INFO - Started process (PID=878) to work on /home/tr/airflow/dags/dagProcessusMetier.py
[2023-02-11T11:47:07.416+0100] {processor.py:743} INFO - Processing file /home/tr/airflow/dags/dagProcessusMetier.py for tasks to queue
[2023-02-11T11:47:07.417+0100] {logging_mixin.py:137} INFO - [2023-02-11T11:47:07.417+0100] {dagbag.py:538} INFO - Filling up the DagBag from /home/tr/airflow/dags/dagProcessusMetier.py
[2023-02-11T11:47:07.417+0100] {logging_mixin.py:137} INFO - [2023-02-11T11:47:07.417+0100] {dagbag.py:323} DEBUG - Importing /home/tr/airflow/dags/dagProcessusMetier.py
[2023-02-11T11:47:07.427+0100] {logging_mixin.py:137} WARNING - /home/tr/.local/lib/python3.10/site-packages/airflow/models/baseoperator.py:394 RemovedInAirflow3Warning: provide_context is deprecated as of 2.0 and is no longer required
[2023-02-11T11:47:07.430+0100] {logging_mixin.py:137} INFO - [2023-02-11T11:47:07.429+0100] {dagbag.py:503} DEBUG - Loaded DAG <DAG: dagProcessusMetier>
[2023-02-11T11:47:07.430+0100] {processor.py:753} INFO - DAG(s) dict_keys(['dagProcessusMetier']) retrieved from /home/tr/airflow/dags/dagProcessusMetier.py
[2023-02-11T11:47:07.431+0100] {logging_mixin.py:137} INFO - [2023-02-11T11:47:07.431+0100] {dagbag.py:648} DEBUG - Running dagbag.sync_to_db with retries. Try 1 of 3
[2023-02-11T11:47:07.431+0100] {logging_mixin.py:137} INFO - [2023-02-11T11:47:07.431+0100] {dagbag.py:653} DEBUG - Calling the DAG.bulk_sync_to_db method
[2023-02-11T11:47:07.438+0100] {logging_mixin.py:137} INFO - [2023-02-11T11:47:07.437+0100] {serialized_dag.py:156} DEBUG - Checking if DAG (dagProcessusMetier) changed
[2023-02-11T11:47:07.442+0100] {logging_mixin.py:137} INFO - [2023-02-11T11:47:07.442+0100] {serialized_objects.py:452} DEBUG - Cast type <class 'airflow.models.param.ParamsDict'> to str in serialization.
[2023-02-11T11:47:07.444+0100] {logging_mixin.py:137} INFO - [2023-02-11T11:47:07.444+0100] {serialized_objects.py:452} DEBUG - Cast type <class 'airflow.models.param.ParamsDict'> to str in serialization.
[2023-02-11T11:47:07.446+0100] {logging_mixin.py:137} INFO - [2023-02-11T11:47:07.446+0100] {serialized_objects.py:452} DEBUG - Cast type <class 'airflow.models.param.ParamsDict'> to str in serialization.
[2023-02-11T11:47:07.449+0100] {logging_mixin.py:137} INFO - [2023-02-11T11:47:07.449+0100] {serialized_objects.py:452} DEBUG - Cast type <class 'airflow.models.param.ParamsDict'> to str in serialization.
[2023-02-11T11:47:07.451+0100] {logging_mixin.py:137} INFO - [2023-02-11T11:47:07.451+0100] {serialized_objects.py:452} DEBUG - Cast type <class 'airflow.models.param.ParamsDict'> to str in serialization.
[2023-02-11T11:47:07.461+0100] {logging_mixin.py:137} INFO - [2023-02-11T11:47:07.461+0100] {serialized_dag.py:167} DEBUG - Serialized DAG (dagProcessusMetier) is unchanged. Skipping writing to DB
[2023-02-11T11:47:07.461+0100] {logging_mixin.py:137} INFO - [2023-02-11T11:47:07.461+0100] {dag.py:2690} INFO - Sync 1 DAGs
[2023-02-11T11:47:07.475+0100] {logging_mixin.py:137} INFO - [2023-02-11T11:47:07.475+0100] {dag.py:3437} INFO - Setting next_dagrun for dagProcessusMetier to 2023-02-03T00:00:00+00:00, run_after=2023-02-04T00:00:00+00:00
[2023-02-11T11:47:07.503+0100] {processor.py:175} INFO - Processing /home/tr/airflow/dags/dagProcessusMetier.py took 0.099 seconds
[2023-02-11T11:47:39.859+0100] {logging_mixin.py:137} INFO - [2023-02-11T11:47:39.859+0100] {settings.py:266} DEBUG - Setting up DB connection pool (PID 912)
[2023-02-11T11:47:39.870+0100] {processor.py:153} INFO - Started process (PID=912) to work on /home/tr/airflow/dags/dagProcessusMetier.py
[2023-02-11T11:47:39.871+0100] {processor.py:743} INFO - Processing file /home/tr/airflow/dags/dagProcessusMetier.py for tasks to queue
[2023-02-11T11:47:39.871+0100] {logging_mixin.py:137} INFO - [2023-02-11T11:47:39.871+0100] {dagbag.py:538} INFO - Filling up the DagBag from /home/tr/airflow/dags/dagProcessusMetier.py
[2023-02-11T11:47:39.872+0100] {logging_mixin.py:137} INFO - [2023-02-11T11:47:39.872+0100] {dagbag.py:323} DEBUG - Importing /home/tr/airflow/dags/dagProcessusMetier.py
[2023-02-11T11:47:39.880+0100] {logging_mixin.py:137} WARNING - /home/tr/.local/lib/python3.10/site-packages/airflow/models/baseoperator.py:394 RemovedInAirflow3Warning: provide_context is deprecated as of 2.0 and is no longer required
[2023-02-11T11:47:39.883+0100] {logging_mixin.py:137} INFO - [2023-02-11T11:47:39.882+0100] {dagbag.py:503} DEBUG - Loaded DAG <DAG: dagProcessusMetier>
[2023-02-11T11:47:39.883+0100] {processor.py:753} INFO - DAG(s) dict_keys(['dagProcessusMetier']) retrieved from /home/tr/airflow/dags/dagProcessusMetier.py
[2023-02-11T11:47:39.884+0100] {logging_mixin.py:137} INFO - [2023-02-11T11:47:39.884+0100] {dagbag.py:648} DEBUG - Running dagbag.sync_to_db with retries. Try 1 of 3
[2023-02-11T11:47:39.884+0100] {logging_mixin.py:137} INFO - [2023-02-11T11:47:39.884+0100] {dagbag.py:653} DEBUG - Calling the DAG.bulk_sync_to_db method
[2023-02-11T11:47:39.890+0100] {logging_mixin.py:137} INFO - [2023-02-11T11:47:39.890+0100] {serialized_dag.py:156} DEBUG - Checking if DAG (dagProcessusMetier) changed
[2023-02-11T11:47:39.895+0100] {logging_mixin.py:137} INFO - [2023-02-11T11:47:39.895+0100] {serialized_objects.py:452} DEBUG - Cast type <class 'airflow.models.param.ParamsDict'> to str in serialization.
[2023-02-11T11:47:39.897+0100] {logging_mixin.py:137} INFO - [2023-02-11T11:47:39.897+0100] {serialized_objects.py:452} DEBUG - Cast type <class 'airflow.models.param.ParamsDict'> to str in serialization.
[2023-02-11T11:47:39.900+0100] {logging_mixin.py:137} INFO - [2023-02-11T11:47:39.899+0100] {serialized_objects.py:452} DEBUG - Cast type <class 'airflow.models.param.ParamsDict'> to str in serialization.
[2023-02-11T11:47:39.902+0100] {logging_mixin.py:137} INFO - [2023-02-11T11:47:39.902+0100] {serialized_objects.py:452} DEBUG - Cast type <class 'airflow.models.param.ParamsDict'> to str in serialization.
[2023-02-11T11:47:39.904+0100] {logging_mixin.py:137} INFO - [2023-02-11T11:47:39.904+0100] {serialized_objects.py:452} DEBUG - Cast type <class 'airflow.models.param.ParamsDict'> to str in serialization.
[2023-02-11T11:47:39.915+0100] {logging_mixin.py:137} INFO - [2023-02-11T11:47:39.915+0100] {serialized_dag.py:167} DEBUG - Serialized DAG (dagProcessusMetier) is unchanged. Skipping writing to DB
[2023-02-11T11:47:39.915+0100] {logging_mixin.py:137} INFO - [2023-02-11T11:47:39.915+0100] {dag.py:2690} INFO - Sync 1 DAGs
[2023-02-11T11:47:39.934+0100] {logging_mixin.py:137} INFO - [2023-02-11T11:47:39.933+0100] {dag.py:3437} INFO - Setting next_dagrun for dagProcessusMetier to 2023-02-03T00:00:00+00:00, run_after=2023-02-04T00:00:00+00:00
[2023-02-11T11:47:39.962+0100] {processor.py:175} INFO - Processing /home/tr/airflow/dags/dagProcessusMetier.py took 0.103 seconds
[2023-02-11T11:48:12.246+0100] {logging_mixin.py:137} INFO - [2023-02-11T11:48:12.245+0100] {settings.py:266} DEBUG - Setting up DB connection pool (PID 946)
[2023-02-11T11:48:12.250+0100] {processor.py:153} INFO - Started process (PID=946) to work on /home/tr/airflow/dags/dagProcessusMetier.py
[2023-02-11T11:48:12.250+0100] {processor.py:743} INFO - Processing file /home/tr/airflow/dags/dagProcessusMetier.py for tasks to queue
[2023-02-11T11:48:12.251+0100] {logging_mixin.py:137} INFO - [2023-02-11T11:48:12.251+0100] {dagbag.py:538} INFO - Filling up the DagBag from /home/tr/airflow/dags/dagProcessusMetier.py
[2023-02-11T11:48:12.251+0100] {logging_mixin.py:137} INFO - [2023-02-11T11:48:12.251+0100] {dagbag.py:323} DEBUG - Importing /home/tr/airflow/dags/dagProcessusMetier.py
[2023-02-11T11:48:12.259+0100] {logging_mixin.py:137} WARNING - /home/tr/.local/lib/python3.10/site-packages/airflow/models/baseoperator.py:394 RemovedInAirflow3Warning: provide_context is deprecated as of 2.0 and is no longer required
[2023-02-11T11:48:12.263+0100] {logging_mixin.py:137} INFO - [2023-02-11T11:48:12.262+0100] {dagbag.py:503} DEBUG - Loaded DAG <DAG: dagProcessusMetier>
[2023-02-11T11:48:12.263+0100] {processor.py:753} INFO - DAG(s) dict_keys(['dagProcessusMetier']) retrieved from /home/tr/airflow/dags/dagProcessusMetier.py
[2023-02-11T11:48:12.264+0100] {logging_mixin.py:137} INFO - [2023-02-11T11:48:12.264+0100] {dagbag.py:648} DEBUG - Running dagbag.sync_to_db with retries. Try 1 of 3
[2023-02-11T11:48:12.264+0100] {logging_mixin.py:137} INFO - [2023-02-11T11:48:12.264+0100] {dagbag.py:653} DEBUG - Calling the DAG.bulk_sync_to_db method
[2023-02-11T11:48:12.271+0100] {logging_mixin.py:137} INFO - [2023-02-11T11:48:12.271+0100] {serialized_dag.py:156} DEBUG - Checking if DAG (dagProcessusMetier) changed
[2023-02-11T11:48:12.275+0100] {logging_mixin.py:137} INFO - [2023-02-11T11:48:12.275+0100] {serialized_objects.py:452} DEBUG - Cast type <class 'airflow.models.param.ParamsDict'> to str in serialization.
[2023-02-11T11:48:12.278+0100] {logging_mixin.py:137} INFO - [2023-02-11T11:48:12.278+0100] {serialized_objects.py:452} DEBUG - Cast type <class 'airflow.models.param.ParamsDict'> to str in serialization.
[2023-02-11T11:48:12.280+0100] {logging_mixin.py:137} INFO - [2023-02-11T11:48:12.280+0100] {serialized_objects.py:452} DEBUG - Cast type <class 'airflow.models.param.ParamsDict'> to str in serialization.
[2023-02-11T11:48:12.282+0100] {logging_mixin.py:137} INFO - [2023-02-11T11:48:12.282+0100] {serialized_objects.py:452} DEBUG - Cast type <class 'airflow.models.param.ParamsDict'> to str in serialization.
[2023-02-11T11:48:12.285+0100] {logging_mixin.py:137} INFO - [2023-02-11T11:48:12.284+0100] {serialized_objects.py:452} DEBUG - Cast type <class 'airflow.models.param.ParamsDict'> to str in serialization.
[2023-02-11T11:48:12.295+0100] {logging_mixin.py:137} INFO - [2023-02-11T11:48:12.295+0100] {serialized_dag.py:167} DEBUG - Serialized DAG (dagProcessusMetier) is unchanged. Skipping writing to DB
[2023-02-11T11:48:12.296+0100] {logging_mixin.py:137} INFO - [2023-02-11T11:48:12.296+0100] {dag.py:2690} INFO - Sync 1 DAGs
[2023-02-11T11:48:12.311+0100] {logging_mixin.py:137} INFO - [2023-02-11T11:48:12.311+0100] {dag.py:3437} INFO - Setting next_dagrun for dagProcessusMetier to 2023-02-03T00:00:00+00:00, run_after=2023-02-04T00:00:00+00:00
[2023-02-11T11:48:12.336+0100] {processor.py:175} INFO - Processing /home/tr/airflow/dags/dagProcessusMetier.py took 0.091 seconds
[2023-02-11T11:48:45.697+0100] {logging_mixin.py:137} INFO - [2023-02-11T11:48:45.696+0100] {settings.py:266} DEBUG - Setting up DB connection pool (PID 1015)
[2023-02-11T11:48:45.707+0100] {processor.py:153} INFO - Started process (PID=1015) to work on /home/tr/airflow/dags/dagProcessusMetier.py
[2023-02-11T11:48:45.708+0100] {processor.py:743} INFO - Processing file /home/tr/airflow/dags/dagProcessusMetier.py for tasks to queue
[2023-02-11T11:48:45.708+0100] {logging_mixin.py:137} INFO - [2023-02-11T11:48:45.708+0100] {dagbag.py:538} INFO - Filling up the DagBag from /home/tr/airflow/dags/dagProcessusMetier.py
[2023-02-11T11:48:45.708+0100] {logging_mixin.py:137} INFO - [2023-02-11T11:48:45.708+0100] {dagbag.py:323} DEBUG - Importing /home/tr/airflow/dags/dagProcessusMetier.py
[2023-02-11T11:48:45.715+0100] {logging_mixin.py:137} WARNING - /home/tr/.local/lib/python3.10/site-packages/airflow/models/baseoperator.py:394 RemovedInAirflow3Warning: provide_context is deprecated as of 2.0 and is no longer required
[2023-02-11T11:48:45.718+0100] {logging_mixin.py:137} INFO - [2023-02-11T11:48:45.717+0100] {dagbag.py:503} DEBUG - Loaded DAG <DAG: dagProcessusMetier>
[2023-02-11T11:48:45.718+0100] {processor.py:753} INFO - DAG(s) dict_keys(['dagProcessusMetier']) retrieved from /home/tr/airflow/dags/dagProcessusMetier.py
[2023-02-11T11:48:45.719+0100] {logging_mixin.py:137} INFO - [2023-02-11T11:48:45.719+0100] {dagbag.py:648} DEBUG - Running dagbag.sync_to_db with retries. Try 1 of 3
[2023-02-11T11:48:45.719+0100] {logging_mixin.py:137} INFO - [2023-02-11T11:48:45.719+0100] {dagbag.py:653} DEBUG - Calling the DAG.bulk_sync_to_db method
[2023-02-11T11:48:45.724+0100] {logging_mixin.py:137} INFO - [2023-02-11T11:48:45.724+0100] {serialized_dag.py:156} DEBUG - Checking if DAG (dagProcessusMetier) changed
[2023-02-11T11:48:45.728+0100] {logging_mixin.py:137} INFO - [2023-02-11T11:48:45.728+0100] {serialized_objects.py:452} DEBUG - Cast type <class 'airflow.models.param.ParamsDict'> to str in serialization.
[2023-02-11T11:48:45.730+0100] {logging_mixin.py:137} INFO - [2023-02-11T11:48:45.730+0100] {serialized_objects.py:452} DEBUG - Cast type <class 'airflow.models.param.ParamsDict'> to str in serialization.
[2023-02-11T11:48:45.732+0100] {logging_mixin.py:137} INFO - [2023-02-11T11:48:45.732+0100] {serialized_objects.py:452} DEBUG - Cast type <class 'airflow.models.param.ParamsDict'> to str in serialization.
[2023-02-11T11:48:45.734+0100] {logging_mixin.py:137} INFO - [2023-02-11T11:48:45.734+0100] {serialized_objects.py:452} DEBUG - Cast type <class 'airflow.models.param.ParamsDict'> to str in serialization.
[2023-02-11T11:48:45.736+0100] {logging_mixin.py:137} INFO - [2023-02-11T11:48:45.736+0100] {serialized_objects.py:452} DEBUG - Cast type <class 'airflow.models.param.ParamsDict'> to str in serialization.
[2023-02-11T11:48:45.745+0100] {logging_mixin.py:137} INFO - [2023-02-11T11:48:45.745+0100] {serialized_dag.py:167} DEBUG - Serialized DAG (dagProcessusMetier) is unchanged. Skipping writing to DB
[2023-02-11T11:48:45.746+0100] {logging_mixin.py:137} INFO - [2023-02-11T11:48:45.745+0100] {dag.py:2690} INFO - Sync 1 DAGs
[2023-02-11T11:48:45.759+0100] {logging_mixin.py:137} INFO - [2023-02-11T11:48:45.759+0100] {dag.py:3437} INFO - Setting next_dagrun for dagProcessusMetier to 2023-02-03T00:00:00+00:00, run_after=2023-02-04T00:00:00+00:00
[2023-02-11T11:48:45.781+0100] {processor.py:175} INFO - Processing /home/tr/airflow/dags/dagProcessusMetier.py took 0.084 seconds
[2023-02-11T11:49:18.182+0100] {logging_mixin.py:137} INFO - [2023-02-11T11:49:18.181+0100] {settings.py:266} DEBUG - Setting up DB connection pool (PID 1052)
[2023-02-11T11:49:18.193+0100] {processor.py:153} INFO - Started process (PID=1052) to work on /home/tr/airflow/dags/dagProcessusMetier.py
[2023-02-11T11:49:18.194+0100] {processor.py:743} INFO - Processing file /home/tr/airflow/dags/dagProcessusMetier.py for tasks to queue
[2023-02-11T11:49:18.194+0100] {logging_mixin.py:137} INFO - [2023-02-11T11:49:18.194+0100] {dagbag.py:538} INFO - Filling up the DagBag from /home/tr/airflow/dags/dagProcessusMetier.py
[2023-02-11T11:49:18.195+0100] {logging_mixin.py:137} INFO - [2023-02-11T11:49:18.195+0100] {dagbag.py:323} DEBUG - Importing /home/tr/airflow/dags/dagProcessusMetier.py
[2023-02-11T11:49:18.203+0100] {logging_mixin.py:137} WARNING - /home/tr/.local/lib/python3.10/site-packages/airflow/models/baseoperator.py:394 RemovedInAirflow3Warning: provide_context is deprecated as of 2.0 and is no longer required
[2023-02-11T11:49:18.207+0100] {logging_mixin.py:137} INFO - [2023-02-11T11:49:18.206+0100] {dagbag.py:503} DEBUG - Loaded DAG <DAG: dagProcessusMetier>
[2023-02-11T11:49:18.207+0100] {processor.py:753} INFO - DAG(s) dict_keys(['dagProcessusMetier']) retrieved from /home/tr/airflow/dags/dagProcessusMetier.py
[2023-02-11T11:49:18.208+0100] {logging_mixin.py:137} INFO - [2023-02-11T11:49:18.208+0100] {dagbag.py:648} DEBUG - Running dagbag.sync_to_db with retries. Try 1 of 3
[2023-02-11T11:49:18.209+0100] {logging_mixin.py:137} INFO - [2023-02-11T11:49:18.209+0100] {dagbag.py:653} DEBUG - Calling the DAG.bulk_sync_to_db method
[2023-02-11T11:49:18.215+0100] {logging_mixin.py:137} INFO - [2023-02-11T11:49:18.215+0100] {serialized_dag.py:156} DEBUG - Checking if DAG (dagProcessusMetier) changed
[2023-02-11T11:49:18.220+0100] {logging_mixin.py:137} INFO - [2023-02-11T11:49:18.220+0100] {serialized_objects.py:452} DEBUG - Cast type <class 'airflow.models.param.ParamsDict'> to str in serialization.
[2023-02-11T11:49:18.223+0100] {logging_mixin.py:137} INFO - [2023-02-11T11:49:18.223+0100] {serialized_objects.py:452} DEBUG - Cast type <class 'airflow.models.param.ParamsDict'> to str in serialization.
[2023-02-11T11:49:18.225+0100] {logging_mixin.py:137} INFO - [2023-02-11T11:49:18.225+0100] {serialized_objects.py:452} DEBUG - Cast type <class 'airflow.models.param.ParamsDict'> to str in serialization.
[2023-02-11T11:49:18.227+0100] {logging_mixin.py:137} INFO - [2023-02-11T11:49:18.227+0100] {serialized_objects.py:452} DEBUG - Cast type <class 'airflow.models.param.ParamsDict'> to str in serialization.
[2023-02-11T11:49:18.230+0100] {logging_mixin.py:137} INFO - [2023-02-11T11:49:18.230+0100] {serialized_objects.py:452} DEBUG - Cast type <class 'airflow.models.param.ParamsDict'> to str in serialization.
[2023-02-11T11:49:18.240+0100] {logging_mixin.py:137} INFO - [2023-02-11T11:49:18.240+0100] {serialized_dag.py:167} DEBUG - Serialized DAG (dagProcessusMetier) is unchanged. Skipping writing to DB
[2023-02-11T11:49:18.240+0100] {logging_mixin.py:137} INFO - [2023-02-11T11:49:18.240+0100] {dag.py:2690} INFO - Sync 1 DAGs
[2023-02-11T11:49:18.255+0100] {logging_mixin.py:137} INFO - [2023-02-11T11:49:18.255+0100] {dag.py:3437} INFO - Setting next_dagrun for dagProcessusMetier to 2023-02-03T00:00:00+00:00, run_after=2023-02-04T00:00:00+00:00
[2023-02-11T11:49:18.280+0100] {processor.py:175} INFO - Processing /home/tr/airflow/dags/dagProcessusMetier.py took 0.099 seconds
[2023-02-11T11:49:50.038+0100] {logging_mixin.py:137} INFO - [2023-02-11T11:49:50.037+0100] {settings.py:266} DEBUG - Setting up DB connection pool (PID 1086)
[2023-02-11T11:49:50.051+0100] {processor.py:153} INFO - Started process (PID=1086) to work on /home/tr/airflow/dags/dagProcessusMetier.py
[2023-02-11T11:49:50.051+0100] {processor.py:743} INFO - Processing file /home/tr/airflow/dags/dagProcessusMetier.py for tasks to queue
[2023-02-11T11:49:50.052+0100] {logging_mixin.py:137} INFO - [2023-02-11T11:49:50.052+0100] {dagbag.py:538} INFO - Filling up the DagBag from /home/tr/airflow/dags/dagProcessusMetier.py
[2023-02-11T11:49:50.053+0100] {logging_mixin.py:137} INFO - [2023-02-11T11:49:50.052+0100] {dagbag.py:323} DEBUG - Importing /home/tr/airflow/dags/dagProcessusMetier.py
[2023-02-11T11:49:50.063+0100] {logging_mixin.py:137} WARNING - /home/tr/.local/lib/python3.10/site-packages/airflow/models/baseoperator.py:394 RemovedInAirflow3Warning: provide_context is deprecated as of 2.0 and is no longer required
[2023-02-11T11:49:50.068+0100] {logging_mixin.py:137} INFO - [2023-02-11T11:49:50.067+0100] {dagbag.py:503} DEBUG - Loaded DAG <DAG: dagProcessusMetier>
[2023-02-11T11:49:50.068+0100] {processor.py:753} INFO - DAG(s) dict_keys(['dagProcessusMetier']) retrieved from /home/tr/airflow/dags/dagProcessusMetier.py
[2023-02-11T11:49:50.069+0100] {logging_mixin.py:137} INFO - [2023-02-11T11:49:50.069+0100] {dagbag.py:648} DEBUG - Running dagbag.sync_to_db with retries. Try 1 of 3
[2023-02-11T11:49:50.069+0100] {logging_mixin.py:137} INFO - [2023-02-11T11:49:50.069+0100] {dagbag.py:653} DEBUG - Calling the DAG.bulk_sync_to_db method
[2023-02-11T11:49:50.077+0100] {logging_mixin.py:137} INFO - [2023-02-11T11:49:50.077+0100] {serialized_dag.py:156} DEBUG - Checking if DAG (dagProcessusMetier) changed
[2023-02-11T11:49:50.083+0100] {logging_mixin.py:137} INFO - [2023-02-11T11:49:50.083+0100] {serialized_objects.py:452} DEBUG - Cast type <class 'airflow.models.param.ParamsDict'> to str in serialization.
[2023-02-11T11:49:50.086+0100] {logging_mixin.py:137} INFO - [2023-02-11T11:49:50.086+0100] {serialized_objects.py:452} DEBUG - Cast type <class 'airflow.models.param.ParamsDict'> to str in serialization.
[2023-02-11T11:49:50.088+0100] {logging_mixin.py:137} INFO - [2023-02-11T11:49:50.088+0100] {serialized_objects.py:452} DEBUG - Cast type <class 'airflow.models.param.ParamsDict'> to str in serialization.
[2023-02-11T11:49:50.091+0100] {logging_mixin.py:137} INFO - [2023-02-11T11:49:50.091+0100] {serialized_objects.py:452} DEBUG - Cast type <class 'airflow.models.param.ParamsDict'> to str in serialization.
[2023-02-11T11:49:50.094+0100] {logging_mixin.py:137} INFO - [2023-02-11T11:49:50.094+0100] {serialized_objects.py:452} DEBUG - Cast type <class 'airflow.models.param.ParamsDict'> to str in serialization.
[2023-02-11T11:49:50.109+0100] {logging_mixin.py:137} INFO - [2023-02-11T11:49:50.109+0100] {serialized_dag.py:167} DEBUG - Serialized DAG (dagProcessusMetier) is unchanged. Skipping writing to DB
[2023-02-11T11:49:50.109+0100] {logging_mixin.py:137} INFO - [2023-02-11T11:49:50.109+0100] {dag.py:2690} INFO - Sync 1 DAGs
[2023-02-11T11:49:50.130+0100] {logging_mixin.py:137} INFO - [2023-02-11T11:49:50.130+0100] {dag.py:3437} INFO - Setting next_dagrun for dagProcessusMetier to 2023-02-03T00:00:00+00:00, run_after=2023-02-04T00:00:00+00:00
[2023-02-11T11:49:50.159+0100] {processor.py:175} INFO - Processing /home/tr/airflow/dags/dagProcessusMetier.py took 0.121 seconds
