[2023-02-11T11:21:03.032+0100] {logging_mixin.py:137} INFO - [2023-02-11T11:21:03.031+0100] {settings.py:266} DEBUG - Setting up DB connection pool (PID 62)
[2023-02-11T11:21:03.034+0100] {processor.py:153} INFO - Started process (PID=62) to work on /home/tr/airflow/dags/dagPMLocal.py
[2023-02-11T11:21:03.035+0100] {processor.py:743} INFO - Processing file /home/tr/airflow/dags/dagPMLocal.py for tasks to queue
[2023-02-11T11:21:03.035+0100] {logging_mixin.py:137} INFO - [2023-02-11T11:21:03.035+0100] {dagbag.py:538} INFO - Filling up the DagBag from /home/tr/airflow/dags/dagPMLocal.py
[2023-02-11T11:21:03.035+0100] {logging_mixin.py:137} INFO - [2023-02-11T11:21:03.035+0100] {dagbag.py:323} DEBUG - Importing /home/tr/airflow/dags/dagPMLocal.py
[2023-02-11T11:21:03.045+0100] {logging_mixin.py:137} WARNING - /home/tr/.local/lib/python3.10/site-packages/airflow/models/baseoperator.py:394 RemovedInAirflow3Warning: provide_context is deprecated as of 2.0 and is no longer required
[2023-02-11T11:21:03.053+0100] {logging_mixin.py:137} INFO - [2023-02-11T11:21:03.052+0100] {dagbag.py:503} DEBUG - Loaded DAG <DAG: dagPMLocal>
[2023-02-11T11:21:03.053+0100] {processor.py:753} INFO - DAG(s) dict_keys(['dagPMLocal']) retrieved from /home/tr/airflow/dags/dagPMLocal.py
[2023-02-11T11:21:03.054+0100] {logging_mixin.py:137} INFO - [2023-02-11T11:21:03.053+0100] {dagbag.py:648} DEBUG - Running dagbag.sync_to_db with retries. Try 1 of 3
[2023-02-11T11:21:03.054+0100] {logging_mixin.py:137} INFO - [2023-02-11T11:21:03.054+0100] {dagbag.py:653} DEBUG - Calling the DAG.bulk_sync_to_db method
[2023-02-11T11:21:03.063+0100] {logging_mixin.py:137} INFO - [2023-02-11T11:21:03.062+0100] {serialized_dag.py:156} DEBUG - Checking if DAG (dagPMLocal) changed
[2023-02-11T11:21:03.077+0100] {logging_mixin.py:137} INFO - [2023-02-11T11:21:03.076+0100] {serialized_dag.py:167} DEBUG - Serialized DAG (dagPMLocal) is unchanged. Skipping writing to DB
[2023-02-11T11:21:03.077+0100] {logging_mixin.py:137} INFO - [2023-02-11T11:21:03.077+0100] {dag.py:2690} INFO - Sync 1 DAGs
[2023-02-11T11:21:03.099+0100] {logging_mixin.py:137} INFO - [2023-02-11T11:21:03.099+0100] {dag.py:3437} INFO - Setting next_dagrun for dagPMLocal to 2023-02-03T00:00:00+00:00, run_after=2023-02-04T00:00:00+00:00
[2023-02-11T11:21:03.126+0100] {processor.py:175} INFO - Processing /home/tr/airflow/dags/dagPMLocal.py took 0.095 seconds
[2023-02-11T11:21:33.277+0100] {logging_mixin.py:137} INFO - [2023-02-11T11:21:33.276+0100] {settings.py:266} DEBUG - Setting up DB connection pool (PID 116)
[2023-02-11T11:21:33.281+0100] {processor.py:153} INFO - Started process (PID=116) to work on /home/tr/airflow/dags/dagPMLocal.py
[2023-02-11T11:21:33.281+0100] {processor.py:743} INFO - Processing file /home/tr/airflow/dags/dagPMLocal.py for tasks to queue
[2023-02-11T11:21:33.282+0100] {logging_mixin.py:137} INFO - [2023-02-11T11:21:33.282+0100] {dagbag.py:538} INFO - Filling up the DagBag from /home/tr/airflow/dags/dagPMLocal.py
[2023-02-11T11:21:33.283+0100] {logging_mixin.py:137} INFO - [2023-02-11T11:21:33.282+0100] {dagbag.py:323} DEBUG - Importing /home/tr/airflow/dags/dagPMLocal.py
[2023-02-11T11:21:33.296+0100] {logging_mixin.py:137} WARNING - /home/tr/.local/lib/python3.10/site-packages/airflow/models/baseoperator.py:394 RemovedInAirflow3Warning: provide_context is deprecated as of 2.0 and is no longer required
[2023-02-11T11:21:33.305+0100] {logging_mixin.py:137} INFO - [2023-02-11T11:21:33.304+0100] {dagbag.py:503} DEBUG - Loaded DAG <DAG: dagPMLocal>
[2023-02-11T11:21:33.305+0100] {processor.py:753} INFO - DAG(s) dict_keys(['dagPMLocal']) retrieved from /home/tr/airflow/dags/dagPMLocal.py
[2023-02-11T11:21:33.306+0100] {logging_mixin.py:137} INFO - [2023-02-11T11:21:33.306+0100] {dagbag.py:648} DEBUG - Running dagbag.sync_to_db with retries. Try 1 of 3
[2023-02-11T11:21:33.306+0100] {logging_mixin.py:137} INFO - [2023-02-11T11:21:33.306+0100] {dagbag.py:653} DEBUG - Calling the DAG.bulk_sync_to_db method
[2023-02-11T11:21:33.316+0100] {logging_mixin.py:137} INFO - [2023-02-11T11:21:33.315+0100] {serialized_dag.py:156} DEBUG - Checking if DAG (dagPMLocal) changed
[2023-02-11T11:21:33.330+0100] {logging_mixin.py:137} INFO - [2023-02-11T11:21:33.330+0100] {serialized_dag.py:167} DEBUG - Serialized DAG (dagPMLocal) is unchanged. Skipping writing to DB
[2023-02-11T11:21:33.330+0100] {logging_mixin.py:137} INFO - [2023-02-11T11:21:33.330+0100] {dag.py:2690} INFO - Sync 1 DAGs
[2023-02-11T11:21:33.356+0100] {logging_mixin.py:137} INFO - [2023-02-11T11:21:33.356+0100] {dag.py:3437} INFO - Setting next_dagrun for dagPMLocal to 2023-02-03T00:00:00+00:00, run_after=2023-02-04T00:00:00+00:00
[2023-02-11T11:21:33.389+0100] {processor.py:175} INFO - Processing /home/tr/airflow/dags/dagPMLocal.py took 0.112 seconds
[2023-02-11T11:22:03.850+0100] {logging_mixin.py:137} INFO - [2023-02-11T11:22:03.849+0100] {settings.py:266} DEBUG - Setting up DB connection pool (PID 120)
[2023-02-11T11:22:03.854+0100] {processor.py:153} INFO - Started process (PID=120) to work on /home/tr/airflow/dags/dagPMLocal.py
[2023-02-11T11:22:03.854+0100] {processor.py:743} INFO - Processing file /home/tr/airflow/dags/dagPMLocal.py for tasks to queue
[2023-02-11T11:22:03.855+0100] {logging_mixin.py:137} INFO - [2023-02-11T11:22:03.855+0100] {dagbag.py:538} INFO - Filling up the DagBag from /home/tr/airflow/dags/dagPMLocal.py
[2023-02-11T11:22:03.856+0100] {logging_mixin.py:137} INFO - [2023-02-11T11:22:03.855+0100] {dagbag.py:323} DEBUG - Importing /home/tr/airflow/dags/dagPMLocal.py
[2023-02-11T11:22:03.867+0100] {logging_mixin.py:137} WARNING - /home/tr/.local/lib/python3.10/site-packages/airflow/models/baseoperator.py:394 RemovedInAirflow3Warning: provide_context is deprecated as of 2.0 and is no longer required
[2023-02-11T11:22:03.877+0100] {logging_mixin.py:137} INFO - [2023-02-11T11:22:03.876+0100] {dagbag.py:503} DEBUG - Loaded DAG <DAG: dagPMLocal>
[2023-02-11T11:22:03.877+0100] {processor.py:753} INFO - DAG(s) dict_keys(['dagPMLocal']) retrieved from /home/tr/airflow/dags/dagPMLocal.py
[2023-02-11T11:22:03.878+0100] {logging_mixin.py:137} INFO - [2023-02-11T11:22:03.878+0100] {dagbag.py:648} DEBUG - Running dagbag.sync_to_db with retries. Try 1 of 3
[2023-02-11T11:22:03.878+0100] {logging_mixin.py:137} INFO - [2023-02-11T11:22:03.878+0100] {dagbag.py:653} DEBUG - Calling the DAG.bulk_sync_to_db method
[2023-02-11T11:22:03.889+0100] {logging_mixin.py:137} INFO - [2023-02-11T11:22:03.888+0100] {serialized_dag.py:156} DEBUG - Checking if DAG (dagPMLocal) changed
[2023-02-11T11:22:03.902+0100] {logging_mixin.py:137} INFO - [2023-02-11T11:22:03.901+0100] {serialized_dag.py:167} DEBUG - Serialized DAG (dagPMLocal) is unchanged. Skipping writing to DB
[2023-02-11T11:22:03.902+0100] {logging_mixin.py:137} INFO - [2023-02-11T11:22:03.902+0100] {dag.py:2690} INFO - Sync 1 DAGs
[2023-02-11T11:22:03.925+0100] {logging_mixin.py:137} INFO - [2023-02-11T11:22:03.925+0100] {dag.py:3437} INFO - Setting next_dagrun for dagPMLocal to 2023-02-03T00:00:00+00:00, run_after=2023-02-04T00:00:00+00:00
[2023-02-11T11:22:03.949+0100] {processor.py:175} INFO - Processing /home/tr/airflow/dags/dagPMLocal.py took 0.100 seconds
[2023-02-11T11:41:13.910+0100] {logging_mixin.py:137} INFO - [2023-02-11T11:41:13.910+0100] {settings.py:266} DEBUG - Setting up DB connection pool (PID 402)
[2023-02-11T11:41:13.922+0100] {processor.py:153} INFO - Started process (PID=402) to work on /home/tr/airflow/dags/dagPMLocal.py
[2023-02-11T11:41:13.923+0100] {processor.py:743} INFO - Processing file /home/tr/airflow/dags/dagPMLocal.py for tasks to queue
[2023-02-11T11:41:13.923+0100] {logging_mixin.py:137} INFO - [2023-02-11T11:41:13.923+0100] {dagbag.py:538} INFO - Filling up the DagBag from /home/tr/airflow/dags/dagPMLocal.py
[2023-02-11T11:41:13.924+0100] {logging_mixin.py:137} INFO - [2023-02-11T11:41:13.924+0100] {dagbag.py:323} DEBUG - Importing /home/tr/airflow/dags/dagPMLocal.py
[2023-02-11T11:41:13.931+0100] {logging_mixin.py:137} WARNING - /home/tr/.local/lib/python3.10/site-packages/airflow/models/baseoperator.py:394 RemovedInAirflow3Warning: provide_context is deprecated as of 2.0 and is no longer required
[2023-02-11T11:41:13.933+0100] {logging_mixin.py:137} INFO - [2023-02-11T11:41:13.933+0100] {dagbag.py:503} DEBUG - Loaded DAG <DAG: dagPMLocal>
[2023-02-11T11:41:13.934+0100] {processor.py:753} INFO - DAG(s) dict_keys(['dagPMLocal']) retrieved from /home/tr/airflow/dags/dagPMLocal.py
[2023-02-11T11:41:13.935+0100] {logging_mixin.py:137} INFO - [2023-02-11T11:41:13.935+0100] {dagbag.py:648} DEBUG - Running dagbag.sync_to_db with retries. Try 1 of 3
[2023-02-11T11:41:13.935+0100] {logging_mixin.py:137} INFO - [2023-02-11T11:41:13.935+0100] {dagbag.py:653} DEBUG - Calling the DAG.bulk_sync_to_db method
[2023-02-11T11:41:13.941+0100] {logging_mixin.py:137} INFO - [2023-02-11T11:41:13.941+0100] {serialized_dag.py:156} DEBUG - Checking if DAG (dagPMLocal) changed
[2023-02-11T11:41:13.954+0100] {logging_mixin.py:137} INFO - [2023-02-11T11:41:13.954+0100] {serialized_dag.py:167} DEBUG - Serialized DAG (dagPMLocal) is unchanged. Skipping writing to DB
[2023-02-11T11:41:13.954+0100] {logging_mixin.py:137} INFO - [2023-02-11T11:41:13.954+0100] {dag.py:2690} INFO - Sync 1 DAGs
[2023-02-11T11:41:13.973+0100] {logging_mixin.py:137} INFO - [2023-02-11T11:41:13.972+0100] {dag.py:3437} INFO - Setting next_dagrun for dagPMLocal to 2023-02-03T00:00:00+00:00, run_after=2023-02-04T00:00:00+00:00
[2023-02-11T11:41:14.001+0100] {processor.py:175} INFO - Processing /home/tr/airflow/dags/dagPMLocal.py took 0.091 seconds
[2023-02-11T11:41:45.841+0100] {logging_mixin.py:137} INFO - [2023-02-11T11:41:45.841+0100] {settings.py:266} DEBUG - Setting up DB connection pool (PID 441)
[2023-02-11T11:41:45.848+0100] {processor.py:153} INFO - Started process (PID=441) to work on /home/tr/airflow/dags/dagPMLocal.py
[2023-02-11T11:41:45.848+0100] {processor.py:743} INFO - Processing file /home/tr/airflow/dags/dagPMLocal.py for tasks to queue
[2023-02-11T11:41:45.849+0100] {logging_mixin.py:137} INFO - [2023-02-11T11:41:45.849+0100] {dagbag.py:538} INFO - Filling up the DagBag from /home/tr/airflow/dags/dagPMLocal.py
[2023-02-11T11:41:45.849+0100] {logging_mixin.py:137} INFO - [2023-02-11T11:41:45.849+0100] {dagbag.py:323} DEBUG - Importing /home/tr/airflow/dags/dagPMLocal.py
[2023-02-11T11:41:45.857+0100] {logging_mixin.py:137} WARNING - /home/tr/.local/lib/python3.10/site-packages/airflow/models/baseoperator.py:394 RemovedInAirflow3Warning: provide_context is deprecated as of 2.0 and is no longer required
[2023-02-11T11:41:45.860+0100] {logging_mixin.py:137} INFO - [2023-02-11T11:41:45.859+0100] {dagbag.py:503} DEBUG - Loaded DAG <DAG: dagPMLocal>
[2023-02-11T11:41:45.860+0100] {processor.py:753} INFO - DAG(s) dict_keys(['dagPMLocal']) retrieved from /home/tr/airflow/dags/dagPMLocal.py
[2023-02-11T11:41:45.861+0100] {logging_mixin.py:137} INFO - [2023-02-11T11:41:45.861+0100] {dagbag.py:648} DEBUG - Running dagbag.sync_to_db with retries. Try 1 of 3
[2023-02-11T11:41:45.861+0100] {logging_mixin.py:137} INFO - [2023-02-11T11:41:45.861+0100] {dagbag.py:653} DEBUG - Calling the DAG.bulk_sync_to_db method
[2023-02-11T11:41:45.867+0100] {logging_mixin.py:137} INFO - [2023-02-11T11:41:45.867+0100] {serialized_dag.py:156} DEBUG - Checking if DAG (dagPMLocal) changed
[2023-02-11T11:41:45.880+0100] {logging_mixin.py:137} INFO - [2023-02-11T11:41:45.879+0100] {serialized_dag.py:167} DEBUG - Serialized DAG (dagPMLocal) is unchanged. Skipping writing to DB
[2023-02-11T11:41:45.880+0100] {logging_mixin.py:137} INFO - [2023-02-11T11:41:45.880+0100] {dag.py:2690} INFO - Sync 1 DAGs
[2023-02-11T11:41:45.898+0100] {logging_mixin.py:137} INFO - [2023-02-11T11:41:45.898+0100] {dag.py:3437} INFO - Setting next_dagrun for dagPMLocal to 2023-02-03T00:00:00+00:00, run_after=2023-02-04T00:00:00+00:00
[2023-02-11T11:41:45.926+0100] {processor.py:175} INFO - Processing /home/tr/airflow/dags/dagPMLocal.py took 0.085 seconds
[2023-02-11T11:42:18.035+0100] {logging_mixin.py:137} INFO - [2023-02-11T11:42:18.034+0100] {settings.py:266} DEBUG - Setting up DB connection pool (PID 495)
[2023-02-11T11:42:18.047+0100] {processor.py:153} INFO - Started process (PID=495) to work on /home/tr/airflow/dags/dagPMLocal.py
[2023-02-11T11:42:18.047+0100] {processor.py:743} INFO - Processing file /home/tr/airflow/dags/dagPMLocal.py for tasks to queue
[2023-02-11T11:42:18.048+0100] {logging_mixin.py:137} INFO - [2023-02-11T11:42:18.048+0100] {dagbag.py:538} INFO - Filling up the DagBag from /home/tr/airflow/dags/dagPMLocal.py
[2023-02-11T11:42:18.049+0100] {logging_mixin.py:137} INFO - [2023-02-11T11:42:18.048+0100] {dagbag.py:323} DEBUG - Importing /home/tr/airflow/dags/dagPMLocal.py
[2023-02-11T11:42:18.056+0100] {logging_mixin.py:137} WARNING - /home/tr/.local/lib/python3.10/site-packages/airflow/models/baseoperator.py:394 RemovedInAirflow3Warning: provide_context is deprecated as of 2.0 and is no longer required
[2023-02-11T11:42:18.059+0100] {logging_mixin.py:137} INFO - [2023-02-11T11:42:18.058+0100] {dagbag.py:503} DEBUG - Loaded DAG <DAG: dagPMLocal>
[2023-02-11T11:42:18.059+0100] {processor.py:753} INFO - DAG(s) dict_keys(['dagPMLocal']) retrieved from /home/tr/airflow/dags/dagPMLocal.py
[2023-02-11T11:42:18.060+0100] {logging_mixin.py:137} INFO - [2023-02-11T11:42:18.059+0100] {dagbag.py:648} DEBUG - Running dagbag.sync_to_db with retries. Try 1 of 3
[2023-02-11T11:42:18.060+0100] {logging_mixin.py:137} INFO - [2023-02-11T11:42:18.060+0100] {dagbag.py:653} DEBUG - Calling the DAG.bulk_sync_to_db method
[2023-02-11T11:42:18.066+0100] {logging_mixin.py:137} INFO - [2023-02-11T11:42:18.066+0100] {serialized_dag.py:156} DEBUG - Checking if DAG (dagPMLocal) changed
[2023-02-11T11:42:18.080+0100] {logging_mixin.py:137} INFO - [2023-02-11T11:42:18.079+0100] {serialized_dag.py:167} DEBUG - Serialized DAG (dagPMLocal) is unchanged. Skipping writing to DB
[2023-02-11T11:42:18.080+0100] {logging_mixin.py:137} INFO - [2023-02-11T11:42:18.080+0100] {dag.py:2690} INFO - Sync 1 DAGs
[2023-02-11T11:42:18.095+0100] {logging_mixin.py:137} INFO - [2023-02-11T11:42:18.094+0100] {dag.py:3437} INFO - Setting next_dagrun for dagPMLocal to 2023-02-03T00:00:00+00:00, run_after=2023-02-04T00:00:00+00:00
[2023-02-11T11:42:18.122+0100] {processor.py:175} INFO - Processing /home/tr/airflow/dags/dagPMLocal.py took 0.088 seconds
[2023-02-11T11:42:50.288+0100] {logging_mixin.py:137} INFO - [2023-02-11T11:42:50.288+0100] {settings.py:266} DEBUG - Setting up DB connection pool (PID 569)
[2023-02-11T11:42:50.300+0100] {processor.py:153} INFO - Started process (PID=569) to work on /home/tr/airflow/dags/dagPMLocal.py
[2023-02-11T11:42:50.301+0100] {processor.py:743} INFO - Processing file /home/tr/airflow/dags/dagPMLocal.py for tasks to queue
[2023-02-11T11:42:50.301+0100] {logging_mixin.py:137} INFO - [2023-02-11T11:42:50.301+0100] {dagbag.py:538} INFO - Filling up the DagBag from /home/tr/airflow/dags/dagPMLocal.py
[2023-02-11T11:42:50.302+0100] {logging_mixin.py:137} INFO - [2023-02-11T11:42:50.302+0100] {dagbag.py:323} DEBUG - Importing /home/tr/airflow/dags/dagPMLocal.py
[2023-02-11T11:42:50.311+0100] {logging_mixin.py:137} WARNING - /home/tr/.local/lib/python3.10/site-packages/airflow/models/baseoperator.py:394 RemovedInAirflow3Warning: provide_context is deprecated as of 2.0 and is no longer required
[2023-02-11T11:42:50.313+0100] {logging_mixin.py:137} INFO - [2023-02-11T11:42:50.313+0100] {dagbag.py:503} DEBUG - Loaded DAG <DAG: dagPMLocal>
[2023-02-11T11:42:50.313+0100] {processor.py:753} INFO - DAG(s) dict_keys(['dagPMLocal']) retrieved from /home/tr/airflow/dags/dagPMLocal.py
[2023-02-11T11:42:50.314+0100] {logging_mixin.py:137} INFO - [2023-02-11T11:42:50.314+0100] {dagbag.py:648} DEBUG - Running dagbag.sync_to_db with retries. Try 1 of 3
[2023-02-11T11:42:50.314+0100] {logging_mixin.py:137} INFO - [2023-02-11T11:42:50.314+0100] {dagbag.py:653} DEBUG - Calling the DAG.bulk_sync_to_db method
[2023-02-11T11:42:50.323+0100] {logging_mixin.py:137} INFO - [2023-02-11T11:42:50.323+0100] {serialized_dag.py:156} DEBUG - Checking if DAG (dagPMLocal) changed
[2023-02-11T11:42:50.336+0100] {logging_mixin.py:137} INFO - [2023-02-11T11:42:50.335+0100] {serialized_dag.py:167} DEBUG - Serialized DAG (dagPMLocal) is unchanged. Skipping writing to DB
[2023-02-11T11:42:50.336+0100] {logging_mixin.py:137} INFO - [2023-02-11T11:42:50.336+0100] {dag.py:2690} INFO - Sync 1 DAGs
[2023-02-11T11:42:50.355+0100] {logging_mixin.py:137} INFO - [2023-02-11T11:42:50.355+0100] {dag.py:3437} INFO - Setting next_dagrun for dagPMLocal to 2023-02-03T00:00:00+00:00, run_after=2023-02-04T00:00:00+00:00
[2023-02-11T11:42:50.387+0100] {processor.py:175} INFO - Processing /home/tr/airflow/dags/dagPMLocal.py took 0.099 seconds
[2023-02-11T11:43:21.592+0100] {logging_mixin.py:137} INFO - [2023-02-11T11:43:21.591+0100] {settings.py:266} DEBUG - Setting up DB connection pool (PID 609)
[2023-02-11T11:43:21.597+0100] {processor.py:153} INFO - Started process (PID=609) to work on /home/tr/airflow/dags/dagPMLocal.py
[2023-02-11T11:43:21.597+0100] {processor.py:743} INFO - Processing file /home/tr/airflow/dags/dagPMLocal.py for tasks to queue
[2023-02-11T11:43:21.598+0100] {logging_mixin.py:137} INFO - [2023-02-11T11:43:21.598+0100] {dagbag.py:538} INFO - Filling up the DagBag from /home/tr/airflow/dags/dagPMLocal.py
[2023-02-11T11:43:21.598+0100] {logging_mixin.py:137} INFO - [2023-02-11T11:43:21.598+0100] {dagbag.py:323} DEBUG - Importing /home/tr/airflow/dags/dagPMLocal.py
[2023-02-11T11:43:21.609+0100] {logging_mixin.py:137} WARNING - /home/tr/.local/lib/python3.10/site-packages/airflow/models/baseoperator.py:394 RemovedInAirflow3Warning: provide_context is deprecated as of 2.0 and is no longer required
[2023-02-11T11:43:21.612+0100] {logging_mixin.py:137} INFO - [2023-02-11T11:43:21.611+0100] {dagbag.py:503} DEBUG - Loaded DAG <DAG: dagPMLocal>
[2023-02-11T11:43:21.612+0100] {processor.py:753} INFO - DAG(s) dict_keys(['dagPMLocal']) retrieved from /home/tr/airflow/dags/dagPMLocal.py
[2023-02-11T11:43:21.613+0100] {logging_mixin.py:137} INFO - [2023-02-11T11:43:21.613+0100] {dagbag.py:648} DEBUG - Running dagbag.sync_to_db with retries. Try 1 of 3
[2023-02-11T11:43:21.613+0100] {logging_mixin.py:137} INFO - [2023-02-11T11:43:21.613+0100] {dagbag.py:653} DEBUG - Calling the DAG.bulk_sync_to_db method
[2023-02-11T11:43:21.622+0100] {logging_mixin.py:137} INFO - [2023-02-11T11:43:21.621+0100] {serialized_dag.py:156} DEBUG - Checking if DAG (dagPMLocal) changed
[2023-02-11T11:43:21.639+0100] {logging_mixin.py:137} INFO - [2023-02-11T11:43:21.639+0100] {serialized_dag.py:167} DEBUG - Serialized DAG (dagPMLocal) is unchanged. Skipping writing to DB
[2023-02-11T11:43:21.640+0100] {logging_mixin.py:137} INFO - [2023-02-11T11:43:21.640+0100] {dag.py:2690} INFO - Sync 1 DAGs
[2023-02-11T11:43:21.657+0100] {logging_mixin.py:137} INFO - [2023-02-11T11:43:21.657+0100] {dag.py:3437} INFO - Setting next_dagrun for dagPMLocal to 2023-02-03T00:00:00+00:00, run_after=2023-02-04T00:00:00+00:00
[2023-02-11T11:43:21.679+0100] {processor.py:175} INFO - Processing /home/tr/airflow/dags/dagPMLocal.py took 0.087 seconds
[2023-02-11T11:43:52.601+0100] {logging_mixin.py:137} INFO - [2023-02-11T11:43:52.601+0100] {settings.py:266} DEBUG - Setting up DB connection pool (PID 642)
[2023-02-11T11:43:52.605+0100] {processor.py:153} INFO - Started process (PID=642) to work on /home/tr/airflow/dags/dagPMLocal.py
[2023-02-11T11:43:52.605+0100] {processor.py:743} INFO - Processing file /home/tr/airflow/dags/dagPMLocal.py for tasks to queue
[2023-02-11T11:43:52.606+0100] {logging_mixin.py:137} INFO - [2023-02-11T11:43:52.606+0100] {dagbag.py:538} INFO - Filling up the DagBag from /home/tr/airflow/dags/dagPMLocal.py
[2023-02-11T11:43:52.606+0100] {logging_mixin.py:137} INFO - [2023-02-11T11:43:52.606+0100] {dagbag.py:323} DEBUG - Importing /home/tr/airflow/dags/dagPMLocal.py
[2023-02-11T11:43:52.614+0100] {logging_mixin.py:137} WARNING - /home/tr/.local/lib/python3.10/site-packages/airflow/models/baseoperator.py:394 RemovedInAirflow3Warning: provide_context is deprecated as of 2.0 and is no longer required
[2023-02-11T11:43:52.617+0100] {logging_mixin.py:137} INFO - [2023-02-11T11:43:52.616+0100] {dagbag.py:503} DEBUG - Loaded DAG <DAG: dagPMLocal>
[2023-02-11T11:43:52.617+0100] {processor.py:753} INFO - DAG(s) dict_keys(['dagPMLocal']) retrieved from /home/tr/airflow/dags/dagPMLocal.py
[2023-02-11T11:43:52.618+0100] {logging_mixin.py:137} INFO - [2023-02-11T11:43:52.618+0100] {dagbag.py:648} DEBUG - Running dagbag.sync_to_db with retries. Try 1 of 3
[2023-02-11T11:43:52.618+0100] {logging_mixin.py:137} INFO - [2023-02-11T11:43:52.618+0100] {dagbag.py:653} DEBUG - Calling the DAG.bulk_sync_to_db method
[2023-02-11T11:43:52.624+0100] {logging_mixin.py:137} INFO - [2023-02-11T11:43:52.624+0100] {serialized_dag.py:156} DEBUG - Checking if DAG (dagPMLocal) changed
[2023-02-11T11:43:52.636+0100] {logging_mixin.py:137} INFO - [2023-02-11T11:43:52.636+0100] {serialized_dag.py:167} DEBUG - Serialized DAG (dagPMLocal) is unchanged. Skipping writing to DB
[2023-02-11T11:43:52.637+0100] {logging_mixin.py:137} INFO - [2023-02-11T11:43:52.636+0100] {dag.py:2690} INFO - Sync 1 DAGs
[2023-02-11T11:43:52.653+0100] {logging_mixin.py:137} INFO - [2023-02-11T11:43:52.653+0100] {dag.py:3437} INFO - Setting next_dagrun for dagPMLocal to 2023-02-03T00:00:00+00:00, run_after=2023-02-04T00:00:00+00:00
[2023-02-11T11:43:52.676+0100] {processor.py:175} INFO - Processing /home/tr/airflow/dags/dagPMLocal.py took 0.076 seconds
[2023-02-11T11:44:23.525+0100] {logging_mixin.py:137} INFO - [2023-02-11T11:44:23.524+0100] {settings.py:266} DEBUG - Setting up DB connection pool (PID 673)
[2023-02-11T11:44:23.537+0100] {processor.py:153} INFO - Started process (PID=673) to work on /home/tr/airflow/dags/dagPMLocal.py
[2023-02-11T11:44:23.537+0100] {processor.py:743} INFO - Processing file /home/tr/airflow/dags/dagPMLocal.py for tasks to queue
[2023-02-11T11:44:23.538+0100] {logging_mixin.py:137} INFO - [2023-02-11T11:44:23.538+0100] {dagbag.py:538} INFO - Filling up the DagBag from /home/tr/airflow/dags/dagPMLocal.py
[2023-02-11T11:44:23.539+0100] {logging_mixin.py:137} INFO - [2023-02-11T11:44:23.539+0100] {dagbag.py:323} DEBUG - Importing /home/tr/airflow/dags/dagPMLocal.py
[2023-02-11T11:44:23.547+0100] {logging_mixin.py:137} WARNING - /home/tr/.local/lib/python3.10/site-packages/airflow/models/baseoperator.py:394 RemovedInAirflow3Warning: provide_context is deprecated as of 2.0 and is no longer required
[2023-02-11T11:44:23.550+0100] {logging_mixin.py:137} INFO - [2023-02-11T11:44:23.549+0100] {dagbag.py:503} DEBUG - Loaded DAG <DAG: dagPMLocal>
[2023-02-11T11:44:23.550+0100] {processor.py:753} INFO - DAG(s) dict_keys(['dagPMLocal']) retrieved from /home/tr/airflow/dags/dagPMLocal.py
[2023-02-11T11:44:23.551+0100] {logging_mixin.py:137} INFO - [2023-02-11T11:44:23.551+0100] {dagbag.py:648} DEBUG - Running dagbag.sync_to_db with retries. Try 1 of 3
[2023-02-11T11:44:23.551+0100] {logging_mixin.py:137} INFO - [2023-02-11T11:44:23.551+0100] {dagbag.py:653} DEBUG - Calling the DAG.bulk_sync_to_db method
[2023-02-11T11:44:23.558+0100] {logging_mixin.py:137} INFO - [2023-02-11T11:44:23.558+0100] {serialized_dag.py:156} DEBUG - Checking if DAG (dagPMLocal) changed
[2023-02-11T11:44:23.571+0100] {logging_mixin.py:137} INFO - [2023-02-11T11:44:23.571+0100] {serialized_dag.py:167} DEBUG - Serialized DAG (dagPMLocal) is unchanged. Skipping writing to DB
[2023-02-11T11:44:23.571+0100] {logging_mixin.py:137} INFO - [2023-02-11T11:44:23.571+0100] {dag.py:2690} INFO - Sync 1 DAGs
[2023-02-11T11:44:23.590+0100] {logging_mixin.py:137} INFO - [2023-02-11T11:44:23.590+0100] {dag.py:3437} INFO - Setting next_dagrun for dagPMLocal to 2023-02-03T00:00:00+00:00, run_after=2023-02-04T00:00:00+00:00
[2023-02-11T11:44:23.613+0100] {processor.py:175} INFO - Processing /home/tr/airflow/dags/dagPMLocal.py took 0.089 seconds
[2023-02-11T11:44:56.023+0100] {logging_mixin.py:137} INFO - [2023-02-11T11:44:56.022+0100] {settings.py:266} DEBUG - Setting up DB connection pool (PID 745)
[2023-02-11T11:44:56.035+0100] {processor.py:153} INFO - Started process (PID=745) to work on /home/tr/airflow/dags/dagPMLocal.py
[2023-02-11T11:44:56.036+0100] {processor.py:743} INFO - Processing file /home/tr/airflow/dags/dagPMLocal.py for tasks to queue
[2023-02-11T11:44:56.036+0100] {logging_mixin.py:137} INFO - [2023-02-11T11:44:56.036+0100] {dagbag.py:538} INFO - Filling up the DagBag from /home/tr/airflow/dags/dagPMLocal.py
[2023-02-11T11:44:56.037+0100] {logging_mixin.py:137} INFO - [2023-02-11T11:44:56.037+0100] {dagbag.py:323} DEBUG - Importing /home/tr/airflow/dags/dagPMLocal.py
[2023-02-11T11:44:56.046+0100] {logging_mixin.py:137} WARNING - /home/tr/.local/lib/python3.10/site-packages/airflow/models/baseoperator.py:394 RemovedInAirflow3Warning: provide_context is deprecated as of 2.0 and is no longer required
[2023-02-11T11:44:56.050+0100] {logging_mixin.py:137} INFO - [2023-02-11T11:44:56.049+0100] {dagbag.py:503} DEBUG - Loaded DAG <DAG: dagPMLocal>
[2023-02-11T11:44:56.050+0100] {processor.py:753} INFO - DAG(s) dict_keys(['dagPMLocal']) retrieved from /home/tr/airflow/dags/dagPMLocal.py
[2023-02-11T11:44:56.051+0100] {logging_mixin.py:137} INFO - [2023-02-11T11:44:56.051+0100] {dagbag.py:648} DEBUG - Running dagbag.sync_to_db with retries. Try 1 of 3
[2023-02-11T11:44:56.051+0100] {logging_mixin.py:137} INFO - [2023-02-11T11:44:56.051+0100] {dagbag.py:653} DEBUG - Calling the DAG.bulk_sync_to_db method
[2023-02-11T11:44:56.058+0100] {logging_mixin.py:137} INFO - [2023-02-11T11:44:56.057+0100] {serialized_dag.py:156} DEBUG - Checking if DAG (dagPMLocal) changed
[2023-02-11T11:44:56.072+0100] {logging_mixin.py:137} INFO - [2023-02-11T11:44:56.072+0100] {serialized_dag.py:167} DEBUG - Serialized DAG (dagPMLocal) is unchanged. Skipping writing to DB
[2023-02-11T11:44:56.072+0100] {logging_mixin.py:137} INFO - [2023-02-11T11:44:56.072+0100] {dag.py:2690} INFO - Sync 1 DAGs
[2023-02-11T11:44:56.092+0100] {logging_mixin.py:137} INFO - [2023-02-11T11:44:56.092+0100] {dag.py:3437} INFO - Setting next_dagrun for dagPMLocal to 2023-02-03T00:00:00+00:00, run_after=2023-02-04T00:00:00+00:00
[2023-02-11T11:44:56.119+0100] {processor.py:175} INFO - Processing /home/tr/airflow/dags/dagPMLocal.py took 0.096 seconds
[2023-02-11T11:45:28.474+0100] {logging_mixin.py:137} INFO - [2023-02-11T11:45:28.473+0100] {settings.py:266} DEBUG - Setting up DB connection pool (PID 777)
[2023-02-11T11:45:28.485+0100] {processor.py:153} INFO - Started process (PID=777) to work on /home/tr/airflow/dags/dagPMLocal.py
[2023-02-11T11:45:28.485+0100] {processor.py:743} INFO - Processing file /home/tr/airflow/dags/dagPMLocal.py for tasks to queue
[2023-02-11T11:45:28.486+0100] {logging_mixin.py:137} INFO - [2023-02-11T11:45:28.485+0100] {dagbag.py:538} INFO - Filling up the DagBag from /home/tr/airflow/dags/dagPMLocal.py
[2023-02-11T11:45:28.486+0100] {logging_mixin.py:137} INFO - [2023-02-11T11:45:28.486+0100] {dagbag.py:323} DEBUG - Importing /home/tr/airflow/dags/dagPMLocal.py
[2023-02-11T11:45:28.494+0100] {logging_mixin.py:137} WARNING - /home/tr/.local/lib/python3.10/site-packages/airflow/models/baseoperator.py:394 RemovedInAirflow3Warning: provide_context is deprecated as of 2.0 and is no longer required
[2023-02-11T11:45:28.496+0100] {logging_mixin.py:137} INFO - [2023-02-11T11:45:28.495+0100] {dagbag.py:503} DEBUG - Loaded DAG <DAG: dagPMLocal>
[2023-02-11T11:45:28.496+0100] {processor.py:753} INFO - DAG(s) dict_keys(['dagPMLocal']) retrieved from /home/tr/airflow/dags/dagPMLocal.py
[2023-02-11T11:45:28.497+0100] {logging_mixin.py:137} INFO - [2023-02-11T11:45:28.497+0100] {dagbag.py:648} DEBUG - Running dagbag.sync_to_db with retries. Try 1 of 3
[2023-02-11T11:45:28.497+0100] {logging_mixin.py:137} INFO - [2023-02-11T11:45:28.497+0100] {dagbag.py:653} DEBUG - Calling the DAG.bulk_sync_to_db method
[2023-02-11T11:45:28.504+0100] {logging_mixin.py:137} INFO - [2023-02-11T11:45:28.504+0100] {serialized_dag.py:156} DEBUG - Checking if DAG (dagPMLocal) changed
[2023-02-11T11:45:28.516+0100] {logging_mixin.py:137} INFO - [2023-02-11T11:45:28.515+0100] {serialized_dag.py:167} DEBUG - Serialized DAG (dagPMLocal) is unchanged. Skipping writing to DB
[2023-02-11T11:45:28.516+0100] {logging_mixin.py:137} INFO - [2023-02-11T11:45:28.516+0100] {dag.py:2690} INFO - Sync 1 DAGs
[2023-02-11T11:45:28.530+0100] {logging_mixin.py:137} INFO - [2023-02-11T11:45:28.530+0100] {dag.py:3437} INFO - Setting next_dagrun for dagPMLocal to 2023-02-03T00:00:00+00:00, run_after=2023-02-04T00:00:00+00:00
[2023-02-11T11:45:28.556+0100] {processor.py:175} INFO - Processing /home/tr/airflow/dags/dagPMLocal.py took 0.083 seconds
[2023-02-11T11:46:00.594+0100] {logging_mixin.py:137} INFO - [2023-02-11T11:46:00.594+0100] {settings.py:266} DEBUG - Setting up DB connection pool (PID 809)
[2023-02-11T11:46:00.606+0100] {processor.py:153} INFO - Started process (PID=809) to work on /home/tr/airflow/dags/dagPMLocal.py
[2023-02-11T11:46:00.607+0100] {processor.py:743} INFO - Processing file /home/tr/airflow/dags/dagPMLocal.py for tasks to queue
[2023-02-11T11:46:00.607+0100] {logging_mixin.py:137} INFO - [2023-02-11T11:46:00.607+0100] {dagbag.py:538} INFO - Filling up the DagBag from /home/tr/airflow/dags/dagPMLocal.py
[2023-02-11T11:46:00.607+0100] {logging_mixin.py:137} INFO - [2023-02-11T11:46:00.607+0100] {dagbag.py:323} DEBUG - Importing /home/tr/airflow/dags/dagPMLocal.py
[2023-02-11T11:46:00.616+0100] {logging_mixin.py:137} WARNING - /home/tr/.local/lib/python3.10/site-packages/airflow/models/baseoperator.py:394 RemovedInAirflow3Warning: provide_context is deprecated as of 2.0 and is no longer required
[2023-02-11T11:46:00.618+0100] {logging_mixin.py:137} INFO - [2023-02-11T11:46:00.617+0100] {dagbag.py:503} DEBUG - Loaded DAG <DAG: dagPMLocal>
[2023-02-11T11:46:00.618+0100] {processor.py:753} INFO - DAG(s) dict_keys(['dagPMLocal']) retrieved from /home/tr/airflow/dags/dagPMLocal.py
[2023-02-11T11:46:00.619+0100] {logging_mixin.py:137} INFO - [2023-02-11T11:46:00.619+0100] {dagbag.py:648} DEBUG - Running dagbag.sync_to_db with retries. Try 1 of 3
[2023-02-11T11:46:00.619+0100] {logging_mixin.py:137} INFO - [2023-02-11T11:46:00.619+0100] {dagbag.py:653} DEBUG - Calling the DAG.bulk_sync_to_db method
[2023-02-11T11:46:00.626+0100] {logging_mixin.py:137} INFO - [2023-02-11T11:46:00.626+0100] {serialized_dag.py:156} DEBUG - Checking if DAG (dagPMLocal) changed
[2023-02-11T11:46:00.637+0100] {logging_mixin.py:137} INFO - [2023-02-11T11:46:00.637+0100] {serialized_dag.py:167} DEBUG - Serialized DAG (dagPMLocal) is unchanged. Skipping writing to DB
[2023-02-11T11:46:00.637+0100] {logging_mixin.py:137} INFO - [2023-02-11T11:46:00.637+0100] {dag.py:2690} INFO - Sync 1 DAGs
[2023-02-11T11:46:00.657+0100] {logging_mixin.py:137} INFO - [2023-02-11T11:46:00.656+0100] {dag.py:3437} INFO - Setting next_dagrun for dagPMLocal to 2023-02-03T00:00:00+00:00, run_after=2023-02-04T00:00:00+00:00
[2023-02-11T11:46:00.679+0100] {processor.py:175} INFO - Processing /home/tr/airflow/dags/dagPMLocal.py took 0.085 seconds
[2023-02-11T11:46:32.350+0100] {logging_mixin.py:137} INFO - [2023-02-11T11:46:32.349+0100] {settings.py:266} DEBUG - Setting up DB connection pool (PID 841)
[2023-02-11T11:46:32.363+0100] {processor.py:153} INFO - Started process (PID=841) to work on /home/tr/airflow/dags/dagPMLocal.py
[2023-02-11T11:46:32.364+0100] {processor.py:743} INFO - Processing file /home/tr/airflow/dags/dagPMLocal.py for tasks to queue
[2023-02-11T11:46:32.365+0100] {logging_mixin.py:137} INFO - [2023-02-11T11:46:32.364+0100] {dagbag.py:538} INFO - Filling up the DagBag from /home/tr/airflow/dags/dagPMLocal.py
[2023-02-11T11:46:32.365+0100] {logging_mixin.py:137} INFO - [2023-02-11T11:46:32.365+0100] {dagbag.py:323} DEBUG - Importing /home/tr/airflow/dags/dagPMLocal.py
[2023-02-11T11:46:32.374+0100] {logging_mixin.py:137} WARNING - /home/tr/.local/lib/python3.10/site-packages/airflow/models/baseoperator.py:394 RemovedInAirflow3Warning: provide_context is deprecated as of 2.0 and is no longer required
[2023-02-11T11:46:32.377+0100] {logging_mixin.py:137} INFO - [2023-02-11T11:46:32.376+0100] {dagbag.py:503} DEBUG - Loaded DAG <DAG: dagPMLocal>
[2023-02-11T11:46:32.378+0100] {processor.py:753} INFO - DAG(s) dict_keys(['dagPMLocal']) retrieved from /home/tr/airflow/dags/dagPMLocal.py
[2023-02-11T11:46:32.379+0100] {logging_mixin.py:137} INFO - [2023-02-11T11:46:32.379+0100] {dagbag.py:648} DEBUG - Running dagbag.sync_to_db with retries. Try 1 of 3
[2023-02-11T11:46:32.379+0100] {logging_mixin.py:137} INFO - [2023-02-11T11:46:32.379+0100] {dagbag.py:653} DEBUG - Calling the DAG.bulk_sync_to_db method
[2023-02-11T11:46:32.389+0100] {logging_mixin.py:137} INFO - [2023-02-11T11:46:32.388+0100] {serialized_dag.py:156} DEBUG - Checking if DAG (dagPMLocal) changed
[2023-02-11T11:46:32.406+0100] {logging_mixin.py:137} INFO - [2023-02-11T11:46:32.405+0100] {serialized_dag.py:167} DEBUG - Serialized DAG (dagPMLocal) is unchanged. Skipping writing to DB
[2023-02-11T11:46:32.406+0100] {logging_mixin.py:137} INFO - [2023-02-11T11:46:32.406+0100] {dag.py:2690} INFO - Sync 1 DAGs
[2023-02-11T11:46:32.428+0100] {logging_mixin.py:137} INFO - [2023-02-11T11:46:32.427+0100] {dag.py:3437} INFO - Setting next_dagrun for dagPMLocal to 2023-02-03T00:00:00+00:00, run_after=2023-02-04T00:00:00+00:00
[2023-02-11T11:46:32.456+0100] {processor.py:175} INFO - Processing /home/tr/airflow/dags/dagPMLocal.py took 0.107 seconds
[2023-02-11T11:47:03.924+0100] {logging_mixin.py:137} INFO - [2023-02-11T11:47:03.923+0100] {settings.py:266} DEBUG - Setting up DB connection pool (PID 874)
[2023-02-11T11:47:03.935+0100] {processor.py:153} INFO - Started process (PID=874) to work on /home/tr/airflow/dags/dagPMLocal.py
[2023-02-11T11:47:03.936+0100] {processor.py:743} INFO - Processing file /home/tr/airflow/dags/dagPMLocal.py for tasks to queue
[2023-02-11T11:47:03.936+0100] {logging_mixin.py:137} INFO - [2023-02-11T11:47:03.936+0100] {dagbag.py:538} INFO - Filling up the DagBag from /home/tr/airflow/dags/dagPMLocal.py
[2023-02-11T11:47:03.937+0100] {logging_mixin.py:137} INFO - [2023-02-11T11:47:03.937+0100] {dagbag.py:323} DEBUG - Importing /home/tr/airflow/dags/dagPMLocal.py
[2023-02-11T11:47:03.946+0100] {logging_mixin.py:137} WARNING - /home/tr/.local/lib/python3.10/site-packages/airflow/models/baseoperator.py:394 RemovedInAirflow3Warning: provide_context is deprecated as of 2.0 and is no longer required
[2023-02-11T11:47:03.948+0100] {logging_mixin.py:137} INFO - [2023-02-11T11:47:03.948+0100] {dagbag.py:503} DEBUG - Loaded DAG <DAG: dagPMLocal>
[2023-02-11T11:47:03.948+0100] {processor.py:753} INFO - DAG(s) dict_keys(['dagPMLocal']) retrieved from /home/tr/airflow/dags/dagPMLocal.py
[2023-02-11T11:47:03.949+0100] {logging_mixin.py:137} INFO - [2023-02-11T11:47:03.949+0100] {dagbag.py:648} DEBUG - Running dagbag.sync_to_db with retries. Try 1 of 3
[2023-02-11T11:47:03.950+0100] {logging_mixin.py:137} INFO - [2023-02-11T11:47:03.950+0100] {dagbag.py:653} DEBUG - Calling the DAG.bulk_sync_to_db method
[2023-02-11T11:47:03.956+0100] {logging_mixin.py:137} INFO - [2023-02-11T11:47:03.956+0100] {serialized_dag.py:156} DEBUG - Checking if DAG (dagPMLocal) changed
[2023-02-11T11:47:03.969+0100] {logging_mixin.py:137} INFO - [2023-02-11T11:47:03.969+0100] {serialized_dag.py:167} DEBUG - Serialized DAG (dagPMLocal) is unchanged. Skipping writing to DB
[2023-02-11T11:47:03.969+0100] {logging_mixin.py:137} INFO - [2023-02-11T11:47:03.969+0100] {dag.py:2690} INFO - Sync 1 DAGs
[2023-02-11T11:47:03.984+0100] {logging_mixin.py:137} INFO - [2023-02-11T11:47:03.984+0100] {dag.py:3437} INFO - Setting next_dagrun for dagPMLocal to 2023-02-03T00:00:00+00:00, run_after=2023-02-04T00:00:00+00:00
[2023-02-11T11:47:04.007+0100] {processor.py:175} INFO - Processing /home/tr/airflow/dags/dagPMLocal.py took 0.084 seconds
[2023-02-11T11:47:35.397+0100] {logging_mixin.py:137} INFO - [2023-02-11T11:47:35.397+0100] {settings.py:266} DEBUG - Setting up DB connection pool (PID 907)
[2023-02-11T11:47:35.409+0100] {processor.py:153} INFO - Started process (PID=907) to work on /home/tr/airflow/dags/dagPMLocal.py
[2023-02-11T11:47:35.409+0100] {processor.py:743} INFO - Processing file /home/tr/airflow/dags/dagPMLocal.py for tasks to queue
[2023-02-11T11:47:35.410+0100] {logging_mixin.py:137} INFO - [2023-02-11T11:47:35.410+0100] {dagbag.py:538} INFO - Filling up the DagBag from /home/tr/airflow/dags/dagPMLocal.py
[2023-02-11T11:47:35.410+0100] {logging_mixin.py:137} INFO - [2023-02-11T11:47:35.410+0100] {dagbag.py:323} DEBUG - Importing /home/tr/airflow/dags/dagPMLocal.py
[2023-02-11T11:47:35.419+0100] {logging_mixin.py:137} WARNING - /home/tr/.local/lib/python3.10/site-packages/airflow/models/baseoperator.py:394 RemovedInAirflow3Warning: provide_context is deprecated as of 2.0 and is no longer required
[2023-02-11T11:47:35.421+0100] {logging_mixin.py:137} INFO - [2023-02-11T11:47:35.421+0100] {dagbag.py:503} DEBUG - Loaded DAG <DAG: dagPMLocal>
[2023-02-11T11:47:35.422+0100] {processor.py:753} INFO - DAG(s) dict_keys(['dagPMLocal']) retrieved from /home/tr/airflow/dags/dagPMLocal.py
[2023-02-11T11:47:35.423+0100] {logging_mixin.py:137} INFO - [2023-02-11T11:47:35.422+0100] {dagbag.py:648} DEBUG - Running dagbag.sync_to_db with retries. Try 1 of 3
[2023-02-11T11:47:35.423+0100] {logging_mixin.py:137} INFO - [2023-02-11T11:47:35.423+0100] {dagbag.py:653} DEBUG - Calling the DAG.bulk_sync_to_db method
[2023-02-11T11:47:35.429+0100] {logging_mixin.py:137} INFO - [2023-02-11T11:47:35.429+0100] {serialized_dag.py:156} DEBUG - Checking if DAG (dagPMLocal) changed
[2023-02-11T11:47:35.441+0100] {logging_mixin.py:137} INFO - [2023-02-11T11:47:35.441+0100] {serialized_dag.py:167} DEBUG - Serialized DAG (dagPMLocal) is unchanged. Skipping writing to DB
[2023-02-11T11:47:35.442+0100] {logging_mixin.py:137} INFO - [2023-02-11T11:47:35.441+0100] {dag.py:2690} INFO - Sync 1 DAGs
[2023-02-11T11:47:35.456+0100] {logging_mixin.py:137} INFO - [2023-02-11T11:47:35.456+0100] {dag.py:3437} INFO - Setting next_dagrun for dagPMLocal to 2023-02-03T00:00:00+00:00, run_after=2023-02-04T00:00:00+00:00
[2023-02-11T11:47:35.484+0100] {processor.py:175} INFO - Processing /home/tr/airflow/dags/dagPMLocal.py took 0.087 seconds
[2023-02-11T11:48:07.257+0100] {logging_mixin.py:137} INFO - [2023-02-11T11:48:07.256+0100] {settings.py:266} DEBUG - Setting up DB connection pool (PID 941)
[2023-02-11T11:48:07.269+0100] {processor.py:153} INFO - Started process (PID=941) to work on /home/tr/airflow/dags/dagPMLocal.py
[2023-02-11T11:48:07.269+0100] {processor.py:743} INFO - Processing file /home/tr/airflow/dags/dagPMLocal.py for tasks to queue
[2023-02-11T11:48:07.270+0100] {logging_mixin.py:137} INFO - [2023-02-11T11:48:07.270+0100] {dagbag.py:538} INFO - Filling up the DagBag from /home/tr/airflow/dags/dagPMLocal.py
[2023-02-11T11:48:07.270+0100] {logging_mixin.py:137} INFO - [2023-02-11T11:48:07.270+0100] {dagbag.py:323} DEBUG - Importing /home/tr/airflow/dags/dagPMLocal.py
[2023-02-11T11:48:07.279+0100] {logging_mixin.py:137} WARNING - /home/tr/.local/lib/python3.10/site-packages/airflow/models/baseoperator.py:394 RemovedInAirflow3Warning: provide_context is deprecated as of 2.0 and is no longer required
[2023-02-11T11:48:07.281+0100] {logging_mixin.py:137} INFO - [2023-02-11T11:48:07.281+0100] {dagbag.py:503} DEBUG - Loaded DAG <DAG: dagPMLocal>
[2023-02-11T11:48:07.281+0100] {processor.py:753} INFO - DAG(s) dict_keys(['dagPMLocal']) retrieved from /home/tr/airflow/dags/dagPMLocal.py
[2023-02-11T11:48:07.283+0100] {logging_mixin.py:137} INFO - [2023-02-11T11:48:07.283+0100] {dagbag.py:648} DEBUG - Running dagbag.sync_to_db with retries. Try 1 of 3
[2023-02-11T11:48:07.284+0100] {logging_mixin.py:137} INFO - [2023-02-11T11:48:07.284+0100] {dagbag.py:653} DEBUG - Calling the DAG.bulk_sync_to_db method
[2023-02-11T11:48:07.290+0100] {logging_mixin.py:137} INFO - [2023-02-11T11:48:07.290+0100] {serialized_dag.py:156} DEBUG - Checking if DAG (dagPMLocal) changed
[2023-02-11T11:48:07.303+0100] {logging_mixin.py:137} INFO - [2023-02-11T11:48:07.303+0100] {serialized_dag.py:167} DEBUG - Serialized DAG (dagPMLocal) is unchanged. Skipping writing to DB
[2023-02-11T11:48:07.304+0100] {logging_mixin.py:137} INFO - [2023-02-11T11:48:07.304+0100] {dag.py:2690} INFO - Sync 1 DAGs
[2023-02-11T11:48:07.320+0100] {logging_mixin.py:137} INFO - [2023-02-11T11:48:07.320+0100] {dag.py:3437} INFO - Setting next_dagrun for dagPMLocal to 2023-02-03T00:00:00+00:00, run_after=2023-02-04T00:00:00+00:00
[2023-02-11T11:48:07.349+0100] {processor.py:175} INFO - Processing /home/tr/airflow/dags/dagPMLocal.py took 0.093 seconds
[2023-02-11T11:48:39.116+0100] {logging_mixin.py:137} INFO - [2023-02-11T11:48:39.116+0100] {settings.py:266} DEBUG - Setting up DB connection pool (PID 993)
[2023-02-11T11:48:39.121+0100] {processor.py:153} INFO - Started process (PID=993) to work on /home/tr/airflow/dags/dagPMLocal.py
[2023-02-11T11:48:39.121+0100] {processor.py:743} INFO - Processing file /home/tr/airflow/dags/dagPMLocal.py for tasks to queue
[2023-02-11T11:48:39.121+0100] {logging_mixin.py:137} INFO - [2023-02-11T11:48:39.121+0100] {dagbag.py:538} INFO - Filling up the DagBag from /home/tr/airflow/dags/dagPMLocal.py
[2023-02-11T11:48:39.122+0100] {logging_mixin.py:137} INFO - [2023-02-11T11:48:39.122+0100] {dagbag.py:323} DEBUG - Importing /home/tr/airflow/dags/dagPMLocal.py
[2023-02-11T11:48:39.130+0100] {logging_mixin.py:137} WARNING - /home/tr/.local/lib/python3.10/site-packages/airflow/models/baseoperator.py:394 RemovedInAirflow3Warning: provide_context is deprecated as of 2.0 and is no longer required
[2023-02-11T11:48:39.132+0100] {logging_mixin.py:137} INFO - [2023-02-11T11:48:39.131+0100] {dagbag.py:503} DEBUG - Loaded DAG <DAG: dagPMLocal>
[2023-02-11T11:48:39.132+0100] {processor.py:753} INFO - DAG(s) dict_keys(['dagPMLocal']) retrieved from /home/tr/airflow/dags/dagPMLocal.py
[2023-02-11T11:48:39.133+0100] {logging_mixin.py:137} INFO - [2023-02-11T11:48:39.133+0100] {dagbag.py:648} DEBUG - Running dagbag.sync_to_db with retries. Try 1 of 3
[2023-02-11T11:48:39.133+0100] {logging_mixin.py:137} INFO - [2023-02-11T11:48:39.133+0100] {dagbag.py:653} DEBUG - Calling the DAG.bulk_sync_to_db method
[2023-02-11T11:48:39.140+0100] {logging_mixin.py:137} INFO - [2023-02-11T11:48:39.140+0100] {serialized_dag.py:156} DEBUG - Checking if DAG (dagPMLocal) changed
[2023-02-11T11:48:39.153+0100] {logging_mixin.py:137} INFO - [2023-02-11T11:48:39.152+0100] {serialized_dag.py:167} DEBUG - Serialized DAG (dagPMLocal) is unchanged. Skipping writing to DB
[2023-02-11T11:48:39.153+0100] {logging_mixin.py:137} INFO - [2023-02-11T11:48:39.153+0100] {dag.py:2690} INFO - Sync 1 DAGs
[2023-02-11T11:48:39.169+0100] {logging_mixin.py:137} INFO - [2023-02-11T11:48:39.169+0100] {dag.py:3437} INFO - Setting next_dagrun for dagPMLocal to 2023-02-03T00:00:00+00:00, run_after=2023-02-04T00:00:00+00:00
[2023-02-11T11:48:39.193+0100] {processor.py:175} INFO - Processing /home/tr/airflow/dags/dagPMLocal.py took 0.077 seconds
[2023-02-11T11:49:10.569+0100] {logging_mixin.py:137} INFO - [2023-02-11T11:49:10.569+0100] {settings.py:266} DEBUG - Setting up DB connection pool (PID 1044)
[2023-02-11T11:49:10.581+0100] {processor.py:153} INFO - Started process (PID=1044) to work on /home/tr/airflow/dags/dagPMLocal.py
[2023-02-11T11:49:10.582+0100] {processor.py:743} INFO - Processing file /home/tr/airflow/dags/dagPMLocal.py for tasks to queue
[2023-02-11T11:49:10.582+0100] {logging_mixin.py:137} INFO - [2023-02-11T11:49:10.582+0100] {dagbag.py:538} INFO - Filling up the DagBag from /home/tr/airflow/dags/dagPMLocal.py
[2023-02-11T11:49:10.583+0100] {logging_mixin.py:137} INFO - [2023-02-11T11:49:10.583+0100] {dagbag.py:323} DEBUG - Importing /home/tr/airflow/dags/dagPMLocal.py
[2023-02-11T11:49:10.591+0100] {logging_mixin.py:137} WARNING - /home/tr/.local/lib/python3.10/site-packages/airflow/models/baseoperator.py:394 RemovedInAirflow3Warning: provide_context is deprecated as of 2.0 and is no longer required
[2023-02-11T11:49:10.593+0100] {logging_mixin.py:137} INFO - [2023-02-11T11:49:10.593+0100] {dagbag.py:503} DEBUG - Loaded DAG <DAG: dagPMLocal>
[2023-02-11T11:49:10.593+0100] {processor.py:753} INFO - DAG(s) dict_keys(['dagPMLocal']) retrieved from /home/tr/airflow/dags/dagPMLocal.py
[2023-02-11T11:49:10.594+0100] {logging_mixin.py:137} INFO - [2023-02-11T11:49:10.594+0100] {dagbag.py:648} DEBUG - Running dagbag.sync_to_db with retries. Try 1 of 3
[2023-02-11T11:49:10.594+0100] {logging_mixin.py:137} INFO - [2023-02-11T11:49:10.594+0100] {dagbag.py:653} DEBUG - Calling the DAG.bulk_sync_to_db method
[2023-02-11T11:49:10.601+0100] {logging_mixin.py:137} INFO - [2023-02-11T11:49:10.601+0100] {serialized_dag.py:156} DEBUG - Checking if DAG (dagPMLocal) changed
[2023-02-11T11:49:10.612+0100] {logging_mixin.py:137} INFO - [2023-02-11T11:49:10.612+0100] {serialized_dag.py:167} DEBUG - Serialized DAG (dagPMLocal) is unchanged. Skipping writing to DB
[2023-02-11T11:49:10.612+0100] {logging_mixin.py:137} INFO - [2023-02-11T11:49:10.612+0100] {dag.py:2690} INFO - Sync 1 DAGs
[2023-02-11T11:49:10.627+0100] {logging_mixin.py:137} INFO - [2023-02-11T11:49:10.627+0100] {dag.py:3437} INFO - Setting next_dagrun for dagPMLocal to 2023-02-03T00:00:00+00:00, run_after=2023-02-04T00:00:00+00:00
[2023-02-11T11:49:10.654+0100] {processor.py:175} INFO - Processing /home/tr/airflow/dags/dagPMLocal.py took 0.085 seconds
[2023-02-11T11:49:41.643+0100] {logging_mixin.py:137} INFO - [2023-02-11T11:49:41.643+0100] {settings.py:266} DEBUG - Setting up DB connection pool (PID 1078)
[2023-02-11T11:49:41.654+0100] {processor.py:153} INFO - Started process (PID=1078) to work on /home/tr/airflow/dags/dagPMLocal.py
[2023-02-11T11:49:41.655+0100] {processor.py:743} INFO - Processing file /home/tr/airflow/dags/dagPMLocal.py for tasks to queue
[2023-02-11T11:49:41.655+0100] {logging_mixin.py:137} INFO - [2023-02-11T11:49:41.655+0100] {dagbag.py:538} INFO - Filling up the DagBag from /home/tr/airflow/dags/dagPMLocal.py
[2023-02-11T11:49:41.656+0100] {logging_mixin.py:137} INFO - [2023-02-11T11:49:41.656+0100] {dagbag.py:323} DEBUG - Importing /home/tr/airflow/dags/dagPMLocal.py
[2023-02-11T11:49:41.664+0100] {logging_mixin.py:137} WARNING - /home/tr/.local/lib/python3.10/site-packages/airflow/models/baseoperator.py:394 RemovedInAirflow3Warning: provide_context is deprecated as of 2.0 and is no longer required
[2023-02-11T11:49:41.667+0100] {logging_mixin.py:137} INFO - [2023-02-11T11:49:41.666+0100] {dagbag.py:503} DEBUG - Loaded DAG <DAG: dagPMLocal>
[2023-02-11T11:49:41.667+0100] {processor.py:753} INFO - DAG(s) dict_keys(['dagPMLocal']) retrieved from /home/tr/airflow/dags/dagPMLocal.py
[2023-02-11T11:49:41.668+0100] {logging_mixin.py:137} INFO - [2023-02-11T11:49:41.668+0100] {dagbag.py:648} DEBUG - Running dagbag.sync_to_db with retries. Try 1 of 3
[2023-02-11T11:49:41.668+0100] {logging_mixin.py:137} INFO - [2023-02-11T11:49:41.668+0100] {dagbag.py:653} DEBUG - Calling the DAG.bulk_sync_to_db method
[2023-02-11T11:49:41.675+0100] {logging_mixin.py:137} INFO - [2023-02-11T11:49:41.675+0100] {serialized_dag.py:156} DEBUG - Checking if DAG (dagPMLocal) changed
[2023-02-11T11:49:41.692+0100] {logging_mixin.py:137} INFO - [2023-02-11T11:49:41.691+0100] {serialized_dag.py:167} DEBUG - Serialized DAG (dagPMLocal) is unchanged. Skipping writing to DB
[2023-02-11T11:49:41.697+0100] {logging_mixin.py:137} INFO - [2023-02-11T11:49:41.696+0100] {dag.py:2690} INFO - Sync 1 DAGs
[2023-02-11T11:49:41.718+0100] {logging_mixin.py:137} INFO - [2023-02-11T11:49:41.718+0100] {dag.py:3437} INFO - Setting next_dagrun for dagPMLocal to 2023-02-03T00:00:00+00:00, run_after=2023-02-04T00:00:00+00:00
[2023-02-11T11:49:41.749+0100] {processor.py:175} INFO - Processing /home/tr/airflow/dags/dagPMLocal.py took 0.106 seconds
