[2023-02-07T09:12:30.426+0100] {__init__.py:50} DEBUG - Loading core task runner: StandardTaskRunner
[2023-02-07T09:12:30.437+0100] {taskinstance.py:1017} DEBUG - previous_execution_date was called
[2023-02-07T09:12:30.439+0100] {base_task_runner.py:69} DEBUG - Planning to run as the  user
[2023-02-07T09:12:30.442+0100] {taskinstance.py:769} DEBUG - Refreshing TaskInstance <TaskInstance: dagProcessusMetier.top_hashtags scheduled__2023-02-05T00:00:00+00:00 [queued]> from DB
[2023-02-07T09:12:30.450+0100] {taskinstance.py:1093} DEBUG - <TaskInstance: dagProcessusMetier.top_hashtags scheduled__2023-02-05T00:00:00+00:00 [queued]> dependency 'Not In Retry Period' PASSED: True, The task instance was not marked for retrying.
[2023-02-07T09:12:30.454+0100] {taskinstance.py:1093} DEBUG - <TaskInstance: dagProcessusMetier.top_hashtags scheduled__2023-02-05T00:00:00+00:00 [queued]> dependency 'Previous Dagrun State' PASSED: True, The task did not have depends_on_past set.
[2023-02-07T09:12:30.454+0100] {taskinstance.py:1093} DEBUG - <TaskInstance: dagProcessusMetier.top_hashtags scheduled__2023-02-05T00:00:00+00:00 [queued]> dependency 'Task Instance Not Running' PASSED: True, Task is not in running state.
[2023-02-07T09:12:30.454+0100] {taskinstance.py:1093} DEBUG - <TaskInstance: dagProcessusMetier.top_hashtags scheduled__2023-02-05T00:00:00+00:00 [queued]> dependency 'Trigger Rule' PASSED: True, The task instance did not have any upstream tasks.
[2023-02-07T09:12:30.454+0100] {taskinstance.py:1093} DEBUG - <TaskInstance: dagProcessusMetier.top_hashtags scheduled__2023-02-05T00:00:00+00:00 [queued]> dependency 'Task Instance State' PASSED: True, Task state queued was valid.
[2023-02-07T09:12:30.454+0100] {taskinstance.py:1083} INFO - Dependencies all met for <TaskInstance: dagProcessusMetier.top_hashtags scheduled__2023-02-05T00:00:00+00:00 [queued]>
[2023-02-07T09:12:30.454+0100] {taskinstance.py:1093} DEBUG - <TaskInstance: dagProcessusMetier.top_hashtags scheduled__2023-02-05T00:00:00+00:00 [queued]> dependency 'Not In Retry Period' PASSED: True, The task instance was not marked for retrying.
[2023-02-07T09:12:30.454+0100] {taskinstance.py:1093} DEBUG - <TaskInstance: dagProcessusMetier.top_hashtags scheduled__2023-02-05T00:00:00+00:00 [queued]> dependency 'Previous Dagrun State' PASSED: True, The task did not have depends_on_past set.
[2023-02-07T09:12:30.459+0100] {taskinstance.py:1093} DEBUG - <TaskInstance: dagProcessusMetier.top_hashtags scheduled__2023-02-05T00:00:00+00:00 [queued]> dependency 'Pool Slots Available' PASSED: True, There are enough open slots in default_pool to execute the task
[2023-02-07T09:12:30.460+0100] {taskinstance.py:1093} DEBUG - <TaskInstance: dagProcessusMetier.top_hashtags scheduled__2023-02-05T00:00:00+00:00 [queued]> dependency 'Trigger Rule' PASSED: True, The task instance did not have any upstream tasks.
[2023-02-07T09:12:30.460+0100] {taskinstance.py:1093} DEBUG - <TaskInstance: dagProcessusMetier.top_hashtags scheduled__2023-02-05T00:00:00+00:00 [queued]> dependency 'Task Concurrency' PASSED: True, Task concurrency is not set.
[2023-02-07T09:12:30.460+0100] {taskinstance.py:1083} INFO - Dependencies all met for <TaskInstance: dagProcessusMetier.top_hashtags scheduled__2023-02-05T00:00:00+00:00 [queued]>
[2023-02-07T09:12:30.460+0100] {taskinstance.py:1279} INFO - 
--------------------------------------------------------------------------------
[2023-02-07T09:12:30.460+0100] {taskinstance.py:1280} INFO - Starting attempt 1 of 2
[2023-02-07T09:12:30.460+0100] {taskinstance.py:1281} INFO - 
--------------------------------------------------------------------------------
[2023-02-07T09:12:30.477+0100] {taskinstance.py:1300} INFO - Executing <Task(PythonOperator): top_hashtags> on 2023-02-05 00:00:00+00:00
[2023-02-07T09:12:30.480+0100] {standard_task_runner.py:55} INFO - Started process 667 to run task
[2023-02-07T09:12:30.481+0100] {standard_task_runner.py:82} INFO - Running: ['airflow', 'tasks', 'run', 'dagProcessusMetier', 'top_hashtags', 'scheduled__2023-02-05T00:00:00+00:00', '--job-id', '2584', '--raw', '--subdir', 'DAGS_FOLDER/dagProcessusMetier.py', '--cfg-path', '/tmp/tmpglvp2rcb']
[2023-02-07T09:12:30.482+0100] {standard_task_runner.py:83} INFO - Job 2584: Subtask top_hashtags
[2023-02-07T09:12:30.482+0100] {cli_action_loggers.py:65} DEBUG - Calling callbacks: [<function default_action_log at 0x7f5e54754790>]
[2023-02-07T09:12:30.494+0100] {settings.py:407} DEBUG - Disposing DB connection pool (PID 667)
[2023-02-07T09:12:30.494+0100] {settings.py:266} DEBUG - Setting up DB connection pool (PID 667)
[2023-02-07T09:12:30.495+0100] {settings.py:339} DEBUG - settings.prepare_engine_args(): Using NullPool
[2023-02-07T09:12:30.517+0100] {taskinstance.py:1017} DEBUG - previous_execution_date was called
[2023-02-07T09:12:30.519+0100] {task_command.py:388} INFO - Running <TaskInstance: dagProcessusMetier.top_hashtags scheduled__2023-02-05T00:00:00+00:00 [running]> on host TR.
[2023-02-07T09:12:30.520+0100] {taskinstance.py:769} DEBUG - Refreshing TaskInstance <TaskInstance: dagProcessusMetier.top_hashtags scheduled__2023-02-05T00:00:00+00:00 [running]> from DB
[2023-02-07T09:12:30.538+0100] {taskinstance.py:1017} DEBUG - previous_execution_date was called
[2023-02-07T09:12:30.540+0100] {taskinstance.py:848} DEBUG - Clearing XCom data
[2023-02-07T09:12:30.571+0100] {retries.py:80} DEBUG - Running RenderedTaskInstanceFields._do_delete_old_records with retries. Try 1 of 3
[2023-02-07T09:12:30.576+0100] {taskinstance.py:1507} INFO - Exporting the following env vars:
AIRFLOW_CTX_DAG_OWNER=thomas
AIRFLOW_CTX_DAG_ID=dagProcessusMetier
AIRFLOW_CTX_TASK_ID=top_hashtags
AIRFLOW_CTX_EXECUTION_DATE=2023-02-05T00:00:00+00:00
AIRFLOW_CTX_TRY_NUMBER=1
AIRFLOW_CTX_DAG_RUN_ID=scheduled__2023-02-05T00:00:00+00:00
[2023-02-07T09:12:30.577+0100] {__init__.py:117} DEBUG - Preparing lineage inlets and outlets
[2023-02-07T09:12:30.577+0100] {__init__.py:155} DEBUG - inlets: [], outlets: []
[2023-02-07T09:12:35.508+0100] {taskinstance.py:769} DEBUG - Refreshing TaskInstance <TaskInstance: dagProcessusMetier.top_hashtags scheduled__2023-02-05T00:00:00+00:00 [running]> from DB
[2023-02-07T09:12:35.512+0100] {base_job.py:240} DEBUG - [heartbeat]
[2023-02-07T09:12:40.546+0100] {taskinstance.py:769} DEBUG - Refreshing TaskInstance <TaskInstance: dagProcessusMetier.top_hashtags scheduled__2023-02-05T00:00:00+00:00 [running]> from DB
[2023-02-07T09:12:40.549+0100] {base_job.py:240} DEBUG - [heartbeat]
[2023-02-07T09:12:45.587+0100] {taskinstance.py:769} DEBUG - Refreshing TaskInstance <TaskInstance: dagProcessusMetier.top_hashtags scheduled__2023-02-05T00:00:00+00:00 [running]> from DB
[2023-02-07T09:12:45.590+0100] {base_job.py:240} DEBUG - [heartbeat]
[2023-02-07T09:12:50.631+0100] {taskinstance.py:769} DEBUG - Refreshing TaskInstance <TaskInstance: dagProcessusMetier.top_hashtags scheduled__2023-02-05T00:00:00+00:00 [running]> from DB
[2023-02-07T09:12:50.634+0100] {base_job.py:240} DEBUG - [heartbeat]
[2023-02-07T09:12:55.682+0100] {taskinstance.py:769} DEBUG - Refreshing TaskInstance <TaskInstance: dagProcessusMetier.top_hashtags scheduled__2023-02-05T00:00:00+00:00 [running]> from DB
[2023-02-07T09:12:55.684+0100] {base_job.py:240} DEBUG - [heartbeat]
[2023-02-07T09:13:00.719+0100] {taskinstance.py:769} DEBUG - Refreshing TaskInstance <TaskInstance: dagProcessusMetier.top_hashtags scheduled__2023-02-05T00:00:00+00:00 [running]> from DB
[2023-02-07T09:13:00.721+0100] {base_job.py:240} DEBUG - [heartbeat]
[2023-02-07T09:13:05.760+0100] {taskinstance.py:769} DEBUG - Refreshing TaskInstance <TaskInstance: dagProcessusMetier.top_hashtags scheduled__2023-02-05T00:00:00+00:00 [running]> from DB
[2023-02-07T09:13:05.764+0100] {base_job.py:240} DEBUG - [heartbeat]
[2023-02-07T09:13:10.809+0100] {taskinstance.py:769} DEBUG - Refreshing TaskInstance <TaskInstance: dagProcessusMetier.top_hashtags scheduled__2023-02-05T00:00:00+00:00 [running]> from DB
[2023-02-07T09:13:10.812+0100] {base_job.py:240} DEBUG - [heartbeat]
[2023-02-07T09:13:15.852+0100] {taskinstance.py:769} DEBUG - Refreshing TaskInstance <TaskInstance: dagProcessusMetier.top_hashtags scheduled__2023-02-05T00:00:00+00:00 [running]> from DB
[2023-02-07T09:13:15.855+0100] {base_job.py:240} DEBUG - [heartbeat]
[2023-02-07T09:13:20.892+0100] {taskinstance.py:769} DEBUG - Refreshing TaskInstance <TaskInstance: dagProcessusMetier.top_hashtags scheduled__2023-02-05T00:00:00+00:00 [running]> from DB
[2023-02-07T09:13:20.894+0100] {base_job.py:240} DEBUG - [heartbeat]
[2023-02-07T09:13:25.935+0100] {taskinstance.py:769} DEBUG - Refreshing TaskInstance <TaskInstance: dagProcessusMetier.top_hashtags scheduled__2023-02-05T00:00:00+00:00 [running]> from DB
[2023-02-07T09:13:25.938+0100] {base_job.py:240} DEBUG - [heartbeat]
[2023-02-07T09:13:30.975+0100] {taskinstance.py:769} DEBUG - Refreshing TaskInstance <TaskInstance: dagProcessusMetier.top_hashtags scheduled__2023-02-05T00:00:00+00:00 [running]> from DB
[2023-02-07T09:13:30.978+0100] {base_job.py:240} DEBUG - [heartbeat]
[2023-02-07T09:13:36.018+0100] {taskinstance.py:769} DEBUG - Refreshing TaskInstance <TaskInstance: dagProcessusMetier.top_hashtags scheduled__2023-02-05T00:00:00+00:00 [running]> from DB
[2023-02-07T09:13:36.021+0100] {base_job.py:240} DEBUG - [heartbeat]
[2023-02-07T09:13:41.063+0100] {taskinstance.py:769} DEBUG - Refreshing TaskInstance <TaskInstance: dagProcessusMetier.top_hashtags scheduled__2023-02-05T00:00:00+00:00 [running]> from DB
[2023-02-07T09:13:41.066+0100] {base_job.py:240} DEBUG - [heartbeat]
[2023-02-07T09:13:46.101+0100] {taskinstance.py:769} DEBUG - Refreshing TaskInstance <TaskInstance: dagProcessusMetier.top_hashtags scheduled__2023-02-05T00:00:00+00:00 [running]> from DB
[2023-02-07T09:13:46.105+0100] {base_job.py:240} DEBUG - [heartbeat]
[2023-02-07T09:13:51.146+0100] {taskinstance.py:769} DEBUG - Refreshing TaskInstance <TaskInstance: dagProcessusMetier.top_hashtags scheduled__2023-02-05T00:00:00+00:00 [running]> from DB
[2023-02-07T09:13:51.149+0100] {base_job.py:240} DEBUG - [heartbeat]
[2023-02-07T09:13:56.187+0100] {taskinstance.py:769} DEBUG - Refreshing TaskInstance <TaskInstance: dagProcessusMetier.top_hashtags scheduled__2023-02-05T00:00:00+00:00 [running]> from DB
[2023-02-07T09:13:56.189+0100] {base_job.py:240} DEBUG - [heartbeat]
[2023-02-07T09:14:01.229+0100] {taskinstance.py:769} DEBUG - Refreshing TaskInstance <TaskInstance: dagProcessusMetier.top_hashtags scheduled__2023-02-05T00:00:00+00:00 [running]> from DB
[2023-02-07T09:14:01.233+0100] {base_job.py:240} DEBUG - [heartbeat]
[2023-02-07T09:14:06.274+0100] {taskinstance.py:769} DEBUG - Refreshing TaskInstance <TaskInstance: dagProcessusMetier.top_hashtags scheduled__2023-02-05T00:00:00+00:00 [running]> from DB
[2023-02-07T09:14:06.277+0100] {base_job.py:240} DEBUG - [heartbeat]
[2023-02-07T09:14:11.320+0100] {taskinstance.py:769} DEBUG - Refreshing TaskInstance <TaskInstance: dagProcessusMetier.top_hashtags scheduled__2023-02-05T00:00:00+00:00 [running]> from DB
[2023-02-07T09:14:11.323+0100] {base_job.py:240} DEBUG - [heartbeat]
[2023-02-07T09:14:16.357+0100] {taskinstance.py:769} DEBUG - Refreshing TaskInstance <TaskInstance: dagProcessusMetier.top_hashtags scheduled__2023-02-05T00:00:00+00:00 [running]> from DB
[2023-02-07T09:14:16.360+0100] {base_job.py:240} DEBUG - [heartbeat]
[2023-02-07T09:14:21.400+0100] {taskinstance.py:769} DEBUG - Refreshing TaskInstance <TaskInstance: dagProcessusMetier.top_hashtags scheduled__2023-02-05T00:00:00+00:00 [running]> from DB
[2023-02-07T09:14:21.403+0100] {base_job.py:240} DEBUG - [heartbeat]
[2023-02-07T09:14:26.432+0100] {taskinstance.py:769} DEBUG - Refreshing TaskInstance <TaskInstance: dagProcessusMetier.top_hashtags scheduled__2023-02-05T00:00:00+00:00 [running]> from DB
[2023-02-07T09:14:26.435+0100] {base_job.py:240} DEBUG - [heartbeat]
[2023-02-07T09:14:31.470+0100] {taskinstance.py:769} DEBUG - Refreshing TaskInstance <TaskInstance: dagProcessusMetier.top_hashtags scheduled__2023-02-05T00:00:00+00:00 [running]> from DB
[2023-02-07T09:14:31.473+0100] {base_job.py:240} DEBUG - [heartbeat]
[2023-02-07T09:14:36.503+0100] {taskinstance.py:769} DEBUG - Refreshing TaskInstance <TaskInstance: dagProcessusMetier.top_hashtags scheduled__2023-02-05T00:00:00+00:00 [running]> from DB
[2023-02-07T09:14:36.505+0100] {base_job.py:240} DEBUG - [heartbeat]
[2023-02-07T09:14:41.543+0100] {taskinstance.py:769} DEBUG - Refreshing TaskInstance <TaskInstance: dagProcessusMetier.top_hashtags scheduled__2023-02-05T00:00:00+00:00 [running]> from DB
[2023-02-07T09:14:41.545+0100] {base_job.py:240} DEBUG - [heartbeat]
[2023-02-07T09:14:42.728+0100] {taskinstance.py:1768} ERROR - Task failed with exception
Traceback (most recent call last):
  File "/home/tr/.local/lib/python3.10/site-packages/airflow/operators/python.py", line 175, in execute
    return_value = self.execute_callable()
  File "/home/tr/.local/lib/python3.10/site-packages/airflow/operators/python.py", line 192, in execute_callable
    return self.python_callable(*self.op_args, **self.op_kwargs)
  File "/home/tr/airflow/dags/dagProcessusMetier.py", line 277, in top_hashtags
    conn = psycopg2.connect(
  File "/home/tr/.local/lib/python3.10/site-packages/psycopg2/__init__.py", line 122, in connect
    conn = _connect(dsn, connection_factory=connection_factory, **kwasync)
psycopg2.OperationalError: connection to server at "kandula.db.elephantsql.com" (54.171.46.32), port 5432 failed: Connection timed out
	Is the server running on that host and accepting TCP/IP connections?

[2023-02-07T09:14:42.739+0100] {taskinstance.py:769} DEBUG - Refreshing TaskInstance <TaskInstance: dagProcessusMetier.top_hashtags scheduled__2023-02-05T00:00:00+00:00 [running]> from DB
[2023-02-07T09:14:42.742+0100] {taskinstance.py:2241} DEBUG - Task Duration set to 132.28759
[2023-02-07T09:14:42.743+0100] {taskinstance.py:1329} DEBUG - Clearing next_method and next_kwargs.
[2023-02-07T09:14:42.743+0100] {taskinstance.py:1318} INFO - Marking task as UP_FOR_RETRY. dag_id=dagProcessusMetier, task_id=top_hashtags, execution_date=20230205T000000, start_date=20230207T081230, end_date=20230207T081442
[2023-02-07T09:14:42.759+0100] {cli_action_loggers.py:83} DEBUG - Calling callbacks: []
[2023-02-07T09:14:42.759+0100] {standard_task_runner.py:100} ERROR - Failed to execute job 2584 for task top_hashtags (connection to server at "kandula.db.elephantsql.com" (54.171.46.32), port 5432 failed: Connection timed out
	Is the server running on that host and accepting TCP/IP connections?
; 667)
[2023-02-07T09:14:42.772+0100] {local_task_job.py:208} INFO - Task exited with return code 1
[2023-02-07T09:14:42.781+0100] {dagrun.py:688} DEBUG - number of tis tasks for <DagRun dagProcessusMetier @ 2023-02-05 00:00:00+00:00: scheduled__2023-02-05T00:00:00+00:00, state:running, queued_at: 2023-02-07 08:08:13.813279+00:00. externally triggered: False>: 0 task(s)
[2023-02-07T09:14:42.782+0100] {taskinstance.py:2578} INFO - 0 downstream tasks scheduled from follow-on schedule check
